INFO - 2025-12-18 12:21:02 - chia_rep.py:458 - Loading GM12878_rnapii_chiapet_rep1 ...
INFO - 2025-12-18 12:21:02 - BedGraph.py:59 - Assuming bedgraph file
INFO - 2025-12-18 12:21:02 - BedGraph.py:69 - Reading in hg38.chrom.sizes ...
INFO - 2025-12-18 12:21:02 - BedGraph.py:87 - Reading in /nfs/turbo/umms-minjilab/sionkim/chia_rep_simlinks/GM12878_rnapii_chiapet_rep1_cov_ENCFF621IJG.bedgraph ...
INFO - 2025-12-18 12:21:02 - Chrom_Data.py:68 - Reading in chr1 ...
INFO - 2025-12-18 12:21:10 - Chrom_Data.py:68 - Reading in chr10 ...
INFO - 2025-12-18 12:21:14 - Chrom_Data.py:68 - Reading in chr11 ...
INFO - 2025-12-18 12:21:18 - Chrom_Data.py:68 - Reading in chr12 ...
INFO - 2025-12-18 12:21:23 - Chrom_Data.py:68 - Reading in chr13 ...
INFO - 2025-12-18 12:21:25 - Chrom_Data.py:68 - Reading in chr14 ...
INFO - 2025-12-18 12:21:28 - Chrom_Data.py:68 - Reading in chr15 ...
INFO - 2025-12-18 12:21:31 - Chrom_Data.py:68 - Reading in chr16 ...
INFO - 2025-12-18 12:21:33 - Chrom_Data.py:68 - Reading in chr17 ...
INFO - 2025-12-18 12:21:37 - Chrom_Data.py:68 - Reading in chr18 ...
INFO - 2025-12-18 12:21:39 - Chrom_Data.py:68 - Reading in chr19 ...
INFO - 2025-12-18 12:21:41 - Chrom_Data.py:68 - Reading in chr2 ...
INFO - 2025-12-18 12:21:48 - Chrom_Data.py:68 - Reading in chr20 ...
INFO - 2025-12-18 12:21:50 - Chrom_Data.py:68 - Reading in chr21 ...
INFO - 2025-12-18 12:21:51 - Chrom_Data.py:68 - Reading in chr22 ...
INFO - 2025-12-18 12:21:52 - Chrom_Data.py:68 - Reading in chr3 ...
INFO - 2025-12-18 12:21:58 - Chrom_Data.py:68 - Reading in chr4 ...
INFO - 2025-12-18 12:22:03 - Chrom_Data.py:68 - Reading in chr5 ...
INFO - 2025-12-18 12:22:08 - Chrom_Data.py:68 - Reading in chr6 ...
INFO - 2025-12-18 12:22:14 - Chrom_Data.py:68 - Reading in chr7 ...
INFO - 2025-12-18 12:22:19 - Chrom_Data.py:68 - Reading in chr8 ...
INFO - 2025-12-18 12:22:23 - Chrom_Data.py:68 - Reading in chr9 ...
INFO - 2025-12-18 12:22:26 - Chrom_Data.py:68 - Reading in chrM ...
INFO - 2025-12-18 12:22:26 - Chrom_Data.py:68 - Reading in chrX ...
INFO - 2025-12-18 12:22:29 - Chrom_Data.py:68 - Reading in chrY ...
INFO - 2025-12-18 12:22:29 - genome_bin_data.py:338 - Chromosomes detected in /nfs/turbo/umms-minjilab/sionkim/chia_rep_simlinks/GM12878_rnapii_chiapet_rep1_contact_ENCFF791SUY.hic: ['ALL', '1', '2', '3', '4', '5', '6', '7', '8', '9', '10', '11', '12', '13', '14', '15', '16', '17', '18', '19', '20', '21', '22', 'X', 'Y', 'M']
INFO - 2025-12-18 12:22:29 - Chrom_Data.py:209 - Loading chr1 ...
INFO - 2025-12-18 12:22:30 - genome_bin_data.py:388 - Chromosome chr1 node weights shape (MxN): (99, 500)
INFO - 2025-12-18 12:22:30 - Chrom_Data.py:230 - Freed memory for chr1's index_list
WARNING - 2025-12-18 12:22:31 - genome_bin_data.py:515 - No Hi-C data found in chr1 for window 51 (127500000-132500000)
WARNING - 2025-12-18 12:22:31 - genome_bin_data.py:515 - No Hi-C data found in chr1 for window 52 (130000000-135000000)
WARNING - 2025-12-18 12:22:31 - genome_bin_data.py:515 - No Hi-C data found in chr1 for window 53 (132500000-137500000)
WARNING - 2025-12-18 12:22:31 - genome_bin_data.py:515 - No Hi-C data found in chr1 for window 54 (135000000-140000000)
WARNING - 2025-12-18 12:22:31 - genome_bin_data.py:515 - No Hi-C data found in chr1 for window 55 (137500000-142500000)
INFO - 2025-12-18 12:22:32 - genome_bin_data.py:538 - Chromosome chr1 adjacency matrices shape (MxNxN): (99, 500, 500)
INFO - 2025-12-18 12:22:32 - Chrom_Data.py:209 - Loading chr2 ...
INFO - 2025-12-18 12:22:33 - genome_bin_data.py:388 - Chromosome chr2 node weights shape (MxN): (96, 500)
INFO - 2025-12-18 12:22:33 - Chrom_Data.py:230 - Freed memory for chr2's index_list
INFO - 2025-12-18 12:22:35 - genome_bin_data.py:538 - Chromosome chr2 adjacency matrices shape (MxNxN): (96, 500, 500)
INFO - 2025-12-18 12:22:36 - Chrom_Data.py:209 - Loading chr3 ...
INFO - 2025-12-18 12:22:36 - genome_bin_data.py:388 - Chromosome chr3 node weights shape (MxN): (79, 500)
INFO - 2025-12-18 12:22:36 - Chrom_Data.py:230 - Freed memory for chr3's index_list
INFO - 2025-12-18 12:22:38 - genome_bin_data.py:538 - Chromosome chr3 adjacency matrices shape (MxNxN): (79, 500, 500)
INFO - 2025-12-18 12:22:39 - Chrom_Data.py:209 - Loading chr4 ...
INFO - 2025-12-18 12:22:39 - genome_bin_data.py:388 - Chromosome chr4 node weights shape (MxN): (76, 500)
INFO - 2025-12-18 12:22:39 - Chrom_Data.py:230 - Freed memory for chr4's index_list
INFO - 2025-12-18 12:22:41 - genome_bin_data.py:538 - Chromosome chr4 adjacency matrices shape (MxNxN): (76, 500, 500)
INFO - 2025-12-18 12:22:41 - Chrom_Data.py:209 - Loading chr5 ...
INFO - 2025-12-18 12:22:42 - genome_bin_data.py:388 - Chromosome chr5 node weights shape (MxN): (72, 500)
INFO - 2025-12-18 12:22:42 - Chrom_Data.py:230 - Freed memory for chr5's index_list
INFO - 2025-12-18 12:22:43 - genome_bin_data.py:538 - Chromosome chr5 adjacency matrices shape (MxNxN): (72, 500, 500)
INFO - 2025-12-18 12:22:44 - Chrom_Data.py:209 - Loading chr6 ...
INFO - 2025-12-18 12:22:44 - genome_bin_data.py:388 - Chromosome chr6 node weights shape (MxN): (68, 500)
INFO - 2025-12-18 12:22:44 - Chrom_Data.py:230 - Freed memory for chr6's index_list
INFO - 2025-12-18 12:22:46 - genome_bin_data.py:538 - Chromosome chr6 adjacency matrices shape (MxNxN): (68, 500, 500)
INFO - 2025-12-18 12:22:46 - Chrom_Data.py:209 - Loading chr7 ...
INFO - 2025-12-18 12:22:47 - genome_bin_data.py:388 - Chromosome chr7 node weights shape (MxN): (63, 500)
INFO - 2025-12-18 12:22:47 - Chrom_Data.py:230 - Freed memory for chr7's index_list
INFO - 2025-12-18 12:22:48 - genome_bin_data.py:538 - Chromosome chr7 adjacency matrices shape (MxNxN): (63, 500, 500)
INFO - 2025-12-18 12:22:48 - Chrom_Data.py:209 - Loading chrX ...
INFO - 2025-12-18 12:22:49 - genome_bin_data.py:388 - Chromosome chrX node weights shape (MxN): (62, 500)
INFO - 2025-12-18 12:22:49 - Chrom_Data.py:230 - Freed memory for chrX's index_list
INFO - 2025-12-18 12:22:50 - genome_bin_data.py:538 - Chromosome chrX adjacency matrices shape (MxNxN): (62, 500, 500)
INFO - 2025-12-18 12:22:50 - Chrom_Data.py:209 - Loading chr8 ...
INFO - 2025-12-18 12:22:51 - genome_bin_data.py:388 - Chromosome chr8 node weights shape (MxN): (58, 500)
INFO - 2025-12-18 12:22:51 - Chrom_Data.py:230 - Freed memory for chr8's index_list
INFO - 2025-12-18 12:22:52 - genome_bin_data.py:538 - Chromosome chr8 adjacency matrices shape (MxNxN): (58, 500, 500)
INFO - 2025-12-18 12:22:52 - Chrom_Data.py:209 - Loading chr9 ...
INFO - 2025-12-18 12:22:53 - genome_bin_data.py:388 - Chromosome chr9 node weights shape (MxN): (55, 500)
INFO - 2025-12-18 12:22:53 - Chrom_Data.py:230 - Freed memory for chr9's index_list
WARNING - 2025-12-18 12:22:53 - genome_bin_data.py:515 - No Hi-C data found in chr9 for window 18 (45000000-50000000)
WARNING - 2025-12-18 12:22:53 - genome_bin_data.py:515 - No Hi-C data found in chr9 for window 19 (47500000-52500000)
WARNING - 2025-12-18 12:22:53 - genome_bin_data.py:515 - No Hi-C data found in chr9 for window 20 (50000000-55000000)
WARNING - 2025-12-18 12:22:53 - genome_bin_data.py:515 - No Hi-C data found in chr9 for window 21 (52500000-57500000)
WARNING - 2025-12-18 12:22:53 - genome_bin_data.py:515 - No Hi-C data found in chr9 for window 22 (55000000-60000000)
INFO - 2025-12-18 12:22:54 - genome_bin_data.py:538 - Chromosome chr9 adjacency matrices shape (MxNxN): (55, 500, 500)
INFO - 2025-12-18 12:22:54 - Chrom_Data.py:209 - Loading chr11 ...
INFO - 2025-12-18 12:22:54 - genome_bin_data.py:388 - Chromosome chr11 node weights shape (MxN): (54, 500)
INFO - 2025-12-18 12:22:55 - Chrom_Data.py:230 - Freed memory for chr11's index_list
INFO - 2025-12-18 12:22:56 - genome_bin_data.py:538 - Chromosome chr11 adjacency matrices shape (MxNxN): (54, 500, 500)
INFO - 2025-12-18 12:22:56 - Chrom_Data.py:209 - Loading chr10 ...
INFO - 2025-12-18 12:22:56 - genome_bin_data.py:388 - Chromosome chr10 node weights shape (MxN): (53, 500)
INFO - 2025-12-18 12:22:56 - Chrom_Data.py:230 - Freed memory for chr10's index_list
INFO - 2025-12-18 12:22:57 - genome_bin_data.py:538 - Chromosome chr10 adjacency matrices shape (MxNxN): (53, 500, 500)
INFO - 2025-12-18 12:22:58 - Chrom_Data.py:209 - Loading chr12 ...
INFO - 2025-12-18 12:22:58 - genome_bin_data.py:388 - Chromosome chr12 node weights shape (MxN): (53, 500)
INFO - 2025-12-18 12:22:58 - Chrom_Data.py:230 - Freed memory for chr12's index_list
INFO - 2025-12-18 12:22:59 - genome_bin_data.py:538 - Chromosome chr12 adjacency matrices shape (MxNxN): (53, 500, 500)
INFO - 2025-12-18 12:22:59 - Chrom_Data.py:209 - Loading chr13 ...
INFO - 2025-12-18 12:23:00 - genome_bin_data.py:388 - Chromosome chr13 node weights shape (MxN): (45, 500)
INFO - 2025-12-18 12:23:00 - Chrom_Data.py:230 - Freed memory for chr13's index_list
WARNING - 2025-12-18 12:23:00 - genome_bin_data.py:515 - No Hi-C data found in chr13 for window 0 (0-5000000)
WARNING - 2025-12-18 12:23:00 - genome_bin_data.py:515 - No Hi-C data found in chr13 for window 1 (2500000-7500000)
WARNING - 2025-12-18 12:23:00 - genome_bin_data.py:515 - No Hi-C data found in chr13 for window 2 (5000000-10000000)
WARNING - 2025-12-18 12:23:00 - genome_bin_data.py:515 - No Hi-C data found in chr13 for window 3 (7500000-12500000)
WARNING - 2025-12-18 12:23:00 - genome_bin_data.py:515 - No Hi-C data found in chr13 for window 4 (10000000-15000000)
WARNING - 2025-12-18 12:23:00 - genome_bin_data.py:515 - No Hi-C data found in chr13 for window 5 (12500000-17500000)
INFO - 2025-12-18 12:23:01 - genome_bin_data.py:538 - Chromosome chr13 adjacency matrices shape (MxNxN): (45, 500, 500)
INFO - 2025-12-18 12:23:01 - Chrom_Data.py:209 - Loading chr14 ...
INFO - 2025-12-18 12:23:01 - genome_bin_data.py:388 - Chromosome chr14 node weights shape (MxN): (42, 500)
INFO - 2025-12-18 12:23:01 - Chrom_Data.py:230 - Freed memory for chr14's index_list
WARNING - 2025-12-18 12:23:01 - genome_bin_data.py:515 - No Hi-C data found in chr14 for window 0 (0-5000000)
WARNING - 2025-12-18 12:23:01 - genome_bin_data.py:515 - No Hi-C data found in chr14 for window 1 (2500000-7500000)
WARNING - 2025-12-18 12:23:01 - genome_bin_data.py:515 - No Hi-C data found in chr14 for window 2 (5000000-10000000)
WARNING - 2025-12-18 12:23:01 - genome_bin_data.py:515 - No Hi-C data found in chr14 for window 3 (7500000-12500000)
WARNING - 2025-12-18 12:23:01 - genome_bin_data.py:515 - No Hi-C data found in chr14 for window 4 (10000000-15000000)
WARNING - 2025-12-18 12:23:01 - genome_bin_data.py:515 - No Hi-C data found in chr14 for window 5 (12500000-17500000)
INFO - 2025-12-18 12:23:02 - genome_bin_data.py:538 - Chromosome chr14 adjacency matrices shape (MxNxN): (42, 500, 500)
INFO - 2025-12-18 12:23:02 - Chrom_Data.py:209 - Loading chr15 ...
INFO - 2025-12-18 12:23:03 - genome_bin_data.py:388 - Chromosome chr15 node weights shape (MxN): (40, 500)
INFO - 2025-12-18 12:23:03 - Chrom_Data.py:230 - Freed memory for chr15's index_list
WARNING - 2025-12-18 12:23:03 - genome_bin_data.py:515 - No Hi-C data found in chr15 for window 0 (0-5000000)
WARNING - 2025-12-18 12:23:03 - genome_bin_data.py:515 - No Hi-C data found in chr15 for window 1 (2500000-7500000)
WARNING - 2025-12-18 12:23:03 - genome_bin_data.py:515 - No Hi-C data found in chr15 for window 2 (5000000-10000000)
WARNING - 2025-12-18 12:23:03 - genome_bin_data.py:515 - No Hi-C data found in chr15 for window 3 (7500000-12500000)
WARNING - 2025-12-18 12:23:03 - genome_bin_data.py:515 - No Hi-C data found in chr15 for window 4 (10000000-15000000)
INFO - 2025-12-18 12:23:03 - genome_bin_data.py:538 - Chromosome chr15 adjacency matrices shape (MxNxN): (40, 500, 500)
INFO - 2025-12-18 12:23:03 - Chrom_Data.py:209 - Loading chr16 ...
INFO - 2025-12-18 12:23:04 - genome_bin_data.py:388 - Chromosome chr16 node weights shape (MxN): (36, 500)
INFO - 2025-12-18 12:23:04 - Chrom_Data.py:230 - Freed memory for chr16's index_list
WARNING - 2025-12-18 12:23:04 - genome_bin_data.py:515 - No Hi-C data found in chr16 for window 15 (37500000-42500000)
WARNING - 2025-12-18 12:23:04 - genome_bin_data.py:515 - No Hi-C data found in chr16 for window 16 (40000000-45000000)
INFO - 2025-12-18 12:23:04 - genome_bin_data.py:538 - Chromosome chr16 adjacency matrices shape (MxNxN): (36, 500, 500)
INFO - 2025-12-18 12:23:05 - Chrom_Data.py:209 - Loading chr17 ...
INFO - 2025-12-18 12:23:05 - genome_bin_data.py:388 - Chromosome chr17 node weights shape (MxN): (33, 500)
INFO - 2025-12-18 12:23:05 - Chrom_Data.py:230 - Freed memory for chr17's index_list
INFO - 2025-12-18 12:23:06 - genome_bin_data.py:538 - Chromosome chr17 adjacency matrices shape (MxNxN): (33, 500, 500)
INFO - 2025-12-18 12:23:06 - Chrom_Data.py:209 - Loading chr18 ...
INFO - 2025-12-18 12:23:06 - genome_bin_data.py:388 - Chromosome chr18 node weights shape (MxN): (32, 500)
INFO - 2025-12-18 12:23:06 - Chrom_Data.py:230 - Freed memory for chr18's index_list
INFO - 2025-12-18 12:23:07 - genome_bin_data.py:538 - Chromosome chr18 adjacency matrices shape (MxNxN): (32, 500, 500)
INFO - 2025-12-18 12:23:07 - Chrom_Data.py:209 - Loading chr20 ...
INFO - 2025-12-18 12:23:07 - genome_bin_data.py:388 - Chromosome chr20 node weights shape (MxN): (25, 500)
INFO - 2025-12-18 12:23:07 - Chrom_Data.py:230 - Freed memory for chr20's index_list
INFO - 2025-12-18 12:23:08 - genome_bin_data.py:538 - Chromosome chr20 adjacency matrices shape (MxNxN): (25, 500, 500)
INFO - 2025-12-18 12:23:08 - Chrom_Data.py:209 - Loading chr19 ...
INFO - 2025-12-18 12:23:08 - genome_bin_data.py:388 - Chromosome chr19 node weights shape (MxN): (23, 500)
INFO - 2025-12-18 12:23:08 - Chrom_Data.py:230 - Freed memory for chr19's index_list
INFO - 2025-12-18 12:23:08 - genome_bin_data.py:538 - Chromosome chr19 adjacency matrices shape (MxNxN): (23, 500, 500)
INFO - 2025-12-18 12:23:08 - Chrom_Data.py:209 - Loading chr22 ...
INFO - 2025-12-18 12:23:09 - genome_bin_data.py:388 - Chromosome chr22 node weights shape (MxN): (20, 500)
INFO - 2025-12-18 12:23:09 - Chrom_Data.py:230 - Freed memory for chr22's index_list
WARNING - 2025-12-18 12:23:09 - genome_bin_data.py:515 - No Hi-C data found in chr22 for window 0 (0-5000000)
WARNING - 2025-12-18 12:23:09 - genome_bin_data.py:515 - No Hi-C data found in chr22 for window 1 (2500000-7500000)
WARNING - 2025-12-18 12:23:09 - genome_bin_data.py:515 - No Hi-C data found in chr22 for window 2 (5000000-10000000)
INFO - 2025-12-18 12:23:09 - genome_bin_data.py:538 - Chromosome chr22 adjacency matrices shape (MxNxN): (20, 500, 500)
INFO - 2025-12-18 12:23:09 - Chrom_Data.py:209 - Loading chr21 ...
INFO - 2025-12-18 12:23:09 - genome_bin_data.py:388 - Chromosome chr21 node weights shape (MxN): (18, 500)
INFO - 2025-12-18 12:23:09 - Chrom_Data.py:230 - Freed memory for chr21's index_list
WARNING - 2025-12-18 12:23:09 - genome_bin_data.py:515 - No Hi-C data found in chr21 for window 0 (0-5000000)
INFO - 2025-12-18 12:23:10 - genome_bin_data.py:538 - Chromosome chr21 adjacency matrices shape (MxNxN): (18, 500, 500)
INFO - 2025-12-18 12:23:10 - chia_rep.py:458 - Loading GM12878_rnapii_chiapet_rep2 ...
INFO - 2025-12-18 12:23:10 - BedGraph.py:59 - Assuming bedgraph file
INFO - 2025-12-18 12:23:10 - BedGraph.py:69 - Reading in hg38.chrom.sizes ...
INFO - 2025-12-18 12:23:10 - BedGraph.py:87 - Reading in /nfs/turbo/umms-minjilab/sionkim/chia_rep_simlinks/GM12878_rnapii_chiapet_rep2_cov_ENCFF607ACO.bedgraph ...
INFO - 2025-12-18 12:23:10 - Chrom_Data.py:68 - Reading in chr1 ...
INFO - 2025-12-18 12:23:25 - Chrom_Data.py:68 - Reading in chr10 ...
INFO - 2025-12-18 12:23:33 - Chrom_Data.py:68 - Reading in chr11 ...
INFO - 2025-12-18 12:23:42 - Chrom_Data.py:68 - Reading in chr12 ...
INFO - 2025-12-18 12:23:50 - Chrom_Data.py:68 - Reading in chr13 ...
INFO - 2025-12-18 12:23:55 - Chrom_Data.py:68 - Reading in chr14 ...
INFO - 2025-12-18 12:24:01 - Chrom_Data.py:68 - Reading in chr15 ...
INFO - 2025-12-18 12:24:06 - Chrom_Data.py:68 - Reading in chr16 ...
INFO - 2025-12-18 12:24:11 - Chrom_Data.py:68 - Reading in chr17 ...
INFO - 2025-12-18 12:24:17 - Chrom_Data.py:68 - Reading in chr18 ...
INFO - 2025-12-18 12:24:21 - Chrom_Data.py:68 - Reading in chr19 ...
INFO - 2025-12-18 12:24:26 - Chrom_Data.py:68 - Reading in chr2 ...
INFO - 2025-12-18 12:24:40 - Chrom_Data.py:68 - Reading in chr20 ...
INFO - 2025-12-18 12:24:44 - Chrom_Data.py:68 - Reading in chr21 ...
INFO - 2025-12-18 12:24:45 - Chrom_Data.py:68 - Reading in chr22 ...
INFO - 2025-12-18 12:24:48 - Chrom_Data.py:68 - Reading in chr3 ...
INFO - 2025-12-18 12:25:00 - Chrom_Data.py:68 - Reading in chr4 ...
INFO - 2025-12-18 12:25:09 - Chrom_Data.py:68 - Reading in chr5 ...
INFO - 2025-12-18 12:25:20 - Chrom_Data.py:68 - Reading in chr6 ...
INFO - 2025-12-18 12:25:31 - Chrom_Data.py:68 - Reading in chr7 ...
INFO - 2025-12-18 12:25:40 - Chrom_Data.py:68 - Reading in chr8 ...
INFO - 2025-12-18 12:25:48 - Chrom_Data.py:68 - Reading in chr9 ...
INFO - 2025-12-18 12:25:55 - Chrom_Data.py:68 - Reading in chrM ...
INFO - 2025-12-18 12:25:55 - Chrom_Data.py:68 - Reading in chrX ...
INFO - 2025-12-18 12:26:01 - Chrom_Data.py:68 - Reading in chrY ...
INFO - 2025-12-18 12:26:01 - genome_bin_data.py:338 - Chromosomes detected in /nfs/turbo/umms-minjilab/sionkim/chia_rep_simlinks/GM12878_rnapii_chiapet_rep2_contact_ENCFF575CQS.hic: ['ALL', '1', '2', '3', '4', '5', '6', '7', '8', '9', '10', '11', '12', '13', '14', '15', '16', '17', '18', '19', '20', '21', '22', 'X', 'Y', 'M']
INFO - 2025-12-18 12:26:01 - Chrom_Data.py:209 - Loading chr1 ...
INFO - 2025-12-18 12:26:02 - genome_bin_data.py:388 - Chromosome chr1 node weights shape (MxN): (99, 500)
INFO - 2025-12-18 12:26:02 - Chrom_Data.py:230 - Freed memory for chr1's index_list
WARNING - 2025-12-18 12:26:03 - genome_bin_data.py:515 - No Hi-C data found in chr1 for window 51 (127500000-132500000)
WARNING - 2025-12-18 12:26:03 - genome_bin_data.py:515 - No Hi-C data found in chr1 for window 52 (130000000-135000000)
WARNING - 2025-12-18 12:26:03 - genome_bin_data.py:515 - No Hi-C data found in chr1 for window 53 (132500000-137500000)
WARNING - 2025-12-18 12:26:03 - genome_bin_data.py:515 - No Hi-C data found in chr1 for window 54 (135000000-140000000)
WARNING - 2025-12-18 12:26:03 - genome_bin_data.py:515 - No Hi-C data found in chr1 for window 55 (137500000-142500000)
INFO - 2025-12-18 12:26:04 - genome_bin_data.py:538 - Chromosome chr1 adjacency matrices shape (MxNxN): (99, 500, 500)
INFO - 2025-12-18 12:26:04 - Chrom_Data.py:209 - Loading chr2 ...
INFO - 2025-12-18 12:26:05 - genome_bin_data.py:388 - Chromosome chr2 node weights shape (MxN): (96, 500)
INFO - 2025-12-18 12:26:05 - Chrom_Data.py:230 - Freed memory for chr2's index_list
INFO - 2025-12-18 12:26:08 - genome_bin_data.py:538 - Chromosome chr2 adjacency matrices shape (MxNxN): (96, 500, 500)
INFO - 2025-12-18 12:26:08 - Chrom_Data.py:209 - Loading chr3 ...
INFO - 2025-12-18 12:26:09 - genome_bin_data.py:388 - Chromosome chr3 node weights shape (MxN): (79, 500)
INFO - 2025-12-18 12:26:09 - Chrom_Data.py:230 - Freed memory for chr3's index_list
INFO - 2025-12-18 12:26:11 - genome_bin_data.py:538 - Chromosome chr3 adjacency matrices shape (MxNxN): (79, 500, 500)
INFO - 2025-12-18 12:26:11 - Chrom_Data.py:209 - Loading chr4 ...
INFO - 2025-12-18 12:26:12 - genome_bin_data.py:388 - Chromosome chr4 node weights shape (MxN): (76, 500)
INFO - 2025-12-18 12:26:12 - Chrom_Data.py:230 - Freed memory for chr4's index_list
INFO - 2025-12-18 12:26:14 - genome_bin_data.py:538 - Chromosome chr4 adjacency matrices shape (MxNxN): (76, 500, 500)
INFO - 2025-12-18 12:26:14 - Chrom_Data.py:209 - Loading chr5 ...
INFO - 2025-12-18 12:26:15 - genome_bin_data.py:388 - Chromosome chr5 node weights shape (MxN): (72, 500)
INFO - 2025-12-18 12:26:15 - Chrom_Data.py:230 - Freed memory for chr5's index_list
INFO - 2025-12-18 12:26:17 - genome_bin_data.py:538 - Chromosome chr5 adjacency matrices shape (MxNxN): (72, 500, 500)
INFO - 2025-12-18 12:26:17 - Chrom_Data.py:209 - Loading chr6 ...
INFO - 2025-12-18 12:26:18 - genome_bin_data.py:388 - Chromosome chr6 node weights shape (MxN): (68, 500)
INFO - 2025-12-18 12:26:18 - Chrom_Data.py:230 - Freed memory for chr6's index_list
INFO - 2025-12-18 12:26:19 - genome_bin_data.py:538 - Chromosome chr6 adjacency matrices shape (MxNxN): (68, 500, 500)
INFO - 2025-12-18 12:26:19 - Chrom_Data.py:209 - Loading chr7 ...
INFO - 2025-12-18 12:26:20 - genome_bin_data.py:388 - Chromosome chr7 node weights shape (MxN): (63, 500)
INFO - 2025-12-18 12:26:20 - Chrom_Data.py:230 - Freed memory for chr7's index_list
INFO - 2025-12-18 12:26:22 - genome_bin_data.py:538 - Chromosome chr7 adjacency matrices shape (MxNxN): (63, 500, 500)
INFO - 2025-12-18 12:26:22 - Chrom_Data.py:209 - Loading chrX ...
INFO - 2025-12-18 12:26:22 - genome_bin_data.py:388 - Chromosome chrX node weights shape (MxN): (62, 500)
INFO - 2025-12-18 12:26:22 - Chrom_Data.py:230 - Freed memory for chrX's index_list
INFO - 2025-12-18 12:26:24 - genome_bin_data.py:538 - Chromosome chrX adjacency matrices shape (MxNxN): (62, 500, 500)
INFO - 2025-12-18 12:26:24 - Chrom_Data.py:209 - Loading chr8 ...
INFO - 2025-12-18 12:26:25 - genome_bin_data.py:388 - Chromosome chr8 node weights shape (MxN): (58, 500)
INFO - 2025-12-18 12:26:25 - Chrom_Data.py:230 - Freed memory for chr8's index_list
INFO - 2025-12-18 12:26:26 - genome_bin_data.py:538 - Chromosome chr8 adjacency matrices shape (MxNxN): (58, 500, 500)
INFO - 2025-12-18 12:26:26 - Chrom_Data.py:209 - Loading chr9 ...
INFO - 2025-12-18 12:26:27 - genome_bin_data.py:388 - Chromosome chr9 node weights shape (MxN): (55, 500)
INFO - 2025-12-18 12:26:27 - Chrom_Data.py:230 - Freed memory for chr9's index_list
WARNING - 2025-12-18 12:26:27 - genome_bin_data.py:515 - No Hi-C data found in chr9 for window 18 (45000000-50000000)
WARNING - 2025-12-18 12:26:27 - genome_bin_data.py:515 - No Hi-C data found in chr9 for window 19 (47500000-52500000)
WARNING - 2025-12-18 12:26:27 - genome_bin_data.py:515 - No Hi-C data found in chr9 for window 20 (50000000-55000000)
WARNING - 2025-12-18 12:26:27 - genome_bin_data.py:515 - No Hi-C data found in chr9 for window 21 (52500000-57500000)
WARNING - 2025-12-18 12:26:27 - genome_bin_data.py:515 - No Hi-C data found in chr9 for window 22 (55000000-60000000)
INFO - 2025-12-18 12:26:28 - genome_bin_data.py:538 - Chromosome chr9 adjacency matrices shape (MxNxN): (55, 500, 500)
INFO - 2025-12-18 12:26:28 - Chrom_Data.py:209 - Loading chr11 ...
INFO - 2025-12-18 12:26:29 - genome_bin_data.py:388 - Chromosome chr11 node weights shape (MxN): (54, 500)
INFO - 2025-12-18 12:26:29 - Chrom_Data.py:230 - Freed memory for chr11's index_list
INFO - 2025-12-18 12:26:30 - genome_bin_data.py:538 - Chromosome chr11 adjacency matrices shape (MxNxN): (54, 500, 500)
INFO - 2025-12-18 12:26:30 - Chrom_Data.py:209 - Loading chr10 ...
INFO - 2025-12-18 12:26:31 - genome_bin_data.py:388 - Chromosome chr10 node weights shape (MxN): (53, 500)
INFO - 2025-12-18 12:26:31 - Chrom_Data.py:230 - Freed memory for chr10's index_list
INFO - 2025-12-18 12:26:32 - genome_bin_data.py:538 - Chromosome chr10 adjacency matrices shape (MxNxN): (53, 500, 500)
INFO - 2025-12-18 12:26:32 - Chrom_Data.py:209 - Loading chr12 ...
INFO - 2025-12-18 12:26:33 - genome_bin_data.py:388 - Chromosome chr12 node weights shape (MxN): (53, 500)
INFO - 2025-12-18 12:26:33 - Chrom_Data.py:230 - Freed memory for chr12's index_list
INFO - 2025-12-18 12:26:34 - genome_bin_data.py:538 - Chromosome chr12 adjacency matrices shape (MxNxN): (53, 500, 500)
INFO - 2025-12-18 12:26:35 - Chrom_Data.py:209 - Loading chr13 ...
INFO - 2025-12-18 12:26:35 - genome_bin_data.py:388 - Chromosome chr13 node weights shape (MxN): (45, 500)
INFO - 2025-12-18 12:26:35 - Chrom_Data.py:230 - Freed memory for chr13's index_list
WARNING - 2025-12-18 12:26:35 - genome_bin_data.py:515 - No Hi-C data found in chr13 for window 0 (0-5000000)
WARNING - 2025-12-18 12:26:35 - genome_bin_data.py:515 - No Hi-C data found in chr13 for window 1 (2500000-7500000)
WARNING - 2025-12-18 12:26:35 - genome_bin_data.py:515 - No Hi-C data found in chr13 for window 2 (5000000-10000000)
WARNING - 2025-12-18 12:26:35 - genome_bin_data.py:515 - No Hi-C data found in chr13 for window 3 (7500000-12500000)
WARNING - 2025-12-18 12:26:35 - genome_bin_data.py:515 - No Hi-C data found in chr13 for window 4 (10000000-15000000)
WARNING - 2025-12-18 12:26:35 - genome_bin_data.py:515 - No Hi-C data found in chr13 for window 5 (12500000-17500000)
INFO - 2025-12-18 12:26:36 - genome_bin_data.py:538 - Chromosome chr13 adjacency matrices shape (MxNxN): (45, 500, 500)
INFO - 2025-12-18 12:26:36 - Chrom_Data.py:209 - Loading chr14 ...
INFO - 2025-12-18 12:26:37 - genome_bin_data.py:388 - Chromosome chr14 node weights shape (MxN): (42, 500)
INFO - 2025-12-18 12:26:37 - Chrom_Data.py:230 - Freed memory for chr14's index_list
WARNING - 2025-12-18 12:26:37 - genome_bin_data.py:515 - No Hi-C data found in chr14 for window 0 (0-5000000)
WARNING - 2025-12-18 12:26:37 - genome_bin_data.py:515 - No Hi-C data found in chr14 for window 1 (2500000-7500000)
WARNING - 2025-12-18 12:26:37 - genome_bin_data.py:515 - No Hi-C data found in chr14 for window 2 (5000000-10000000)
WARNING - 2025-12-18 12:26:37 - genome_bin_data.py:515 - No Hi-C data found in chr14 for window 3 (7500000-12500000)
WARNING - 2025-12-18 12:26:37 - genome_bin_data.py:515 - No Hi-C data found in chr14 for window 4 (10000000-15000000)
WARNING - 2025-12-18 12:26:37 - genome_bin_data.py:515 - No Hi-C data found in chr14 for window 5 (12500000-17500000)
INFO - 2025-12-18 12:26:37 - genome_bin_data.py:538 - Chromosome chr14 adjacency matrices shape (MxNxN): (42, 500, 500)
INFO - 2025-12-18 12:26:38 - Chrom_Data.py:209 - Loading chr15 ...
INFO - 2025-12-18 12:26:38 - genome_bin_data.py:388 - Chromosome chr15 node weights shape (MxN): (40, 500)
INFO - 2025-12-18 12:26:38 - Chrom_Data.py:230 - Freed memory for chr15's index_list
WARNING - 2025-12-18 12:26:38 - genome_bin_data.py:515 - No Hi-C data found in chr15 for window 0 (0-5000000)
WARNING - 2025-12-18 12:26:38 - genome_bin_data.py:515 - No Hi-C data found in chr15 for window 1 (2500000-7500000)
WARNING - 2025-12-18 12:26:38 - genome_bin_data.py:515 - No Hi-C data found in chr15 for window 2 (5000000-10000000)
WARNING - 2025-12-18 12:26:38 - genome_bin_data.py:515 - No Hi-C data found in chr15 for window 3 (7500000-12500000)
WARNING - 2025-12-18 12:26:38 - genome_bin_data.py:515 - No Hi-C data found in chr15 for window 4 (10000000-15000000)
WARNING - 2025-12-18 12:26:38 - genome_bin_data.py:515 - No Hi-C data found in chr15 for window 5 (12500000-17500000)
INFO - 2025-12-18 12:26:39 - genome_bin_data.py:538 - Chromosome chr15 adjacency matrices shape (MxNxN): (40, 500, 500)
INFO - 2025-12-18 12:26:39 - Chrom_Data.py:209 - Loading chr16 ...
INFO - 2025-12-18 12:26:39 - genome_bin_data.py:388 - Chromosome chr16 node weights shape (MxN): (36, 500)
INFO - 2025-12-18 12:26:39 - Chrom_Data.py:230 - Freed memory for chr16's index_list
WARNING - 2025-12-18 12:26:40 - genome_bin_data.py:515 - No Hi-C data found in chr16 for window 15 (37500000-42500000)
WARNING - 2025-12-18 12:26:40 - genome_bin_data.py:515 - No Hi-C data found in chr16 for window 16 (40000000-45000000)
INFO - 2025-12-18 12:26:40 - genome_bin_data.py:538 - Chromosome chr16 adjacency matrices shape (MxNxN): (36, 500, 500)
INFO - 2025-12-18 12:26:40 - Chrom_Data.py:209 - Loading chr17 ...
INFO - 2025-12-18 12:26:41 - genome_bin_data.py:388 - Chromosome chr17 node weights shape (MxN): (33, 500)
INFO - 2025-12-18 12:26:41 - Chrom_Data.py:230 - Freed memory for chr17's index_list
INFO - 2025-12-18 12:26:41 - genome_bin_data.py:538 - Chromosome chr17 adjacency matrices shape (MxNxN): (33, 500, 500)
INFO - 2025-12-18 12:26:42 - Chrom_Data.py:209 - Loading chr18 ...
INFO - 2025-12-18 12:26:42 - genome_bin_data.py:388 - Chromosome chr18 node weights shape (MxN): (32, 500)
INFO - 2025-12-18 12:26:42 - Chrom_Data.py:230 - Freed memory for chr18's index_list
INFO - 2025-12-18 12:26:43 - genome_bin_data.py:538 - Chromosome chr18 adjacency matrices shape (MxNxN): (32, 500, 500)
INFO - 2025-12-18 12:26:43 - Chrom_Data.py:209 - Loading chr20 ...
INFO - 2025-12-18 12:26:43 - genome_bin_data.py:388 - Chromosome chr20 node weights shape (MxN): (25, 500)
INFO - 2025-12-18 12:26:43 - Chrom_Data.py:230 - Freed memory for chr20's index_list
INFO - 2025-12-18 12:26:44 - genome_bin_data.py:538 - Chromosome chr20 adjacency matrices shape (MxNxN): (25, 500, 500)
INFO - 2025-12-18 12:26:44 - Chrom_Data.py:209 - Loading chr19 ...
INFO - 2025-12-18 12:26:44 - genome_bin_data.py:388 - Chromosome chr19 node weights shape (MxN): (23, 500)
INFO - 2025-12-18 12:26:44 - Chrom_Data.py:230 - Freed memory for chr19's index_list
INFO - 2025-12-18 12:26:45 - genome_bin_data.py:538 - Chromosome chr19 adjacency matrices shape (MxNxN): (23, 500, 500)
INFO - 2025-12-18 12:26:45 - Chrom_Data.py:209 - Loading chr22 ...
INFO - 2025-12-18 12:26:45 - genome_bin_data.py:388 - Chromosome chr22 node weights shape (MxN): (20, 500)
INFO - 2025-12-18 12:26:45 - Chrom_Data.py:230 - Freed memory for chr22's index_list
WARNING - 2025-12-18 12:26:45 - genome_bin_data.py:515 - No Hi-C data found in chr22 for window 0 (0-5000000)
WARNING - 2025-12-18 12:26:45 - genome_bin_data.py:515 - No Hi-C data found in chr22 for window 1 (2500000-7500000)
WARNING - 2025-12-18 12:26:45 - genome_bin_data.py:515 - No Hi-C data found in chr22 for window 2 (5000000-10000000)
INFO - 2025-12-18 12:26:45 - genome_bin_data.py:538 - Chromosome chr22 adjacency matrices shape (MxNxN): (20, 500, 500)
INFO - 2025-12-18 12:26:45 - Chrom_Data.py:209 - Loading chr21 ...
INFO - 2025-12-18 12:26:46 - genome_bin_data.py:388 - Chromosome chr21 node weights shape (MxN): (18, 500)
INFO - 2025-12-18 12:26:46 - Chrom_Data.py:230 - Freed memory for chr21's index_list
WARNING - 2025-12-18 12:26:46 - genome_bin_data.py:515 - No Hi-C data found in chr21 for window 0 (0-5000000)
INFO - 2025-12-18 12:26:46 - genome_bin_data.py:538 - Chromosome chr21 adjacency matrices shape (MxNxN): (18, 500, 500)
INFO - 2025-12-18 12:26:46 - chia_rep.py:458 - Loading HEK293T_rnapii_chiapet_rep1 ...
INFO - 2025-12-18 12:26:46 - BedGraph.py:59 - Assuming bedgraph file
INFO - 2025-12-18 12:26:46 - BedGraph.py:69 - Reading in hg38.chrom.sizes ...
INFO - 2025-12-18 12:26:46 - BedGraph.py:87 - Reading in /nfs/turbo/umms-minjilab/sionkim/chia_rep_simlinks/HEK293T_rnapii_chiapet_rep1_cov_ENCFF463PEJ.bedgraph ...
INFO - 2025-12-18 12:26:46 - Chrom_Data.py:68 - Reading in chr1 ...
INFO - 2025-12-18 12:27:03 - Chrom_Data.py:68 - Reading in chr10 ...
INFO - 2025-12-18 12:27:11 - Chrom_Data.py:68 - Reading in chr11 ...
INFO - 2025-12-18 12:27:19 - Chrom_Data.py:68 - Reading in chr12 ...
INFO - 2025-12-18 12:27:27 - Chrom_Data.py:68 - Reading in chr13 ...
INFO - 2025-12-18 12:27:32 - Chrom_Data.py:68 - Reading in chr14 ...
INFO - 2025-12-18 12:27:38 - Chrom_Data.py:68 - Reading in chr15 ...
INFO - 2025-12-18 12:27:44 - Chrom_Data.py:68 - Reading in chr16 ...
INFO - 2025-12-18 12:27:50 - Chrom_Data.py:68 - Reading in chr17 ...
INFO - 2025-12-18 12:27:58 - Chrom_Data.py:68 - Reading in chr18 ...
INFO - 2025-12-18 12:28:02 - Chrom_Data.py:68 - Reading in chr19 ...
INFO - 2025-12-18 12:28:07 - Chrom_Data.py:68 - Reading in chr2 ...
INFO - 2025-12-18 12:28:19 - Chrom_Data.py:68 - Reading in chr20 ...
INFO - 2025-12-18 12:28:23 - Chrom_Data.py:68 - Reading in chr21 ...
INFO - 2025-12-18 12:28:25 - Chrom_Data.py:68 - Reading in chr22 ...
INFO - 2025-12-18 12:28:28 - Chrom_Data.py:68 - Reading in chr3 ...
INFO - 2025-12-18 12:28:38 - Chrom_Data.py:68 - Reading in chr4 ...
INFO - 2025-12-18 12:28:47 - Chrom_Data.py:68 - Reading in chr5 ...
INFO - 2025-12-18 12:28:57 - Chrom_Data.py:68 - Reading in chr6 ...
INFO - 2025-12-18 12:29:08 - Chrom_Data.py:68 - Reading in chr7 ...
INFO - 2025-12-18 12:29:17 - Chrom_Data.py:68 - Reading in chr8 ...
INFO - 2025-12-18 12:29:24 - Chrom_Data.py:68 - Reading in chr9 ...
INFO - 2025-12-18 12:29:30 - Chrom_Data.py:68 - Reading in chrM ...
INFO - 2025-12-18 12:29:30 - Chrom_Data.py:68 - Reading in chrX ...
INFO - 2025-12-18 12:29:37 - Chrom_Data.py:68 - Reading in chrY ...
INFO - 2025-12-18 12:29:37 - genome_bin_data.py:338 - Chromosomes detected in /nfs/turbo/umms-minjilab/sionkim/chia_rep_simlinks/HEK293T_rnapii_chiapet_rep1_contact_ENCFF750KFK.hic: ['ALL', '1', '2', '3', '4', '5', '6', '7', '8', '9', '10', '11', '12', '13', '14', '15', '16', '17', '18', '19', '20', '21', '22', 'X', 'Y', 'M']
INFO - 2025-12-18 12:29:37 - Chrom_Data.py:209 - Loading chr1 ...
INFO - 2025-12-18 12:29:38 - genome_bin_data.py:388 - Chromosome chr1 node weights shape (MxN): (99, 500)
INFO - 2025-12-18 12:29:38 - Chrom_Data.py:230 - Freed memory for chr1's index_list
WARNING - 2025-12-18 12:29:39 - genome_bin_data.py:515 - No Hi-C data found in chr1 for window 51 (127500000-132500000)
WARNING - 2025-12-18 12:29:39 - genome_bin_data.py:515 - No Hi-C data found in chr1 for window 52 (130000000-135000000)
WARNING - 2025-12-18 12:29:39 - genome_bin_data.py:515 - No Hi-C data found in chr1 for window 53 (132500000-137500000)
WARNING - 2025-12-18 12:29:39 - genome_bin_data.py:515 - No Hi-C data found in chr1 for window 54 (135000000-140000000)
WARNING - 2025-12-18 12:29:39 - genome_bin_data.py:515 - No Hi-C data found in chr1 for window 55 (137500000-142500000)
INFO - 2025-12-18 12:29:40 - genome_bin_data.py:538 - Chromosome chr1 adjacency matrices shape (MxNxN): (99, 500, 500)
INFO - 2025-12-18 12:29:40 - Chrom_Data.py:209 - Loading chr2 ...
INFO - 2025-12-18 12:29:41 - genome_bin_data.py:388 - Chromosome chr2 node weights shape (MxN): (96, 500)
INFO - 2025-12-18 12:29:41 - Chrom_Data.py:230 - Freed memory for chr2's index_list
INFO - 2025-12-18 12:29:44 - genome_bin_data.py:538 - Chromosome chr2 adjacency matrices shape (MxNxN): (96, 500, 500)
INFO - 2025-12-18 12:29:44 - Chrom_Data.py:209 - Loading chr3 ...
INFO - 2025-12-18 12:29:45 - genome_bin_data.py:388 - Chromosome chr3 node weights shape (MxN): (79, 500)
INFO - 2025-12-18 12:29:45 - Chrom_Data.py:230 - Freed memory for chr3's index_list
INFO - 2025-12-18 12:29:47 - genome_bin_data.py:538 - Chromosome chr3 adjacency matrices shape (MxNxN): (79, 500, 500)
INFO - 2025-12-18 12:29:47 - Chrom_Data.py:209 - Loading chr4 ...
INFO - 2025-12-18 12:29:48 - genome_bin_data.py:388 - Chromosome chr4 node weights shape (MxN): (76, 500)
INFO - 2025-12-18 12:29:48 - Chrom_Data.py:230 - Freed memory for chr4's index_list
INFO - 2025-12-18 12:29:49 - genome_bin_data.py:538 - Chromosome chr4 adjacency matrices shape (MxNxN): (76, 500, 500)
INFO - 2025-12-18 12:29:50 - Chrom_Data.py:209 - Loading chr5 ...
INFO - 2025-12-18 12:29:50 - genome_bin_data.py:388 - Chromosome chr5 node weights shape (MxN): (72, 500)
INFO - 2025-12-18 12:29:50 - Chrom_Data.py:230 - Freed memory for chr5's index_list
INFO - 2025-12-18 12:29:52 - genome_bin_data.py:538 - Chromosome chr5 adjacency matrices shape (MxNxN): (72, 500, 500)
INFO - 2025-12-18 12:29:52 - Chrom_Data.py:209 - Loading chr6 ...
INFO - 2025-12-18 12:29:53 - genome_bin_data.py:388 - Chromosome chr6 node weights shape (MxN): (68, 500)
INFO - 2025-12-18 12:29:53 - Chrom_Data.py:230 - Freed memory for chr6's index_list
INFO - 2025-12-18 12:29:55 - genome_bin_data.py:538 - Chromosome chr6 adjacency matrices shape (MxNxN): (68, 500, 500)
INFO - 2025-12-18 12:29:55 - Chrom_Data.py:209 - Loading chr7 ...
INFO - 2025-12-18 12:29:56 - genome_bin_data.py:388 - Chromosome chr7 node weights shape (MxN): (63, 500)
INFO - 2025-12-18 12:29:56 - Chrom_Data.py:230 - Freed memory for chr7's index_list
INFO - 2025-12-18 12:29:57 - genome_bin_data.py:538 - Chromosome chr7 adjacency matrices shape (MxNxN): (63, 500, 500)
INFO - 2025-12-18 12:29:57 - Chrom_Data.py:209 - Loading chrX ...
INFO - 2025-12-18 12:29:58 - genome_bin_data.py:388 - Chromosome chrX node weights shape (MxN): (62, 500)
INFO - 2025-12-18 12:29:58 - Chrom_Data.py:230 - Freed memory for chrX's index_list
INFO - 2025-12-18 12:29:59 - genome_bin_data.py:538 - Chromosome chrX adjacency matrices shape (MxNxN): (62, 500, 500)
INFO - 2025-12-18 12:29:59 - Chrom_Data.py:209 - Loading chr8 ...
INFO - 2025-12-18 12:30:00 - genome_bin_data.py:388 - Chromosome chr8 node weights shape (MxN): (58, 500)
INFO - 2025-12-18 12:30:00 - Chrom_Data.py:230 - Freed memory for chr8's index_list
INFO - 2025-12-18 12:30:01 - genome_bin_data.py:538 - Chromosome chr8 adjacency matrices shape (MxNxN): (58, 500, 500)
INFO - 2025-12-18 12:30:01 - Chrom_Data.py:209 - Loading chr9 ...
INFO - 2025-12-18 12:30:02 - genome_bin_data.py:388 - Chromosome chr9 node weights shape (MxN): (55, 500)
INFO - 2025-12-18 12:30:02 - Chrom_Data.py:230 - Freed memory for chr9's index_list
WARNING - 2025-12-18 12:30:02 - genome_bin_data.py:515 - No Hi-C data found in chr9 for window 18 (45000000-50000000)
WARNING - 2025-12-18 12:30:02 - genome_bin_data.py:515 - No Hi-C data found in chr9 for window 19 (47500000-52500000)
WARNING - 2025-12-18 12:30:02 - genome_bin_data.py:515 - No Hi-C data found in chr9 for window 20 (50000000-55000000)
WARNING - 2025-12-18 12:30:02 - genome_bin_data.py:515 - No Hi-C data found in chr9 for window 21 (52500000-57500000)
WARNING - 2025-12-18 12:30:02 - genome_bin_data.py:515 - No Hi-C data found in chr9 for window 22 (55000000-60000000)
INFO - 2025-12-18 12:30:03 - genome_bin_data.py:538 - Chromosome chr9 adjacency matrices shape (MxNxN): (55, 500, 500)
INFO - 2025-12-18 12:30:03 - Chrom_Data.py:209 - Loading chr11 ...
INFO - 2025-12-18 12:30:04 - genome_bin_data.py:388 - Chromosome chr11 node weights shape (MxN): (54, 500)
INFO - 2025-12-18 12:30:04 - Chrom_Data.py:230 - Freed memory for chr11's index_list
INFO - 2025-12-18 12:30:05 - genome_bin_data.py:538 - Chromosome chr11 adjacency matrices shape (MxNxN): (54, 500, 500)
INFO - 2025-12-18 12:30:05 - Chrom_Data.py:209 - Loading chr10 ...
INFO - 2025-12-18 12:30:06 - genome_bin_data.py:388 - Chromosome chr10 node weights shape (MxN): (53, 500)
INFO - 2025-12-18 12:30:06 - Chrom_Data.py:230 - Freed memory for chr10's index_list
INFO - 2025-12-18 12:30:07 - genome_bin_data.py:538 - Chromosome chr10 adjacency matrices shape (MxNxN): (53, 500, 500)
INFO - 2025-12-18 12:30:07 - Chrom_Data.py:209 - Loading chr12 ...
INFO - 2025-12-18 12:30:08 - genome_bin_data.py:388 - Chromosome chr12 node weights shape (MxN): (53, 500)
INFO - 2025-12-18 12:30:08 - Chrom_Data.py:230 - Freed memory for chr12's index_list
INFO - 2025-12-18 12:30:09 - genome_bin_data.py:538 - Chromosome chr12 adjacency matrices shape (MxNxN): (53, 500, 500)
INFO - 2025-12-18 12:30:10 - Chrom_Data.py:209 - Loading chr13 ...
INFO - 2025-12-18 12:30:10 - genome_bin_data.py:388 - Chromosome chr13 node weights shape (MxN): (45, 500)
INFO - 2025-12-18 12:30:10 - Chrom_Data.py:230 - Freed memory for chr13's index_list
WARNING - 2025-12-18 12:30:10 - genome_bin_data.py:515 - No Hi-C data found in chr13 for window 0 (0-5000000)
WARNING - 2025-12-18 12:30:10 - genome_bin_data.py:515 - No Hi-C data found in chr13 for window 1 (2500000-7500000)
WARNING - 2025-12-18 12:30:10 - genome_bin_data.py:515 - No Hi-C data found in chr13 for window 2 (5000000-10000000)
WARNING - 2025-12-18 12:30:10 - genome_bin_data.py:515 - No Hi-C data found in chr13 for window 3 (7500000-12500000)
WARNING - 2025-12-18 12:30:10 - genome_bin_data.py:515 - No Hi-C data found in chr13 for window 4 (10000000-15000000)
WARNING - 2025-12-18 12:30:10 - genome_bin_data.py:515 - No Hi-C data found in chr13 for window 5 (12500000-17500000)
INFO - 2025-12-18 12:30:11 - genome_bin_data.py:538 - Chromosome chr13 adjacency matrices shape (MxNxN): (45, 500, 500)
INFO - 2025-12-18 12:30:11 - Chrom_Data.py:209 - Loading chr14 ...
INFO - 2025-12-18 12:30:12 - genome_bin_data.py:388 - Chromosome chr14 node weights shape (MxN): (42, 500)
INFO - 2025-12-18 12:30:12 - Chrom_Data.py:230 - Freed memory for chr14's index_list
WARNING - 2025-12-18 12:30:12 - genome_bin_data.py:515 - No Hi-C data found in chr14 for window 0 (0-5000000)
WARNING - 2025-12-18 12:30:12 - genome_bin_data.py:515 - No Hi-C data found in chr14 for window 1 (2500000-7500000)
WARNING - 2025-12-18 12:30:12 - genome_bin_data.py:515 - No Hi-C data found in chr14 for window 2 (5000000-10000000)
WARNING - 2025-12-18 12:30:12 - genome_bin_data.py:515 - No Hi-C data found in chr14 for window 3 (7500000-12500000)
WARNING - 2025-12-18 12:30:12 - genome_bin_data.py:515 - No Hi-C data found in chr14 for window 4 (10000000-15000000)
WARNING - 2025-12-18 12:30:12 - genome_bin_data.py:515 - No Hi-C data found in chr14 for window 5 (12500000-17500000)
INFO - 2025-12-18 12:30:12 - genome_bin_data.py:538 - Chromosome chr14 adjacency matrices shape (MxNxN): (42, 500, 500)
INFO - 2025-12-18 12:30:13 - Chrom_Data.py:209 - Loading chr15 ...
INFO - 2025-12-18 12:30:13 - genome_bin_data.py:388 - Chromosome chr15 node weights shape (MxN): (40, 500)
INFO - 2025-12-18 12:30:13 - Chrom_Data.py:230 - Freed memory for chr15's index_list
WARNING - 2025-12-18 12:30:13 - genome_bin_data.py:515 - No Hi-C data found in chr15 for window 0 (0-5000000)
WARNING - 2025-12-18 12:30:13 - genome_bin_data.py:515 - No Hi-C data found in chr15 for window 1 (2500000-7500000)
WARNING - 2025-12-18 12:30:13 - genome_bin_data.py:515 - No Hi-C data found in chr15 for window 2 (5000000-10000000)
WARNING - 2025-12-18 12:30:13 - genome_bin_data.py:515 - No Hi-C data found in chr15 for window 3 (7500000-12500000)
WARNING - 2025-12-18 12:30:13 - genome_bin_data.py:515 - No Hi-C data found in chr15 for window 4 (10000000-15000000)
INFO - 2025-12-18 12:30:14 - genome_bin_data.py:538 - Chromosome chr15 adjacency matrices shape (MxNxN): (40, 500, 500)
INFO - 2025-12-18 12:30:14 - Chrom_Data.py:209 - Loading chr16 ...
INFO - 2025-12-18 12:30:14 - genome_bin_data.py:388 - Chromosome chr16 node weights shape (MxN): (36, 500)
INFO - 2025-12-18 12:30:14 - Chrom_Data.py:230 - Freed memory for chr16's index_list
WARNING - 2025-12-18 12:30:15 - genome_bin_data.py:515 - No Hi-C data found in chr16 for window 16 (40000000-45000000)
INFO - 2025-12-18 12:30:15 - genome_bin_data.py:538 - Chromosome chr16 adjacency matrices shape (MxNxN): (36, 500, 500)
INFO - 2025-12-18 12:30:15 - Chrom_Data.py:209 - Loading chr17 ...
INFO - 2025-12-18 12:30:16 - genome_bin_data.py:388 - Chromosome chr17 node weights shape (MxN): (33, 500)
INFO - 2025-12-18 12:30:16 - Chrom_Data.py:230 - Freed memory for chr17's index_list
INFO - 2025-12-18 12:30:17 - genome_bin_data.py:538 - Chromosome chr17 adjacency matrices shape (MxNxN): (33, 500, 500)
INFO - 2025-12-18 12:30:17 - Chrom_Data.py:209 - Loading chr18 ...
INFO - 2025-12-18 12:30:17 - genome_bin_data.py:388 - Chromosome chr18 node weights shape (MxN): (32, 500)
INFO - 2025-12-18 12:30:17 - Chrom_Data.py:230 - Freed memory for chr18's index_list
INFO - 2025-12-18 12:30:18 - genome_bin_data.py:538 - Chromosome chr18 adjacency matrices shape (MxNxN): (32, 500, 500)
INFO - 2025-12-18 12:30:18 - Chrom_Data.py:209 - Loading chr20 ...
INFO - 2025-12-18 12:30:18 - genome_bin_data.py:388 - Chromosome chr20 node weights shape (MxN): (25, 500)
INFO - 2025-12-18 12:30:18 - Chrom_Data.py:230 - Freed memory for chr20's index_list
INFO - 2025-12-18 12:30:19 - genome_bin_data.py:538 - Chromosome chr20 adjacency matrices shape (MxNxN): (25, 500, 500)
INFO - 2025-12-18 12:30:19 - Chrom_Data.py:209 - Loading chr19 ...
INFO - 2025-12-18 12:30:19 - genome_bin_data.py:388 - Chromosome chr19 node weights shape (MxN): (23, 500)
INFO - 2025-12-18 12:30:19 - Chrom_Data.py:230 - Freed memory for chr19's index_list
INFO - 2025-12-18 12:30:20 - genome_bin_data.py:538 - Chromosome chr19 adjacency matrices shape (MxNxN): (23, 500, 500)
INFO - 2025-12-18 12:30:20 - Chrom_Data.py:209 - Loading chr22 ...
INFO - 2025-12-18 12:30:20 - genome_bin_data.py:388 - Chromosome chr22 node weights shape (MxN): (20, 500)
INFO - 2025-12-18 12:30:20 - Chrom_Data.py:230 - Freed memory for chr22's index_list
WARNING - 2025-12-18 12:30:20 - genome_bin_data.py:515 - No Hi-C data found in chr22 for window 0 (0-5000000)
WARNING - 2025-12-18 12:30:20 - genome_bin_data.py:515 - No Hi-C data found in chr22 for window 1 (2500000-7500000)
WARNING - 2025-12-18 12:30:20 - genome_bin_data.py:515 - No Hi-C data found in chr22 for window 2 (5000000-10000000)
INFO - 2025-12-18 12:30:20 - genome_bin_data.py:538 - Chromosome chr22 adjacency matrices shape (MxNxN): (20, 500, 500)
INFO - 2025-12-18 12:30:20 - Chrom_Data.py:209 - Loading chr21 ...
INFO - 2025-12-18 12:30:21 - genome_bin_data.py:388 - Chromosome chr21 node weights shape (MxN): (18, 500)
INFO - 2025-12-18 12:30:21 - Chrom_Data.py:230 - Freed memory for chr21's index_list
WARNING - 2025-12-18 12:30:21 - genome_bin_data.py:515 - No Hi-C data found in chr21 for window 0 (0-5000000)
INFO - 2025-12-18 12:30:21 - genome_bin_data.py:538 - Chromosome chr21 adjacency matrices shape (MxNxN): (18, 500, 500)
INFO - 2025-12-18 12:30:21 - chia_rep.py:214 - Compare GM12878_rnapii_chiapet_rep1_GM12878_rnapii_chiapet_rep2
INFO - 2025-12-18 12:30:21 - genome_bin_data.py:663 - Chromosomes to compare: ['chr1', 'chr2', 'chr3', 'chr4', 'chr5', 'chr6', 'chr7', 'chrX', 'chr8', 'chr9', 'chr11', 'chr10', 'chr12', 'chr13', 'chr14', 'chr15', 'chr16', 'chr17', 'chr18', 'chr20', 'chr19', 'chr22', 'chr21']
INFO - 2025-12-18 12:30:21 - genome_bin_data.py:677 - Comparing chr1 ...
DEBUG - 2025-12-18 12:30:33 - genome_bin_data.py:712 - chr1 comp values: [np.float64(0.6188328988858796), np.float64(0.6188328988858796)]
INFO - 2025-12-18 12:30:33 - genome_bin_data.py:677 - Comparing chr2 ...
DEBUG - 2025-12-18 12:30:44 - genome_bin_data.py:712 - chr2 comp values: [np.float64(0.6186314553819819), np.float64(0.6186314553819819)]
INFO - 2025-12-18 12:30:44 - genome_bin_data.py:677 - Comparing chr3 ...
DEBUG - 2025-12-18 12:30:55 - genome_bin_data.py:712 - chr3 comp values: [np.float64(0.6200286523660574), np.float64(0.6200286523660574)]
INFO - 2025-12-18 12:30:55 - genome_bin_data.py:677 - Comparing chr4 ...
DEBUG - 2025-12-18 12:31:04 - genome_bin_data.py:712 - chr4 comp values: [np.float64(0.63415131370729), np.float64(0.63415131370729)]
INFO - 2025-12-18 12:31:04 - genome_bin_data.py:677 - Comparing chr5 ...
DEBUG - 2025-12-18 12:31:13 - genome_bin_data.py:712 - chr5 comp values: [np.float64(0.6116873231149432), np.float64(0.6116873231149432)]
INFO - 2025-12-18 12:31:13 - genome_bin_data.py:677 - Comparing chr6 ...
DEBUG - 2025-12-18 12:31:22 - genome_bin_data.py:712 - chr6 comp values: [np.float64(0.6130397633175024), np.float64(0.6130397633175024)]
INFO - 2025-12-18 12:31:22 - genome_bin_data.py:677 - Comparing chr7 ...
DEBUG - 2025-12-18 12:31:30 - genome_bin_data.py:712 - chr7 comp values: [np.float64(0.6237639779103775), np.float64(0.6237639779103775)]
INFO - 2025-12-18 12:31:30 - genome_bin_data.py:677 - Comparing chrX ...
DEBUG - 2025-12-18 12:31:39 - genome_bin_data.py:712 - chrX comp values: [np.float64(0.6021891156698991), np.float64(0.6021891156698991)]
INFO - 2025-12-18 12:31:39 - genome_bin_data.py:677 - Comparing chr8 ...
DEBUG - 2025-12-18 12:31:46 - genome_bin_data.py:712 - chr8 comp values: [np.float64(0.6311105215289006), np.float64(0.6311105215289006)]
INFO - 2025-12-18 12:31:46 - genome_bin_data.py:677 - Comparing chr9 ...
DEBUG - 2025-12-18 12:31:52 - genome_bin_data.py:712 - chr9 comp values: [np.float64(0.6268396390045448), np.float64(0.6268396390045448)]
INFO - 2025-12-18 12:31:52 - genome_bin_data.py:677 - Comparing chr11 ...
DEBUG - 2025-12-18 12:32:00 - genome_bin_data.py:712 - chr11 comp values: [np.float64(0.6364263553211947), np.float64(0.6364263553211947)]
INFO - 2025-12-18 12:32:00 - genome_bin_data.py:677 - Comparing chr10 ...
DEBUG - 2025-12-18 12:32:06 - genome_bin_data.py:712 - chr10 comp values: [np.float64(0.6280634358174116), np.float64(0.6280634358174116)]
INFO - 2025-12-18 12:32:06 - genome_bin_data.py:677 - Comparing chr12 ...
DEBUG - 2025-12-18 12:32:12 - genome_bin_data.py:712 - chr12 comp values: [np.float64(0.6189246376026186), np.float64(0.6189246376026186)]
INFO - 2025-12-18 12:32:12 - genome_bin_data.py:677 - Comparing chr13 ...
DEBUG - 2025-12-18 12:32:17 - genome_bin_data.py:712 - chr13 comp values: [np.float64(0.6275771329763306), np.float64(0.6275771329763306)]
INFO - 2025-12-18 12:32:17 - genome_bin_data.py:677 - Comparing chr14 ...
DEBUG - 2025-12-18 12:32:21 - genome_bin_data.py:712 - chr14 comp values: [np.float64(0.6327484520292188), np.float64(0.6327484520292188)]
INFO - 2025-12-18 12:32:21 - genome_bin_data.py:677 - Comparing chr15 ...
DEBUG - 2025-12-18 12:32:25 - genome_bin_data.py:712 - chr15 comp values: [np.float64(0.621753815068929), np.float64(0.621753815068929)]
INFO - 2025-12-18 12:32:25 - genome_bin_data.py:677 - Comparing chr16 ...
DEBUG - 2025-12-18 12:32:29 - genome_bin_data.py:712 - chr16 comp values: [np.float64(0.6332855090831263), np.float64(0.6332855090831263)]
INFO - 2025-12-18 12:32:29 - genome_bin_data.py:677 - Comparing chr17 ...
DEBUG - 2025-12-18 12:32:34 - genome_bin_data.py:712 - chr17 comp values: [np.float64(0.6455441468771325), np.float64(0.6455441468771325)]
INFO - 2025-12-18 12:32:34 - genome_bin_data.py:677 - Comparing chr18 ...
DEBUG - 2025-12-18 12:32:38 - genome_bin_data.py:712 - chr18 comp values: [np.float64(0.6461829142148967), np.float64(0.6461829142148967)]
INFO - 2025-12-18 12:32:38 - genome_bin_data.py:677 - Comparing chr20 ...
DEBUG - 2025-12-18 12:32:42 - genome_bin_data.py:712 - chr20 comp values: [np.float64(0.6287030890213474), np.float64(0.6287030890213474)]
INFO - 2025-12-18 12:32:42 - genome_bin_data.py:677 - Comparing chr19 ...
DEBUG - 2025-12-18 12:32:45 - genome_bin_data.py:712 - chr19 comp values: [np.float64(0.6638261618523899), np.float64(0.6638261618523899)]
INFO - 2025-12-18 12:32:45 - genome_bin_data.py:677 - Comparing chr22 ...
DEBUG - 2025-12-18 12:32:47 - genome_bin_data.py:712 - chr22 comp values: [np.float64(0.6388812249004374), np.float64(0.6388812249004374)]
INFO - 2025-12-18 12:32:47 - genome_bin_data.py:677 - Comparing chr21 ...
DEBUG - 2025-12-18 12:32:48 - genome_bin_data.py:712 - chr21 comp values: [np.float64(0.6322059104705909), np.float64(0.6322059104705909)]
DEBUG - 2025-12-18 12:32:48 - genome_bin_data.py:747 - {'dist_weighted': np.float64(0.6284520628749131), 'dist_unweighted': np.float64(0.6284520628749131)}
INFO - 2025-12-18 12:32:48 - chia_rep.py:246 - GM12878_rnapii_chiapet_rep1_GM12878_rnapii_chiapet_rep2 random_walk: 0.628
INFO - 2025-12-18 12:32:48 - chia_rep.py:214 - Compare GM12878_rnapii_chiapet_rep1_HEK293T_rnapii_chiapet_rep1
INFO - 2025-12-18 12:32:48 - genome_bin_data.py:663 - Chromosomes to compare: ['chr1', 'chr2', 'chr3', 'chr4', 'chr5', 'chr6', 'chr7', 'chrX', 'chr8', 'chr9', 'chr11', 'chr10', 'chr12', 'chr13', 'chr14', 'chr15', 'chr16', 'chr17', 'chr18', 'chr20', 'chr19', 'chr22', 'chr21']
INFO - 2025-12-18 12:32:48 - genome_bin_data.py:677 - Comparing chr1 ...
DEBUG - 2025-12-18 12:33:00 - genome_bin_data.py:712 - chr1 comp values: [np.float64(0.10487131274856244), np.float64(0.10487131274856244)]
INFO - 2025-12-18 12:33:00 - genome_bin_data.py:677 - Comparing chr2 ...
DEBUG - 2025-12-18 12:33:13 - genome_bin_data.py:712 - chr2 comp values: [np.float64(0.06884997391509856), np.float64(0.06884997391509856)]
INFO - 2025-12-18 12:33:13 - genome_bin_data.py:677 - Comparing chr3 ...
DEBUG - 2025-12-18 12:33:22 - genome_bin_data.py:712 - chr3 comp values: [np.float64(0.1059696392702242), np.float64(0.1059696392702242)]
INFO - 2025-12-18 12:33:22 - genome_bin_data.py:677 - Comparing chr4 ...
DEBUG - 2025-12-18 12:33:33 - genome_bin_data.py:712 - chr4 comp values: [np.float64(0.08374024075773312), np.float64(0.08374024075773312)]
INFO - 2025-12-18 12:33:33 - genome_bin_data.py:677 - Comparing chr5 ...
DEBUG - 2025-12-18 12:33:42 - genome_bin_data.py:712 - chr5 comp values: [np.float64(0.1100420114688222), np.float64(0.1100420114688222)]
INFO - 2025-12-18 12:33:42 - genome_bin_data.py:677 - Comparing chr6 ...
DEBUG - 2025-12-18 12:33:51 - genome_bin_data.py:712 - chr6 comp values: [np.float64(0.0559428513387223), np.float64(0.0559428513387223)]
INFO - 2025-12-18 12:33:51 - genome_bin_data.py:677 - Comparing chr7 ...
DEBUG - 2025-12-18 12:33:59 - genome_bin_data.py:712 - chr7 comp values: [np.float64(0.11676341198949292), np.float64(0.11676341198949292)]
INFO - 2025-12-18 12:33:59 - genome_bin_data.py:677 - Comparing chrX ...
DEBUG - 2025-12-18 12:34:07 - genome_bin_data.py:712 - chrX comp values: [np.float64(0.15892369302805776), np.float64(0.15892369302805776)]
INFO - 2025-12-18 12:34:07 - genome_bin_data.py:677 - Comparing chr8 ...
DEBUG - 2025-12-18 12:34:13 - genome_bin_data.py:712 - chr8 comp values: [np.float64(0.0661027379961534), np.float64(0.0661027379961534)]
INFO - 2025-12-18 12:34:13 - genome_bin_data.py:677 - Comparing chr9 ...
DEBUG - 2025-12-18 12:34:19 - genome_bin_data.py:712 - chr9 comp values: [np.float64(0.10735970592091552), np.float64(0.10735970592091552)]
INFO - 2025-12-18 12:34:19 - genome_bin_data.py:677 - Comparing chr11 ...
DEBUG - 2025-12-18 12:34:27 - genome_bin_data.py:712 - chr11 comp values: [np.float64(0.1318613031497175), np.float64(0.1318613031497175)]
INFO - 2025-12-18 12:34:27 - genome_bin_data.py:677 - Comparing chr10 ...
DEBUG - 2025-12-18 12:34:34 - genome_bin_data.py:712 - chr10 comp values: [np.float64(0.06749530099627102), np.float64(0.06749530099627102)]
INFO - 2025-12-18 12:34:34 - genome_bin_data.py:677 - Comparing chr12 ...
DEBUG - 2025-12-18 12:34:40 - genome_bin_data.py:712 - chr12 comp values: [np.float64(0.1046616143728387), np.float64(0.1046616143728387)]
INFO - 2025-12-18 12:34:40 - genome_bin_data.py:677 - Comparing chr13 ...
DEBUG - 2025-12-18 12:34:45 - genome_bin_data.py:712 - chr13 comp values: [np.float64(0.09901116319065033), np.float64(0.09901116319065033)]
INFO - 2025-12-18 12:34:45 - genome_bin_data.py:677 - Comparing chr14 ...
DEBUG - 2025-12-18 12:34:50 - genome_bin_data.py:712 - chr14 comp values: [np.float64(0.11414498583675671), np.float64(0.11414498583675671)]
INFO - 2025-12-18 12:34:50 - genome_bin_data.py:677 - Comparing chr15 ...
DEBUG - 2025-12-18 12:34:54 - genome_bin_data.py:712 - chr15 comp values: [np.float64(0.06514916844257426), np.float64(0.06514916844257426)]
INFO - 2025-12-18 12:34:54 - genome_bin_data.py:677 - Comparing chr16 ...
DEBUG - 2025-12-18 12:34:57 - genome_bin_data.py:712 - chr16 comp values: [np.float64(0.15262047403330264), np.float64(0.15262047403330264)]
INFO - 2025-12-18 12:34:57 - genome_bin_data.py:677 - Comparing chr17 ...
DEBUG - 2025-12-18 12:35:02 - genome_bin_data.py:712 - chr17 comp values: [np.float64(0.1130871970081046), np.float64(0.1130871970081046)]
INFO - 2025-12-18 12:35:02 - genome_bin_data.py:677 - Comparing chr18 ...
DEBUG - 2025-12-18 12:35:07 - genome_bin_data.py:712 - chr18 comp values: [np.float64(0.06631385978074797), np.float64(0.06631385978074797)]
INFO - 2025-12-18 12:35:07 - genome_bin_data.py:677 - Comparing chr20 ...
DEBUG - 2025-12-18 12:35:10 - genome_bin_data.py:712 - chr20 comp values: [np.float64(0.1305087338101202), np.float64(0.1305087338101202)]
INFO - 2025-12-18 12:35:10 - genome_bin_data.py:677 - Comparing chr19 ...
DEBUG - 2025-12-18 12:35:13 - genome_bin_data.py:712 - chr19 comp values: [np.float64(0.1399432912421146), np.float64(0.1399432912421146)]
INFO - 2025-12-18 12:35:13 - genome_bin_data.py:677 - Comparing chr22 ...
DEBUG - 2025-12-18 12:35:14 - genome_bin_data.py:712 - chr22 comp values: [np.float64(0.06446038448830829), np.float64(0.06446038448830829)]
INFO - 2025-12-18 12:35:14 - genome_bin_data.py:677 - Comparing chr21 ...
DEBUG - 2025-12-18 12:35:16 - genome_bin_data.py:712 - chr21 comp values: [np.float64(0.01850329663621486), np.float64(0.01850329663621486)]
DEBUG - 2025-12-18 12:35:16 - genome_bin_data.py:747 - {'dist_weighted': np.float64(0.09766636310528279), 'dist_unweighted': np.float64(0.09766636310528279)}
INFO - 2025-12-18 12:35:16 - chia_rep.py:246 - GM12878_rnapii_chiapet_rep1_HEK293T_rnapii_chiapet_rep1 random_walk: 0.0977
INFO - 2025-12-18 12:35:16 - chia_rep.py:214 - Compare GM12878_rnapii_chiapet_rep2_HEK293T_rnapii_chiapet_rep1
INFO - 2025-12-18 12:35:16 - genome_bin_data.py:663 - Chromosomes to compare: ['chr1', 'chr2', 'chr3', 'chr4', 'chr5', 'chr6', 'chr7', 'chrX', 'chr8', 'chr9', 'chr11', 'chr10', 'chr12', 'chr13', 'chr14', 'chr15', 'chr16', 'chr17', 'chr18', 'chr20', 'chr19', 'chr22', 'chr21']
INFO - 2025-12-18 12:35:16 - genome_bin_data.py:677 - Comparing chr1 ...
DEBUG - 2025-12-18 12:35:28 - genome_bin_data.py:712 - chr1 comp values: [np.float64(0.15106917563670574), np.float64(0.15106917563670574)]
INFO - 2025-12-18 12:35:28 - genome_bin_data.py:677 - Comparing chr2 ...
DEBUG - 2025-12-18 12:35:41 - genome_bin_data.py:712 - chr2 comp values: [np.float64(0.12183459927087231), np.float64(0.12183459927087231)]
INFO - 2025-12-18 12:35:41 - genome_bin_data.py:677 - Comparing chr3 ...
DEBUG - 2025-12-18 12:35:52 - genome_bin_data.py:712 - chr3 comp values: [np.float64(0.15846419498384975), np.float64(0.15846419498384975)]
INFO - 2025-12-18 12:35:52 - genome_bin_data.py:677 - Comparing chr4 ...
DEBUG - 2025-12-18 12:36:03 - genome_bin_data.py:712 - chr4 comp values: [np.float64(0.12037047648313394), np.float64(0.12037047648313394)]
INFO - 2025-12-18 12:36:03 - genome_bin_data.py:677 - Comparing chr5 ...
DEBUG - 2025-12-18 12:36:13 - genome_bin_data.py:712 - chr5 comp values: [np.float64(0.16090706698617044), np.float64(0.16090706698617044)]
INFO - 2025-12-18 12:36:13 - genome_bin_data.py:677 - Comparing chr6 ...
DEBUG - 2025-12-18 12:36:22 - genome_bin_data.py:712 - chr6 comp values: [np.float64(0.09537791488242296), np.float64(0.09537791488242296)]
INFO - 2025-12-18 12:36:22 - genome_bin_data.py:677 - Comparing chr7 ...
DEBUG - 2025-12-18 12:36:30 - genome_bin_data.py:712 - chr7 comp values: [np.float64(0.14672154964988307), np.float64(0.14672154964988307)]
INFO - 2025-12-18 12:36:30 - genome_bin_data.py:677 - Comparing chrX ...
DEBUG - 2025-12-18 12:36:38 - genome_bin_data.py:712 - chrX comp values: [np.float64(0.23044089639680526), np.float64(0.23044089639680526)]
INFO - 2025-12-18 12:36:38 - genome_bin_data.py:677 - Comparing chr8 ...
DEBUG - 2025-12-18 12:36:45 - genome_bin_data.py:712 - chr8 comp values: [np.float64(0.12695070733411598), np.float64(0.12695070733411598)]
INFO - 2025-12-18 12:36:45 - genome_bin_data.py:677 - Comparing chr9 ...
DEBUG - 2025-12-18 12:36:52 - genome_bin_data.py:712 - chr9 comp values: [np.float64(0.14544866574700566), np.float64(0.14544866574700566)]
INFO - 2025-12-18 12:36:52 - genome_bin_data.py:677 - Comparing chr11 ...
DEBUG - 2025-12-18 12:36:59 - genome_bin_data.py:712 - chr11 comp values: [np.float64(0.1819264331861935), np.float64(0.1819264331861935)]
INFO - 2025-12-18 12:36:59 - genome_bin_data.py:677 - Comparing chr10 ...
DEBUG - 2025-12-18 12:37:06 - genome_bin_data.py:712 - chr10 comp values: [np.float64(0.12429059645152594), np.float64(0.12429059645152594)]
INFO - 2025-12-18 12:37:06 - genome_bin_data.py:677 - Comparing chr12 ...
DEBUG - 2025-12-18 12:37:14 - genome_bin_data.py:712 - chr12 comp values: [np.float64(0.15223878058561355), np.float64(0.15223878058561355)]
INFO - 2025-12-18 12:37:14 - genome_bin_data.py:677 - Comparing chr13 ...
DEBUG - 2025-12-18 12:37:19 - genome_bin_data.py:712 - chr13 comp values: [np.float64(0.15350656240454355), np.float64(0.15350656240454355)]
INFO - 2025-12-18 12:37:19 - genome_bin_data.py:677 - Comparing chr14 ...
DEBUG - 2025-12-18 12:37:24 - genome_bin_data.py:712 - chr14 comp values: [np.float64(0.15809788862337792), np.float64(0.15809788862337792)]
INFO - 2025-12-18 12:37:24 - genome_bin_data.py:677 - Comparing chr15 ...
DEBUG - 2025-12-18 12:37:28 - genome_bin_data.py:712 - chr15 comp values: [np.float64(0.16241085856518842), np.float64(0.16241085856518842)]
INFO - 2025-12-18 12:37:28 - genome_bin_data.py:677 - Comparing chr16 ...
DEBUG - 2025-12-18 12:37:31 - genome_bin_data.py:712 - chr16 comp values: [np.float64(0.21586467133440268), np.float64(0.21586467133440268)]
INFO - 2025-12-18 12:37:31 - genome_bin_data.py:677 - Comparing chr17 ...
DEBUG - 2025-12-18 12:37:36 - genome_bin_data.py:712 - chr17 comp values: [np.float64(0.17169858383910555), np.float64(0.17169858383910555)]
INFO - 2025-12-18 12:37:36 - genome_bin_data.py:677 - Comparing chr18 ...
DEBUG - 2025-12-18 12:37:40 - genome_bin_data.py:712 - chr18 comp values: [np.float64(0.1271186319533942), np.float64(0.1271186319533942)]
INFO - 2025-12-18 12:37:40 - genome_bin_data.py:677 - Comparing chr20 ...
DEBUG - 2025-12-18 12:37:43 - genome_bin_data.py:712 - chr20 comp values: [np.float64(0.19033441263442227), np.float64(0.19033441263442227)]
INFO - 2025-12-18 12:37:43 - genome_bin_data.py:677 - Comparing chr19 ...
DEBUG - 2025-12-18 12:37:46 - genome_bin_data.py:712 - chr19 comp values: [np.float64(0.2036339316201351), np.float64(0.2036339316201351)]
INFO - 2025-12-18 12:37:46 - genome_bin_data.py:677 - Comparing chr22 ...
DEBUG - 2025-12-18 12:37:47 - genome_bin_data.py:712 - chr22 comp values: [np.float64(0.13014170581585824), np.float64(0.13014170581585824)]
INFO - 2025-12-18 12:37:47 - genome_bin_data.py:677 - Comparing chr21 ...
DEBUG - 2025-12-18 12:37:50 - genome_bin_data.py:712 - chr21 comp values: [np.float64(0.06072665891426772), np.float64(0.06072665891426772)]
DEBUG - 2025-12-18 12:37:50 - genome_bin_data.py:747 - {'dist_weighted': np.float64(0.15172065057821713), 'dist_unweighted': np.float64(0.15172065057821713)}
INFO - 2025-12-18 12:37:50 - chia_rep.py:246 - GM12878_rnapii_chiapet_rep2_HEK293T_rnapii_chiapet_rep1 random_walk: 0.152
INFO - 2025-12-18 12:37:50 - chia_rep.py:73 - Results have been written to example_output_CHIA_ENV2/5000000.10000.NONE.random_walk.5.0.jsd.False.1/scores
