
Job information
#-------------------------------------------------------------------
SLURM_SUBMIT_HOST    gl-login6.arc-ts.umich.edu
SLURM_JOB_ACCOUNT    minjilab99
SLURM_JOB_PARTITION  standard
SLURM_JOB_NAME       example_sbatch_script.sbat
SLURM_JOBID          38598075
SLURM_NODELIST       gl3118
SLURM_JOB_NUM_NODES  1
SLURM_NTASKS         
SLURM_TASKS_PER_NODE 1
SLURM_CPUS_PER_TASK  4
SLURM_NPROCS         
SLURM_MEM_PER_CPU    
SLURM_SUBMIT_DIR     /nfs/turbo/umms-minjilab/sionkim/chia_rep/example

scheduling priority             (-e) 0
pending signals                 (-i) 765367
max memory size         (kbytes, -m) 31457280
open files                      (-n) 131072
pipe size            (512 bytes, -p) 8
POSIX message queues     (bytes, -q) 819200
real-time priority              (-r) 0
max user processes              (-u) 765367

Running on gl3118.arc-ts.umich.edu at Thu Dec 18 12:17:27 EST 2025
Your job output begins below the line
#-------------------------------------------------------------------
INFO - 2025-12-18 12:17:31 - chia_rep.py:458 - Loading GM12878_rnapii_chiapet_rep1 ...
INFO - 2025-12-18 12:17:31 - BedGraph.py:59 - Assuming bedgraph file
INFO - 2025-12-18 12:17:31 - BedGraph.py:69 - Reading in hg38.chrom.sizes ...
INFO - 2025-12-18 12:17:31 - BedGraph.py:87 - Reading in /nfs/turbo/umms-minjilab/sionkim/chia_rep_simlinks/GM12878_rnapii_chiapet_rep1_cov_ENCFF621IJG.bedgraph ...
INFO - 2025-12-18 12:17:31 - Chrom_Data.py:68 - Reading in chr1 ...
INFO - 2025-12-18 12:17:40 - Chrom_Data.py:68 - Reading in chr10 ...
INFO - 2025-12-18 12:17:44 - Chrom_Data.py:68 - Reading in chr11 ...
INFO - 2025-12-18 12:17:48 - Chrom_Data.py:68 - Reading in chr12 ...
INFO - 2025-12-18 12:17:52 - Chrom_Data.py:68 - Reading in chr13 ...
INFO - 2025-12-18 12:17:55 - Chrom_Data.py:68 - Reading in chr14 ...
INFO - 2025-12-18 12:17:58 - Chrom_Data.py:68 - Reading in chr15 ...
INFO - 2025-12-18 12:18:00 - Chrom_Data.py:68 - Reading in chr16 ...
INFO - 2025-12-18 12:18:03 - Chrom_Data.py:68 - Reading in chr17 ...
INFO - 2025-12-18 12:18:06 - Chrom_Data.py:68 - Reading in chr18 ...
INFO - 2025-12-18 12:18:08 - Chrom_Data.py:68 - Reading in chr19 ...
INFO - 2025-12-18 12:18:11 - Chrom_Data.py:68 - Reading in chr2 ...
INFO - 2025-12-18 12:18:18 - Chrom_Data.py:68 - Reading in chr20 ...
INFO - 2025-12-18 12:18:20 - Chrom_Data.py:68 - Reading in chr21 ...
INFO - 2025-12-18 12:18:21 - Chrom_Data.py:68 - Reading in chr22 ...
INFO - 2025-12-18 12:18:22 - Chrom_Data.py:68 - Reading in chr3 ...
INFO - 2025-12-18 12:18:28 - Chrom_Data.py:68 - Reading in chr4 ...
INFO - 2025-12-18 12:18:33 - Chrom_Data.py:68 - Reading in chr5 ...
INFO - 2025-12-18 12:18:38 - Chrom_Data.py:68 - Reading in chr6 ...
INFO - 2025-12-18 12:18:44 - Chrom_Data.py:68 - Reading in chr7 ...
INFO - 2025-12-18 12:18:49 - Chrom_Data.py:68 - Reading in chr8 ...
INFO - 2025-12-18 12:18:53 - Chrom_Data.py:68 - Reading in chr9 ...
INFO - 2025-12-18 12:18:56 - Chrom_Data.py:68 - Reading in chrM ...
INFO - 2025-12-18 12:18:56 - Chrom_Data.py:68 - Reading in chrX ...
INFO - 2025-12-18 12:18:59 - Chrom_Data.py:68 - Reading in chrY ...
INFO - 2025-12-18 12:18:59 - genome_bin_data.py:338 - Chromosomes detected in /nfs/turbo/umms-minjilab/sionkim/chia_rep_simlinks/GM12878_rnapii_chiapet_rep1_contact_ENCFF791SUY.hic: ['ALL', '1', '2', '3', '4', '5', '6', '7', '8', '9', '10', '11', '12', '13', '14', '15', '16', '17', '18', '19', '20', '21', '22', 'X', 'Y', 'M']
INFO - 2025-12-18 12:18:59 - Chrom_Data.py:209 - Loading chr1 ...
INFO - 2025-12-18 12:19:00 - genome_bin_data.py:388 - Chromosome chr1 node weights shape (MxN): (99, 500)
INFO - 2025-12-18 12:19:00 - Chrom_Data.py:230 - Freed memory for chr1's index_list
WARNING - 2025-12-18 12:19:01 - genome_bin_data.py:515 - No Hi-C data found in chr1 for window 51 (127500000-132500000)
WARNING - 2025-12-18 12:19:01 - genome_bin_data.py:515 - No Hi-C data found in chr1 for window 52 (130000000-135000000)
WARNING - 2025-12-18 12:19:01 - genome_bin_data.py:515 - No Hi-C data found in chr1 for window 53 (132500000-137500000)
WARNING - 2025-12-18 12:19:01 - genome_bin_data.py:515 - No Hi-C data found in chr1 for window 54 (135000000-140000000)
WARNING - 2025-12-18 12:19:01 - genome_bin_data.py:515 - No Hi-C data found in chr1 for window 55 (137500000-142500000)
INFO - 2025-12-18 12:19:02 - genome_bin_data.py:538 - Chromosome chr1 adjacency matrices shape (MxNxN): (99, 500, 500)
INFO - 2025-12-18 12:19:03 - Chrom_Data.py:209 - Loading chr2 ...
INFO - 2025-12-18 12:19:03 - genome_bin_data.py:388 - Chromosome chr2 node weights shape (MxN): (96, 500)
INFO - 2025-12-18 12:19:04 - Chrom_Data.py:230 - Freed memory for chr2's index_list
INFO - 2025-12-18 12:19:06 - genome_bin_data.py:538 - Chromosome chr2 adjacency matrices shape (MxNxN): (96, 500, 500)
INFO - 2025-12-18 12:19:06 - Chrom_Data.py:209 - Loading chr3 ...
INFO - 2025-12-18 12:19:07 - genome_bin_data.py:388 - Chromosome chr3 node weights shape (MxN): (79, 500)
INFO - 2025-12-18 12:19:07 - Chrom_Data.py:230 - Freed memory for chr3's index_list
INFO - 2025-12-18 12:19:09 - genome_bin_data.py:538 - Chromosome chr3 adjacency matrices shape (MxNxN): (79, 500, 500)
INFO - 2025-12-18 12:19:09 - Chrom_Data.py:209 - Loading chr4 ...
INFO - 2025-12-18 12:19:09 - genome_bin_data.py:388 - Chromosome chr4 node weights shape (MxN): (76, 500)
INFO - 2025-12-18 12:19:09 - Chrom_Data.py:230 - Freed memory for chr4's index_list
INFO - 2025-12-18 12:19:11 - genome_bin_data.py:538 - Chromosome chr4 adjacency matrices shape (MxNxN): (76, 500, 500)
INFO - 2025-12-18 12:19:11 - Chrom_Data.py:209 - Loading chr5 ...
INFO - 2025-12-18 12:19:12 - genome_bin_data.py:388 - Chromosome chr5 node weights shape (MxN): (72, 500)
INFO - 2025-12-18 12:19:12 - Chrom_Data.py:230 - Freed memory for chr5's index_list
INFO - 2025-12-18 12:19:14 - genome_bin_data.py:538 - Chromosome chr5 adjacency matrices shape (MxNxN): (72, 500, 500)
INFO - 2025-12-18 12:19:14 - Chrom_Data.py:209 - Loading chr6 ...
INFO - 2025-12-18 12:19:15 - genome_bin_data.py:388 - Chromosome chr6 node weights shape (MxN): (68, 500)
INFO - 2025-12-18 12:19:15 - Chrom_Data.py:230 - Freed memory for chr6's index_list
INFO - 2025-12-18 12:19:16 - genome_bin_data.py:538 - Chromosome chr6 adjacency matrices shape (MxNxN): (68, 500, 500)
INFO - 2025-12-18 12:19:17 - Chrom_Data.py:209 - Loading chr7 ...
INFO - 2025-12-18 12:19:17 - genome_bin_data.py:388 - Chromosome chr7 node weights shape (MxN): (63, 500)
INFO - 2025-12-18 12:19:17 - Chrom_Data.py:230 - Freed memory for chr7's index_list
INFO - 2025-12-18 12:19:19 - genome_bin_data.py:538 - Chromosome chr7 adjacency matrices shape (MxNxN): (63, 500, 500)
INFO - 2025-12-18 12:19:19 - Chrom_Data.py:209 - Loading chrX ...
INFO - 2025-12-18 12:19:19 - genome_bin_data.py:388 - Chromosome chrX node weights shape (MxN): (62, 500)
INFO - 2025-12-18 12:19:19 - Chrom_Data.py:230 - Freed memory for chrX's index_list
INFO - 2025-12-18 12:19:21 - genome_bin_data.py:538 - Chromosome chrX adjacency matrices shape (MxNxN): (62, 500, 500)
INFO - 2025-12-18 12:19:21 - Chrom_Data.py:209 - Loading chr8 ...
INFO - 2025-12-18 12:19:21 - genome_bin_data.py:388 - Chromosome chr8 node weights shape (MxN): (58, 500)
INFO - 2025-12-18 12:19:21 - Chrom_Data.py:230 - Freed memory for chr8's index_list
INFO - 2025-12-18 12:19:23 - genome_bin_data.py:538 - Chromosome chr8 adjacency matrices shape (MxNxN): (58, 500, 500)
INFO - 2025-12-18 12:19:23 - Chrom_Data.py:209 - Loading chr9 ...
INFO - 2025-12-18 12:19:23 - genome_bin_data.py:388 - Chromosome chr9 node weights shape (MxN): (55, 500)
INFO - 2025-12-18 12:19:23 - Chrom_Data.py:230 - Freed memory for chr9's index_list
WARNING - 2025-12-18 12:19:24 - genome_bin_data.py:515 - No Hi-C data found in chr9 for window 18 (45000000-50000000)
WARNING - 2025-12-18 12:19:24 - genome_bin_data.py:515 - No Hi-C data found in chr9 for window 19 (47500000-52500000)
WARNING - 2025-12-18 12:19:24 - genome_bin_data.py:515 - No Hi-C data found in chr9 for window 20 (50000000-55000000)
WARNING - 2025-12-18 12:19:24 - genome_bin_data.py:515 - No Hi-C data found in chr9 for window 21 (52500000-57500000)
WARNING - 2025-12-18 12:19:24 - genome_bin_data.py:515 - No Hi-C data found in chr9 for window 22 (55000000-60000000)
INFO - 2025-12-18 12:19:25 - genome_bin_data.py:538 - Chromosome chr9 adjacency matrices shape (MxNxN): (55, 500, 500)
INFO - 2025-12-18 12:19:25 - Chrom_Data.py:209 - Loading chr11 ...
INFO - 2025-12-18 12:19:25 - genome_bin_data.py:388 - Chromosome chr11 node weights shape (MxN): (54, 500)
INFO - 2025-12-18 12:19:25 - Chrom_Data.py:230 - Freed memory for chr11's index_list
INFO - 2025-12-18 12:19:27 - genome_bin_data.py:538 - Chromosome chr11 adjacency matrices shape (MxNxN): (54, 500, 500)
INFO - 2025-12-18 12:19:27 - Chrom_Data.py:209 - Loading chr10 ...
INFO - 2025-12-18 12:19:27 - genome_bin_data.py:388 - Chromosome chr10 node weights shape (MxN): (53, 500)
INFO - 2025-12-18 12:19:27 - Chrom_Data.py:230 - Freed memory for chr10's index_list
INFO - 2025-12-18 12:19:29 - genome_bin_data.py:538 - Chromosome chr10 adjacency matrices shape (MxNxN): (53, 500, 500)
INFO - 2025-12-18 12:19:29 - Chrom_Data.py:209 - Loading chr12 ...
INFO - 2025-12-18 12:19:29 - genome_bin_data.py:388 - Chromosome chr12 node weights shape (MxN): (53, 500)
INFO - 2025-12-18 12:19:29 - Chrom_Data.py:230 - Freed memory for chr12's index_list
INFO - 2025-12-18 12:19:30 - genome_bin_data.py:538 - Chromosome chr12 adjacency matrices shape (MxNxN): (53, 500, 500)
INFO - 2025-12-18 12:19:31 - Chrom_Data.py:209 - Loading chr13 ...
INFO - 2025-12-18 12:19:31 - genome_bin_data.py:388 - Chromosome chr13 node weights shape (MxN): (45, 500)
INFO - 2025-12-18 12:19:31 - Chrom_Data.py:230 - Freed memory for chr13's index_list
WARNING - 2025-12-18 12:19:31 - genome_bin_data.py:515 - No Hi-C data found in chr13 for window 0 (0-5000000)
WARNING - 2025-12-18 12:19:31 - genome_bin_data.py:515 - No Hi-C data found in chr13 for window 1 (2500000-7500000)
WARNING - 2025-12-18 12:19:31 - genome_bin_data.py:515 - No Hi-C data found in chr13 for window 2 (5000000-10000000)
WARNING - 2025-12-18 12:19:31 - genome_bin_data.py:515 - No Hi-C data found in chr13 for window 3 (7500000-12500000)
WARNING - 2025-12-18 12:19:31 - genome_bin_data.py:515 - No Hi-C data found in chr13 for window 4 (10000000-15000000)
WARNING - 2025-12-18 12:19:31 - genome_bin_data.py:515 - No Hi-C data found in chr13 for window 5 (12500000-17500000)
INFO - 2025-12-18 12:19:32 - genome_bin_data.py:538 - Chromosome chr13 adjacency matrices shape (MxNxN): (45, 500, 500)
INFO - 2025-12-18 12:19:32 - Chrom_Data.py:209 - Loading chr14 ...
INFO - 2025-12-18 12:19:32 - genome_bin_data.py:388 - Chromosome chr14 node weights shape (MxN): (42, 500)
INFO - 2025-12-18 12:19:32 - Chrom_Data.py:230 - Freed memory for chr14's index_list
WARNING - 2025-12-18 12:19:32 - genome_bin_data.py:515 - No Hi-C data found in chr14 for window 0 (0-5000000)
WARNING - 2025-12-18 12:19:32 - genome_bin_data.py:515 - No Hi-C data found in chr14 for window 1 (2500000-7500000)
WARNING - 2025-12-18 12:19:32 - genome_bin_data.py:515 - No Hi-C data found in chr14 for window 2 (5000000-10000000)
WARNING - 2025-12-18 12:19:32 - genome_bin_data.py:515 - No Hi-C data found in chr14 for window 3 (7500000-12500000)
WARNING - 2025-12-18 12:19:32 - genome_bin_data.py:515 - No Hi-C data found in chr14 for window 4 (10000000-15000000)
WARNING - 2025-12-18 12:19:32 - genome_bin_data.py:515 - No Hi-C data found in chr14 for window 5 (12500000-17500000)
INFO - 2025-12-18 12:19:33 - genome_bin_data.py:538 - Chromosome chr14 adjacency matrices shape (MxNxN): (42, 500, 500)
INFO - 2025-12-18 12:19:33 - Chrom_Data.py:209 - Loading chr15 ...
INFO - 2025-12-18 12:19:34 - genome_bin_data.py:388 - Chromosome chr15 node weights shape (MxN): (40, 500)
INFO - 2025-12-18 12:19:34 - Chrom_Data.py:230 - Freed memory for chr15's index_list
WARNING - 2025-12-18 12:19:34 - genome_bin_data.py:515 - No Hi-C data found in chr15 for window 0 (0-5000000)
WARNING - 2025-12-18 12:19:34 - genome_bin_data.py:515 - No Hi-C data found in chr15 for window 1 (2500000-7500000)
WARNING - 2025-12-18 12:19:34 - genome_bin_data.py:515 - No Hi-C data found in chr15 for window 2 (5000000-10000000)
WARNING - 2025-12-18 12:19:34 - genome_bin_data.py:515 - No Hi-C data found in chr15 for window 3 (7500000-12500000)
WARNING - 2025-12-18 12:19:34 - genome_bin_data.py:515 - No Hi-C data found in chr15 for window 4 (10000000-15000000)
INFO - 2025-12-18 12:19:34 - genome_bin_data.py:538 - Chromosome chr15 adjacency matrices shape (MxNxN): (40, 500, 500)
INFO - 2025-12-18 12:19:35 - Chrom_Data.py:209 - Loading chr16 ...
INFO - 2025-12-18 12:19:35 - genome_bin_data.py:388 - Chromosome chr16 node weights shape (MxN): (36, 500)
INFO - 2025-12-18 12:19:35 - Chrom_Data.py:230 - Freed memory for chr16's index_list
WARNING - 2025-12-18 12:19:35 - genome_bin_data.py:515 - No Hi-C data found in chr16 for window 15 (37500000-42500000)
WARNING - 2025-12-18 12:19:35 - genome_bin_data.py:515 - No Hi-C data found in chr16 for window 16 (40000000-45000000)
INFO - 2025-12-18 12:19:36 - genome_bin_data.py:538 - Chromosome chr16 adjacency matrices shape (MxNxN): (36, 500, 500)
INFO - 2025-12-18 12:19:36 - Chrom_Data.py:209 - Loading chr17 ...
INFO - 2025-12-18 12:19:36 - genome_bin_data.py:388 - Chromosome chr17 node weights shape (MxN): (33, 500)
INFO - 2025-12-18 12:19:36 - Chrom_Data.py:230 - Freed memory for chr17's index_list
INFO - 2025-12-18 12:19:37 - genome_bin_data.py:538 - Chromosome chr17 adjacency matrices shape (MxNxN): (33, 500, 500)
INFO - 2025-12-18 12:19:37 - Chrom_Data.py:209 - Loading chr18 ...
INFO - 2025-12-18 12:19:37 - genome_bin_data.py:388 - Chromosome chr18 node weights shape (MxN): (32, 500)
INFO - 2025-12-18 12:19:37 - Chrom_Data.py:230 - Freed memory for chr18's index_list
INFO - 2025-12-18 12:19:38 - genome_bin_data.py:538 - Chromosome chr18 adjacency matrices shape (MxNxN): (32, 500, 500)
INFO - 2025-12-18 12:19:38 - Chrom_Data.py:209 - Loading chr20 ...
INFO - 2025-12-18 12:19:38 - genome_bin_data.py:388 - Chromosome chr20 node weights shape (MxN): (25, 500)
INFO - 2025-12-18 12:19:38 - Chrom_Data.py:230 - Freed memory for chr20's index_list
INFO - 2025-12-18 12:19:39 - genome_bin_data.py:538 - Chromosome chr20 adjacency matrices shape (MxNxN): (25, 500, 500)
INFO - 2025-12-18 12:19:39 - Chrom_Data.py:209 - Loading chr19 ...
INFO - 2025-12-18 12:19:39 - genome_bin_data.py:388 - Chromosome chr19 node weights shape (MxN): (23, 500)
INFO - 2025-12-18 12:19:39 - Chrom_Data.py:230 - Freed memory for chr19's index_list
INFO - 2025-12-18 12:19:40 - genome_bin_data.py:538 - Chromosome chr19 adjacency matrices shape (MxNxN): (23, 500, 500)
INFO - 2025-12-18 12:19:40 - Chrom_Data.py:209 - Loading chr22 ...
INFO - 2025-12-18 12:19:40 - genome_bin_data.py:388 - Chromosome chr22 node weights shape (MxN): (20, 500)
INFO - 2025-12-18 12:19:40 - Chrom_Data.py:230 - Freed memory for chr22's index_list
WARNING - 2025-12-18 12:19:40 - genome_bin_data.py:515 - No Hi-C data found in chr22 for window 0 (0-5000000)
WARNING - 2025-12-18 12:19:40 - genome_bin_data.py:515 - No Hi-C data found in chr22 for window 1 (2500000-7500000)
WARNING - 2025-12-18 12:19:40 - genome_bin_data.py:515 - No Hi-C data found in chr22 for window 2 (5000000-10000000)
INFO - 2025-12-18 12:19:40 - genome_bin_data.py:538 - Chromosome chr22 adjacency matrices shape (MxNxN): (20, 500, 500)
INFO - 2025-12-18 12:19:40 - Chrom_Data.py:209 - Loading chr21 ...
INFO - 2025-12-18 12:19:40 - genome_bin_data.py:388 - Chromosome chr21 node weights shape (MxN): (18, 500)
INFO - 2025-12-18 12:19:40 - Chrom_Data.py:230 - Freed memory for chr21's index_list
WARNING - 2025-12-18 12:19:40 - genome_bin_data.py:515 - No Hi-C data found in chr21 for window 0 (0-5000000)
INFO - 2025-12-18 12:19:41 - genome_bin_data.py:538 - Chromosome chr21 adjacency matrices shape (MxNxN): (18, 500, 500)
INFO - 2025-12-18 12:19:41 - chia_rep.py:458 - Loading GM12878_rnapii_chiapet_rep2 ...
INFO - 2025-12-18 12:19:41 - BedGraph.py:59 - Assuming bedgraph file
INFO - 2025-12-18 12:19:41 - BedGraph.py:69 - Reading in hg38.chrom.sizes ...
INFO - 2025-12-18 12:19:41 - BedGraph.py:87 - Reading in /nfs/turbo/umms-minjilab/sionkim/chia_rep_simlinks/GM12878_rnapii_chiapet_rep2_cov_ENCFF607ACO.bedgraph ...
INFO - 2025-12-18 12:19:41 - Chrom_Data.py:68 - Reading in chr1 ...
INFO - 2025-12-18 12:19:57 - Chrom_Data.py:68 - Reading in chr10 ...
INFO - 2025-12-18 12:20:05 - Chrom_Data.py:68 - Reading in chr11 ...
INFO - 2025-12-18 12:20:13 - Chrom_Data.py:68 - Reading in chr12 ...
INFO - 2025-12-18 12:20:22 - Chrom_Data.py:68 - Reading in chr13 ...
INFO - 2025-12-18 12:20:27 - Chrom_Data.py:68 - Reading in chr14 ...
INFO - 2025-12-18 12:20:32 - Chrom_Data.py:68 - Reading in chr15 ...
INFO - 2025-12-18 12:20:38 - Chrom_Data.py:68 - Reading in chr16 ...
INFO - 2025-12-18 12:20:43 - Chrom_Data.py:68 - Reading in chr17 ...
INFO - 2025-12-18 12:20:49 - Chrom_Data.py:68 - Reading in chr18 ...
INFO - 2025-12-18 12:20:53 - Chrom_Data.py:68 - Reading in chr19 ...
INFO - 2025-12-18 12:20:58 - Chrom_Data.py:68 - Reading in chr2 ...
INFO - 2025-12-18 12:21:12 - Chrom_Data.py:68 - Reading in chr20 ...
INFO - 2025-12-18 12:21:16 - Chrom_Data.py:68 - Reading in chr21 ...
INFO - 2025-12-18 12:21:17 - Chrom_Data.py:68 - Reading in chr22 ...
INFO - 2025-12-18 12:21:20 - Chrom_Data.py:68 - Reading in chr3 ...
INFO - 2025-12-18 12:21:32 - Chrom_Data.py:68 - Reading in chr4 ...
INFO - 2025-12-18 12:21:42 - Chrom_Data.py:68 - Reading in chr5 ...
INFO - 2025-12-18 12:21:52 - Chrom_Data.py:68 - Reading in chr6 ...
INFO - 2025-12-18 12:22:03 - Chrom_Data.py:68 - Reading in chr7 ...
INFO - 2025-12-18 12:22:12 - Chrom_Data.py:68 - Reading in chr8 ...
INFO - 2025-12-18 12:22:20 - Chrom_Data.py:68 - Reading in chr9 ...
INFO - 2025-12-18 12:22:27 - Chrom_Data.py:68 - Reading in chrM ...
INFO - 2025-12-18 12:22:27 - Chrom_Data.py:68 - Reading in chrX ...
INFO - 2025-12-18 12:22:33 - Chrom_Data.py:68 - Reading in chrY ...
INFO - 2025-12-18 12:22:33 - genome_bin_data.py:338 - Chromosomes detected in /nfs/turbo/umms-minjilab/sionkim/chia_rep_simlinks/GM12878_rnapii_chiapet_rep2_contact_ENCFF575CQS.hic: ['ALL', '1', '2', '3', '4', '5', '6', '7', '8', '9', '10', '11', '12', '13', '14', '15', '16', '17', '18', '19', '20', '21', '22', 'X', 'Y', 'M']
INFO - 2025-12-18 12:22:33 - Chrom_Data.py:209 - Loading chr1 ...
INFO - 2025-12-18 12:22:34 - genome_bin_data.py:388 - Chromosome chr1 node weights shape (MxN): (99, 500)
INFO - 2025-12-18 12:22:34 - Chrom_Data.py:230 - Freed memory for chr1's index_list
WARNING - 2025-12-18 12:22:35 - genome_bin_data.py:515 - No Hi-C data found in chr1 for window 51 (127500000-132500000)
WARNING - 2025-12-18 12:22:35 - genome_bin_data.py:515 - No Hi-C data found in chr1 for window 52 (130000000-135000000)
WARNING - 2025-12-18 12:22:35 - genome_bin_data.py:515 - No Hi-C data found in chr1 for window 53 (132500000-137500000)
WARNING - 2025-12-18 12:22:35 - genome_bin_data.py:515 - No Hi-C data found in chr1 for window 54 (135000000-140000000)
WARNING - 2025-12-18 12:22:35 - genome_bin_data.py:515 - No Hi-C data found in chr1 for window 55 (137500000-142500000)
INFO - 2025-12-18 12:22:36 - genome_bin_data.py:538 - Chromosome chr1 adjacency matrices shape (MxNxN): (99, 500, 500)
INFO - 2025-12-18 12:22:36 - Chrom_Data.py:209 - Loading chr2 ...
INFO - 2025-12-18 12:22:37 - genome_bin_data.py:388 - Chromosome chr2 node weights shape (MxN): (96, 500)
INFO - 2025-12-18 12:22:37 - Chrom_Data.py:230 - Freed memory for chr2's index_list
INFO - 2025-12-18 12:22:40 - genome_bin_data.py:538 - Chromosome chr2 adjacency matrices shape (MxNxN): (96, 500, 500)
INFO - 2025-12-18 12:22:40 - Chrom_Data.py:209 - Loading chr3 ...
INFO - 2025-12-18 12:22:41 - genome_bin_data.py:388 - Chromosome chr3 node weights shape (MxN): (79, 500)
INFO - 2025-12-18 12:22:41 - Chrom_Data.py:230 - Freed memory for chr3's index_list
INFO - 2025-12-18 12:22:43 - genome_bin_data.py:538 - Chromosome chr3 adjacency matrices shape (MxNxN): (79, 500, 500)
INFO - 2025-12-18 12:22:43 - Chrom_Data.py:209 - Loading chr4 ...
INFO - 2025-12-18 12:22:44 - genome_bin_data.py:388 - Chromosome chr4 node weights shape (MxN): (76, 500)
INFO - 2025-12-18 12:22:44 - Chrom_Data.py:230 - Freed memory for chr4's index_list
INFO - 2025-12-18 12:22:46 - genome_bin_data.py:538 - Chromosome chr4 adjacency matrices shape (MxNxN): (76, 500, 500)
INFO - 2025-12-18 12:22:46 - Chrom_Data.py:209 - Loading chr5 ...
INFO - 2025-12-18 12:22:47 - genome_bin_data.py:388 - Chromosome chr5 node weights shape (MxN): (72, 500)
INFO - 2025-12-18 12:22:47 - Chrom_Data.py:230 - Freed memory for chr5's index_list
INFO - 2025-12-18 12:22:49 - genome_bin_data.py:538 - Chromosome chr5 adjacency matrices shape (MxNxN): (72, 500, 500)
INFO - 2025-12-18 12:22:49 - Chrom_Data.py:209 - Loading chr6 ...
INFO - 2025-12-18 12:22:50 - genome_bin_data.py:388 - Chromosome chr6 node weights shape (MxN): (68, 500)
INFO - 2025-12-18 12:22:50 - Chrom_Data.py:230 - Freed memory for chr6's index_list
INFO - 2025-12-18 12:22:51 - genome_bin_data.py:538 - Chromosome chr6 adjacency matrices shape (MxNxN): (68, 500, 500)
INFO - 2025-12-18 12:22:52 - Chrom_Data.py:209 - Loading chr7 ...
INFO - 2025-12-18 12:22:52 - genome_bin_data.py:388 - Chromosome chr7 node weights shape (MxN): (63, 500)
INFO - 2025-12-18 12:22:52 - Chrom_Data.py:230 - Freed memory for chr7's index_list
INFO - 2025-12-18 12:22:54 - genome_bin_data.py:538 - Chromosome chr7 adjacency matrices shape (MxNxN): (63, 500, 500)
INFO - 2025-12-18 12:22:54 - Chrom_Data.py:209 - Loading chrX ...
INFO - 2025-12-18 12:22:55 - genome_bin_data.py:388 - Chromosome chrX node weights shape (MxN): (62, 500)
INFO - 2025-12-18 12:22:55 - Chrom_Data.py:230 - Freed memory for chrX's index_list
INFO - 2025-12-18 12:22:56 - genome_bin_data.py:538 - Chromosome chrX adjacency matrices shape (MxNxN): (62, 500, 500)
INFO - 2025-12-18 12:22:56 - Chrom_Data.py:209 - Loading chr8 ...
INFO - 2025-12-18 12:22:57 - genome_bin_data.py:388 - Chromosome chr8 node weights shape (MxN): (58, 500)
INFO - 2025-12-18 12:22:57 - Chrom_Data.py:230 - Freed memory for chr8's index_list
INFO - 2025-12-18 12:22:58 - genome_bin_data.py:538 - Chromosome chr8 adjacency matrices shape (MxNxN): (58, 500, 500)
INFO - 2025-12-18 12:22:58 - Chrom_Data.py:209 - Loading chr9 ...
INFO - 2025-12-18 12:22:59 - genome_bin_data.py:388 - Chromosome chr9 node weights shape (MxN): (55, 500)
INFO - 2025-12-18 12:22:59 - Chrom_Data.py:230 - Freed memory for chr9's index_list
WARNING - 2025-12-18 12:23:00 - genome_bin_data.py:515 - No Hi-C data found in chr9 for window 18 (45000000-50000000)
WARNING - 2025-12-18 12:23:00 - genome_bin_data.py:515 - No Hi-C data found in chr9 for window 19 (47500000-52500000)
WARNING - 2025-12-18 12:23:00 - genome_bin_data.py:515 - No Hi-C data found in chr9 for window 20 (50000000-55000000)
WARNING - 2025-12-18 12:23:00 - genome_bin_data.py:515 - No Hi-C data found in chr9 for window 21 (52500000-57500000)
WARNING - 2025-12-18 12:23:00 - genome_bin_data.py:515 - No Hi-C data found in chr9 for window 22 (55000000-60000000)
INFO - 2025-12-18 12:23:00 - genome_bin_data.py:538 - Chromosome chr9 adjacency matrices shape (MxNxN): (55, 500, 500)
INFO - 2025-12-18 12:23:00 - Chrom_Data.py:209 - Loading chr11 ...
INFO - 2025-12-18 12:23:01 - genome_bin_data.py:388 - Chromosome chr11 node weights shape (MxN): (54, 500)
INFO - 2025-12-18 12:23:01 - Chrom_Data.py:230 - Freed memory for chr11's index_list
INFO - 2025-12-18 12:23:02 - genome_bin_data.py:538 - Chromosome chr11 adjacency matrices shape (MxNxN): (54, 500, 500)
INFO - 2025-12-18 12:23:03 - Chrom_Data.py:209 - Loading chr10 ...
INFO - 2025-12-18 12:23:03 - genome_bin_data.py:388 - Chromosome chr10 node weights shape (MxN): (53, 500)
INFO - 2025-12-18 12:23:03 - Chrom_Data.py:230 - Freed memory for chr10's index_list
INFO - 2025-12-18 12:23:04 - genome_bin_data.py:538 - Chromosome chr10 adjacency matrices shape (MxNxN): (53, 500, 500)
INFO - 2025-12-18 12:23:05 - Chrom_Data.py:209 - Loading chr12 ...
INFO - 2025-12-18 12:23:05 - genome_bin_data.py:388 - Chromosome chr12 node weights shape (MxN): (53, 500)
INFO - 2025-12-18 12:23:05 - Chrom_Data.py:230 - Freed memory for chr12's index_list
INFO - 2025-12-18 12:23:07 - genome_bin_data.py:538 - Chromosome chr12 adjacency matrices shape (MxNxN): (53, 500, 500)
INFO - 2025-12-18 12:23:07 - Chrom_Data.py:209 - Loading chr13 ...
INFO - 2025-12-18 12:23:07 - genome_bin_data.py:388 - Chromosome chr13 node weights shape (MxN): (45, 500)
INFO - 2025-12-18 12:23:07 - Chrom_Data.py:230 - Freed memory for chr13's index_list
WARNING - 2025-12-18 12:23:07 - genome_bin_data.py:515 - No Hi-C data found in chr13 for window 0 (0-5000000)
WARNING - 2025-12-18 12:23:07 - genome_bin_data.py:515 - No Hi-C data found in chr13 for window 1 (2500000-7500000)
WARNING - 2025-12-18 12:23:07 - genome_bin_data.py:515 - No Hi-C data found in chr13 for window 2 (5000000-10000000)
WARNING - 2025-12-18 12:23:07 - genome_bin_data.py:515 - No Hi-C data found in chr13 for window 3 (7500000-12500000)
WARNING - 2025-12-18 12:23:07 - genome_bin_data.py:515 - No Hi-C data found in chr13 for window 4 (10000000-15000000)
WARNING - 2025-12-18 12:23:07 - genome_bin_data.py:515 - No Hi-C data found in chr13 for window 5 (12500000-17500000)
INFO - 2025-12-18 12:23:08 - genome_bin_data.py:538 - Chromosome chr13 adjacency matrices shape (MxNxN): (45, 500, 500)
INFO - 2025-12-18 12:23:08 - Chrom_Data.py:209 - Loading chr14 ...
INFO - 2025-12-18 12:23:09 - genome_bin_data.py:388 - Chromosome chr14 node weights shape (MxN): (42, 500)
INFO - 2025-12-18 12:23:09 - Chrom_Data.py:230 - Freed memory for chr14's index_list
WARNING - 2025-12-18 12:23:09 - genome_bin_data.py:515 - No Hi-C data found in chr14 for window 0 (0-5000000)
WARNING - 2025-12-18 12:23:09 - genome_bin_data.py:515 - No Hi-C data found in chr14 for window 1 (2500000-7500000)
WARNING - 2025-12-18 12:23:09 - genome_bin_data.py:515 - No Hi-C data found in chr14 for window 2 (5000000-10000000)
WARNING - 2025-12-18 12:23:09 - genome_bin_data.py:515 - No Hi-C data found in chr14 for window 3 (7500000-12500000)
WARNING - 2025-12-18 12:23:09 - genome_bin_data.py:515 - No Hi-C data found in chr14 for window 4 (10000000-15000000)
WARNING - 2025-12-18 12:23:09 - genome_bin_data.py:515 - No Hi-C data found in chr14 for window 5 (12500000-17500000)
INFO - 2025-12-18 12:23:10 - genome_bin_data.py:538 - Chromosome chr14 adjacency matrices shape (MxNxN): (42, 500, 500)
INFO - 2025-12-18 12:23:10 - Chrom_Data.py:209 - Loading chr15 ...
INFO - 2025-12-18 12:23:10 - genome_bin_data.py:388 - Chromosome chr15 node weights shape (MxN): (40, 500)
INFO - 2025-12-18 12:23:10 - Chrom_Data.py:230 - Freed memory for chr15's index_list
WARNING - 2025-12-18 12:23:10 - genome_bin_data.py:515 - No Hi-C data found in chr15 for window 0 (0-5000000)
WARNING - 2025-12-18 12:23:10 - genome_bin_data.py:515 - No Hi-C data found in chr15 for window 1 (2500000-7500000)
WARNING - 2025-12-18 12:23:10 - genome_bin_data.py:515 - No Hi-C data found in chr15 for window 2 (5000000-10000000)
WARNING - 2025-12-18 12:23:10 - genome_bin_data.py:515 - No Hi-C data found in chr15 for window 3 (7500000-12500000)
WARNING - 2025-12-18 12:23:10 - genome_bin_data.py:515 - No Hi-C data found in chr15 for window 4 (10000000-15000000)
WARNING - 2025-12-18 12:23:10 - genome_bin_data.py:515 - No Hi-C data found in chr15 for window 5 (12500000-17500000)
INFO - 2025-12-18 12:23:11 - genome_bin_data.py:538 - Chromosome chr15 adjacency matrices shape (MxNxN): (40, 500, 500)
INFO - 2025-12-18 12:23:11 - Chrom_Data.py:209 - Loading chr16 ...
INFO - 2025-12-18 12:23:12 - genome_bin_data.py:388 - Chromosome chr16 node weights shape (MxN): (36, 500)
INFO - 2025-12-18 12:23:12 - Chrom_Data.py:230 - Freed memory for chr16's index_list
WARNING - 2025-12-18 12:23:12 - genome_bin_data.py:515 - No Hi-C data found in chr16 for window 15 (37500000-42500000)
WARNING - 2025-12-18 12:23:12 - genome_bin_data.py:515 - No Hi-C data found in chr16 for window 16 (40000000-45000000)
INFO - 2025-12-18 12:23:12 - genome_bin_data.py:538 - Chromosome chr16 adjacency matrices shape (MxNxN): (36, 500, 500)
INFO - 2025-12-18 12:23:12 - Chrom_Data.py:209 - Loading chr17 ...
INFO - 2025-12-18 12:23:13 - genome_bin_data.py:388 - Chromosome chr17 node weights shape (MxN): (33, 500)
INFO - 2025-12-18 12:23:13 - Chrom_Data.py:230 - Freed memory for chr17's index_list
INFO - 2025-12-18 12:23:14 - genome_bin_data.py:538 - Chromosome chr17 adjacency matrices shape (MxNxN): (33, 500, 500)
INFO - 2025-12-18 12:23:14 - Chrom_Data.py:209 - Loading chr18 ...
INFO - 2025-12-18 12:23:14 - genome_bin_data.py:388 - Chromosome chr18 node weights shape (MxN): (32, 500)
INFO - 2025-12-18 12:23:14 - Chrom_Data.py:230 - Freed memory for chr18's index_list
INFO - 2025-12-18 12:23:15 - genome_bin_data.py:538 - Chromosome chr18 adjacency matrices shape (MxNxN): (32, 500, 500)
INFO - 2025-12-18 12:23:15 - Chrom_Data.py:209 - Loading chr20 ...
INFO - 2025-12-18 12:23:15 - genome_bin_data.py:388 - Chromosome chr20 node weights shape (MxN): (25, 500)
INFO - 2025-12-18 12:23:15 - Chrom_Data.py:230 - Freed memory for chr20's index_list
INFO - 2025-12-18 12:23:16 - genome_bin_data.py:538 - Chromosome chr20 adjacency matrices shape (MxNxN): (25, 500, 500)
INFO - 2025-12-18 12:23:16 - Chrom_Data.py:209 - Loading chr19 ...
INFO - 2025-12-18 12:23:16 - genome_bin_data.py:388 - Chromosome chr19 node weights shape (MxN): (23, 500)
INFO - 2025-12-18 12:23:16 - Chrom_Data.py:230 - Freed memory for chr19's index_list
INFO - 2025-12-18 12:23:17 - genome_bin_data.py:538 - Chromosome chr19 adjacency matrices shape (MxNxN): (23, 500, 500)
INFO - 2025-12-18 12:23:17 - Chrom_Data.py:209 - Loading chr22 ...
INFO - 2025-12-18 12:23:17 - genome_bin_data.py:388 - Chromosome chr22 node weights shape (MxN): (20, 500)
INFO - 2025-12-18 12:23:17 - Chrom_Data.py:230 - Freed memory for chr22's index_list
WARNING - 2025-12-18 12:23:17 - genome_bin_data.py:515 - No Hi-C data found in chr22 for window 0 (0-5000000)
WARNING - 2025-12-18 12:23:17 - genome_bin_data.py:515 - No Hi-C data found in chr22 for window 1 (2500000-7500000)
WARNING - 2025-12-18 12:23:17 - genome_bin_data.py:515 - No Hi-C data found in chr22 for window 2 (5000000-10000000)
INFO - 2025-12-18 12:23:17 - genome_bin_data.py:538 - Chromosome chr22 adjacency matrices shape (MxNxN): (20, 500, 500)
INFO - 2025-12-18 12:23:17 - Chrom_Data.py:209 - Loading chr21 ...
INFO - 2025-12-18 12:23:18 - genome_bin_data.py:388 - Chromosome chr21 node weights shape (MxN): (18, 500)
INFO - 2025-12-18 12:23:18 - Chrom_Data.py:230 - Freed memory for chr21's index_list
WARNING - 2025-12-18 12:23:18 - genome_bin_data.py:515 - No Hi-C data found in chr21 for window 0 (0-5000000)
INFO - 2025-12-18 12:23:18 - genome_bin_data.py:538 - Chromosome chr21 adjacency matrices shape (MxNxN): (18, 500, 500)
INFO - 2025-12-18 12:23:18 - chia_rep.py:458 - Loading HEK293T_rnapii_chiapet_rep1 ...
INFO - 2025-12-18 12:23:18 - BedGraph.py:59 - Assuming bedgraph file
INFO - 2025-12-18 12:23:18 - BedGraph.py:69 - Reading in hg38.chrom.sizes ...
INFO - 2025-12-18 12:23:18 - BedGraph.py:87 - Reading in /nfs/turbo/umms-minjilab/sionkim/chia_rep_simlinks/HEK293T_rnapii_chiapet_rep1_cov_ENCFF463PEJ.bedgraph ...
INFO - 2025-12-18 12:23:18 - Chrom_Data.py:68 - Reading in chr1 ...
INFO - 2025-12-18 12:23:35 - Chrom_Data.py:68 - Reading in chr10 ...
INFO - 2025-12-18 12:23:43 - Chrom_Data.py:68 - Reading in chr11 ...
INFO - 2025-12-18 12:23:52 - Chrom_Data.py:68 - Reading in chr12 ...
INFO - 2025-12-18 12:24:00 - Chrom_Data.py:68 - Reading in chr13 ...
INFO - 2025-12-18 12:24:05 - Chrom_Data.py:68 - Reading in chr14 ...
INFO - 2025-12-18 12:24:11 - Chrom_Data.py:68 - Reading in chr15 ...
INFO - 2025-12-18 12:24:17 - Chrom_Data.py:68 - Reading in chr16 ...
INFO - 2025-12-18 12:24:23 - Chrom_Data.py:68 - Reading in chr17 ...
INFO - 2025-12-18 12:24:31 - Chrom_Data.py:68 - Reading in chr18 ...
INFO - 2025-12-18 12:24:35 - Chrom_Data.py:68 - Reading in chr19 ...
INFO - 2025-12-18 12:24:40 - Chrom_Data.py:68 - Reading in chr2 ...
INFO - 2025-12-18 12:24:52 - Chrom_Data.py:68 - Reading in chr20 ...
INFO - 2025-12-18 12:24:57 - Chrom_Data.py:68 - Reading in chr21 ...
INFO - 2025-12-18 12:24:58 - Chrom_Data.py:68 - Reading in chr22 ...
INFO - 2025-12-18 12:25:02 - Chrom_Data.py:68 - Reading in chr3 ...
INFO - 2025-12-18 12:25:12 - Chrom_Data.py:68 - Reading in chr4 ...
INFO - 2025-12-18 12:25:21 - Chrom_Data.py:68 - Reading in chr5 ...
INFO - 2025-12-18 12:25:31 - Chrom_Data.py:68 - Reading in chr6 ...
INFO - 2025-12-18 12:25:42 - Chrom_Data.py:68 - Reading in chr7 ...
INFO - 2025-12-18 12:25:51 - Chrom_Data.py:68 - Reading in chr8 ...
INFO - 2025-12-18 12:25:58 - Chrom_Data.py:68 - Reading in chr9 ...
INFO - 2025-12-18 12:26:04 - Chrom_Data.py:68 - Reading in chrM ...
INFO - 2025-12-18 12:26:04 - Chrom_Data.py:68 - Reading in chrX ...
INFO - 2025-12-18 12:26:10 - Chrom_Data.py:68 - Reading in chrY ...
INFO - 2025-12-18 12:26:10 - genome_bin_data.py:338 - Chromosomes detected in /nfs/turbo/umms-minjilab/sionkim/chia_rep_simlinks/HEK293T_rnapii_chiapet_rep1_contact_ENCFF750KFK.hic: ['ALL', '1', '2', '3', '4', '5', '6', '7', '8', '9', '10', '11', '12', '13', '14', '15', '16', '17', '18', '19', '20', '21', '22', 'X', 'Y', 'M']
INFO - 2025-12-18 12:26:10 - Chrom_Data.py:209 - Loading chr1 ...
INFO - 2025-12-18 12:26:12 - genome_bin_data.py:388 - Chromosome chr1 node weights shape (MxN): (99, 500)
INFO - 2025-12-18 12:26:12 - Chrom_Data.py:230 - Freed memory for chr1's index_list
WARNING - 2025-12-18 12:26:13 - genome_bin_data.py:515 - No Hi-C data found in chr1 for window 51 (127500000-132500000)
WARNING - 2025-12-18 12:26:13 - genome_bin_data.py:515 - No Hi-C data found in chr1 for window 52 (130000000-135000000)
WARNING - 2025-12-18 12:26:13 - genome_bin_data.py:515 - No Hi-C data found in chr1 for window 53 (132500000-137500000)
WARNING - 2025-12-18 12:26:13 - genome_bin_data.py:515 - No Hi-C data found in chr1 for window 54 (135000000-140000000)
WARNING - 2025-12-18 12:26:13 - genome_bin_data.py:515 - No Hi-C data found in chr1 for window 55 (137500000-142500000)
INFO - 2025-12-18 12:26:14 - genome_bin_data.py:538 - Chromosome chr1 adjacency matrices shape (MxNxN): (99, 500, 500)
INFO - 2025-12-18 12:26:14 - Chrom_Data.py:209 - Loading chr2 ...
INFO - 2025-12-18 12:26:15 - genome_bin_data.py:388 - Chromosome chr2 node weights shape (MxN): (96, 500)
INFO - 2025-12-18 12:26:15 - Chrom_Data.py:230 - Freed memory for chr2's index_list
INFO - 2025-12-18 12:26:18 - genome_bin_data.py:538 - Chromosome chr2 adjacency matrices shape (MxNxN): (96, 500, 500)
INFO - 2025-12-18 12:26:18 - Chrom_Data.py:209 - Loading chr3 ...
INFO - 2025-12-18 12:26:19 - genome_bin_data.py:388 - Chromosome chr3 node weights shape (MxN): (79, 500)
INFO - 2025-12-18 12:26:19 - Chrom_Data.py:230 - Freed memory for chr3's index_list
INFO - 2025-12-18 12:26:21 - genome_bin_data.py:538 - Chromosome chr3 adjacency matrices shape (MxNxN): (79, 500, 500)
INFO - 2025-12-18 12:26:21 - Chrom_Data.py:209 - Loading chr4 ...
INFO - 2025-12-18 12:26:22 - genome_bin_data.py:388 - Chromosome chr4 node weights shape (MxN): (76, 500)
INFO - 2025-12-18 12:26:22 - Chrom_Data.py:230 - Freed memory for chr4's index_list
INFO - 2025-12-18 12:26:24 - genome_bin_data.py:538 - Chromosome chr4 adjacency matrices shape (MxNxN): (76, 500, 500)
INFO - 2025-12-18 12:26:24 - Chrom_Data.py:209 - Loading chr5 ...
INFO - 2025-12-18 12:26:25 - genome_bin_data.py:388 - Chromosome chr5 node weights shape (MxN): (72, 500)
INFO - 2025-12-18 12:26:25 - Chrom_Data.py:230 - Freed memory for chr5's index_list
INFO - 2025-12-18 12:26:26 - genome_bin_data.py:538 - Chromosome chr5 adjacency matrices shape (MxNxN): (72, 500, 500)
INFO - 2025-12-18 12:26:27 - Chrom_Data.py:209 - Loading chr6 ...
INFO - 2025-12-18 12:26:27 - genome_bin_data.py:388 - Chromosome chr6 node weights shape (MxN): (68, 500)
INFO - 2025-12-18 12:26:27 - Chrom_Data.py:230 - Freed memory for chr6's index_list
INFO - 2025-12-18 12:26:29 - genome_bin_data.py:538 - Chromosome chr6 adjacency matrices shape (MxNxN): (68, 500, 500)
INFO - 2025-12-18 12:26:29 - Chrom_Data.py:209 - Loading chr7 ...
INFO - 2025-12-18 12:26:30 - genome_bin_data.py:388 - Chromosome chr7 node weights shape (MxN): (63, 500)
INFO - 2025-12-18 12:26:30 - Chrom_Data.py:230 - Freed memory for chr7's index_list
INFO - 2025-12-18 12:26:31 - genome_bin_data.py:538 - Chromosome chr7 adjacency matrices shape (MxNxN): (63, 500, 500)
INFO - 2025-12-18 12:26:32 - Chrom_Data.py:209 - Loading chrX ...
INFO - 2025-12-18 12:26:32 - genome_bin_data.py:388 - Chromosome chrX node weights shape (MxN): (62, 500)
INFO - 2025-12-18 12:26:32 - Chrom_Data.py:230 - Freed memory for chrX's index_list
INFO - 2025-12-18 12:26:34 - genome_bin_data.py:538 - Chromosome chrX adjacency matrices shape (MxNxN): (62, 500, 500)
INFO - 2025-12-18 12:26:34 - Chrom_Data.py:209 - Loading chr8 ...
INFO - 2025-12-18 12:26:34 - genome_bin_data.py:388 - Chromosome chr8 node weights shape (MxN): (58, 500)
INFO - 2025-12-18 12:26:34 - Chrom_Data.py:230 - Freed memory for chr8's index_list
INFO - 2025-12-18 12:26:36 - genome_bin_data.py:538 - Chromosome chr8 adjacency matrices shape (MxNxN): (58, 500, 500)
INFO - 2025-12-18 12:26:36 - Chrom_Data.py:209 - Loading chr9 ...
INFO - 2025-12-18 12:26:37 - genome_bin_data.py:388 - Chromosome chr9 node weights shape (MxN): (55, 500)
INFO - 2025-12-18 12:26:37 - Chrom_Data.py:230 - Freed memory for chr9's index_list
WARNING - 2025-12-18 12:26:37 - genome_bin_data.py:515 - No Hi-C data found in chr9 for window 18 (45000000-50000000)
WARNING - 2025-12-18 12:26:37 - genome_bin_data.py:515 - No Hi-C data found in chr9 for window 19 (47500000-52500000)
WARNING - 2025-12-18 12:26:37 - genome_bin_data.py:515 - No Hi-C data found in chr9 for window 20 (50000000-55000000)
WARNING - 2025-12-18 12:26:37 - genome_bin_data.py:515 - No Hi-C data found in chr9 for window 21 (52500000-57500000)
WARNING - 2025-12-18 12:26:37 - genome_bin_data.py:515 - No Hi-C data found in chr9 for window 22 (55000000-60000000)
INFO - 2025-12-18 12:26:38 - genome_bin_data.py:538 - Chromosome chr9 adjacency matrices shape (MxNxN): (55, 500, 500)
INFO - 2025-12-18 12:26:38 - Chrom_Data.py:209 - Loading chr11 ...
INFO - 2025-12-18 12:26:39 - genome_bin_data.py:388 - Chromosome chr11 node weights shape (MxN): (54, 500)
INFO - 2025-12-18 12:26:39 - Chrom_Data.py:230 - Freed memory for chr11's index_list
INFO - 2025-12-18 12:26:40 - genome_bin_data.py:538 - Chromosome chr11 adjacency matrices shape (MxNxN): (54, 500, 500)
INFO - 2025-12-18 12:26:40 - Chrom_Data.py:209 - Loading chr10 ...
INFO - 2025-12-18 12:26:41 - genome_bin_data.py:388 - Chromosome chr10 node weights shape (MxN): (53, 500)
INFO - 2025-12-18 12:26:41 - Chrom_Data.py:230 - Freed memory for chr10's index_list
INFO - 2025-12-18 12:26:42 - genome_bin_data.py:538 - Chromosome chr10 adjacency matrices shape (MxNxN): (53, 500, 500)
INFO - 2025-12-18 12:26:42 - Chrom_Data.py:209 - Loading chr12 ...
INFO - 2025-12-18 12:26:43 - genome_bin_data.py:388 - Chromosome chr12 node weights shape (MxN): (53, 500)
INFO - 2025-12-18 12:26:43 - Chrom_Data.py:230 - Freed memory for chr12's index_list
INFO - 2025-12-18 12:26:44 - genome_bin_data.py:538 - Chromosome chr12 adjacency matrices shape (MxNxN): (53, 500, 500)
INFO - 2025-12-18 12:26:44 - Chrom_Data.py:209 - Loading chr13 ...
INFO - 2025-12-18 12:26:45 - genome_bin_data.py:388 - Chromosome chr13 node weights shape (MxN): (45, 500)
INFO - 2025-12-18 12:26:45 - Chrom_Data.py:230 - Freed memory for chr13's index_list
WARNING - 2025-12-18 12:26:45 - genome_bin_data.py:515 - No Hi-C data found in chr13 for window 0 (0-5000000)
WARNING - 2025-12-18 12:26:45 - genome_bin_data.py:515 - No Hi-C data found in chr13 for window 1 (2500000-7500000)
WARNING - 2025-12-18 12:26:45 - genome_bin_data.py:515 - No Hi-C data found in chr13 for window 2 (5000000-10000000)
WARNING - 2025-12-18 12:26:45 - genome_bin_data.py:515 - No Hi-C data found in chr13 for window 3 (7500000-12500000)
WARNING - 2025-12-18 12:26:45 - genome_bin_data.py:515 - No Hi-C data found in chr13 for window 4 (10000000-15000000)
WARNING - 2025-12-18 12:26:45 - genome_bin_data.py:515 - No Hi-C data found in chr13 for window 5 (12500000-17500000)
INFO - 2025-12-18 12:26:46 - genome_bin_data.py:538 - Chromosome chr13 adjacency matrices shape (MxNxN): (45, 500, 500)
INFO - 2025-12-18 12:26:46 - Chrom_Data.py:209 - Loading chr14 ...
INFO - 2025-12-18 12:26:47 - genome_bin_data.py:388 - Chromosome chr14 node weights shape (MxN): (42, 500)
INFO - 2025-12-18 12:26:47 - Chrom_Data.py:230 - Freed memory for chr14's index_list
WARNING - 2025-12-18 12:26:47 - genome_bin_data.py:515 - No Hi-C data found in chr14 for window 0 (0-5000000)
WARNING - 2025-12-18 12:26:47 - genome_bin_data.py:515 - No Hi-C data found in chr14 for window 1 (2500000-7500000)
WARNING - 2025-12-18 12:26:47 - genome_bin_data.py:515 - No Hi-C data found in chr14 for window 2 (5000000-10000000)
WARNING - 2025-12-18 12:26:47 - genome_bin_data.py:515 - No Hi-C data found in chr14 for window 3 (7500000-12500000)
WARNING - 2025-12-18 12:26:47 - genome_bin_data.py:515 - No Hi-C data found in chr14 for window 4 (10000000-15000000)
WARNING - 2025-12-18 12:26:47 - genome_bin_data.py:515 - No Hi-C data found in chr14 for window 5 (12500000-17500000)
INFO - 2025-12-18 12:26:48 - genome_bin_data.py:538 - Chromosome chr14 adjacency matrices shape (MxNxN): (42, 500, 500)
INFO - 2025-12-18 12:26:48 - Chrom_Data.py:209 - Loading chr15 ...
INFO - 2025-12-18 12:26:48 - genome_bin_data.py:388 - Chromosome chr15 node weights shape (MxN): (40, 500)
INFO - 2025-12-18 12:26:48 - Chrom_Data.py:230 - Freed memory for chr15's index_list
WARNING - 2025-12-18 12:26:48 - genome_bin_data.py:515 - No Hi-C data found in chr15 for window 0 (0-5000000)
WARNING - 2025-12-18 12:26:48 - genome_bin_data.py:515 - No Hi-C data found in chr15 for window 1 (2500000-7500000)
WARNING - 2025-12-18 12:26:48 - genome_bin_data.py:515 - No Hi-C data found in chr15 for window 2 (5000000-10000000)
WARNING - 2025-12-18 12:26:48 - genome_bin_data.py:515 - No Hi-C data found in chr15 for window 3 (7500000-12500000)
WARNING - 2025-12-18 12:26:48 - genome_bin_data.py:515 - No Hi-C data found in chr15 for window 4 (10000000-15000000)
INFO - 2025-12-18 12:26:49 - genome_bin_data.py:538 - Chromosome chr15 adjacency matrices shape (MxNxN): (40, 500, 500)
INFO - 2025-12-18 12:26:49 - Chrom_Data.py:209 - Loading chr16 ...
INFO - 2025-12-18 12:26:50 - genome_bin_data.py:388 - Chromosome chr16 node weights shape (MxN): (36, 500)
INFO - 2025-12-18 12:26:50 - Chrom_Data.py:230 - Freed memory for chr16's index_list
WARNING - 2025-12-18 12:26:50 - genome_bin_data.py:515 - No Hi-C data found in chr16 for window 16 (40000000-45000000)
INFO - 2025-12-18 12:26:51 - genome_bin_data.py:538 - Chromosome chr16 adjacency matrices shape (MxNxN): (36, 500, 500)
INFO - 2025-12-18 12:26:51 - Chrom_Data.py:209 - Loading chr17 ...
INFO - 2025-12-18 12:26:51 - genome_bin_data.py:388 - Chromosome chr17 node weights shape (MxN): (33, 500)
INFO - 2025-12-18 12:26:51 - Chrom_Data.py:230 - Freed memory for chr17's index_list
INFO - 2025-12-18 12:26:52 - genome_bin_data.py:538 - Chromosome chr17 adjacency matrices shape (MxNxN): (33, 500, 500)
INFO - 2025-12-18 12:26:52 - Chrom_Data.py:209 - Loading chr18 ...
INFO - 2025-12-18 12:26:53 - genome_bin_data.py:388 - Chromosome chr18 node weights shape (MxN): (32, 500)
INFO - 2025-12-18 12:26:53 - Chrom_Data.py:230 - Freed memory for chr18's index_list
INFO - 2025-12-18 12:26:53 - genome_bin_data.py:538 - Chromosome chr18 adjacency matrices shape (MxNxN): (32, 500, 500)
INFO - 2025-12-18 12:26:54 - Chrom_Data.py:209 - Loading chr20 ...
INFO - 2025-12-18 12:26:54 - genome_bin_data.py:388 - Chromosome chr20 node weights shape (MxN): (25, 500)
INFO - 2025-12-18 12:26:54 - Chrom_Data.py:230 - Freed memory for chr20's index_list
INFO - 2025-12-18 12:26:55 - genome_bin_data.py:538 - Chromosome chr20 adjacency matrices shape (MxNxN): (25, 500, 500)
INFO - 2025-12-18 12:26:55 - Chrom_Data.py:209 - Loading chr19 ...
INFO - 2025-12-18 12:26:55 - genome_bin_data.py:388 - Chromosome chr19 node weights shape (MxN): (23, 500)
INFO - 2025-12-18 12:26:55 - Chrom_Data.py:230 - Freed memory for chr19's index_list
INFO - 2025-12-18 12:26:56 - genome_bin_data.py:538 - Chromosome chr19 adjacency matrices shape (MxNxN): (23, 500, 500)
INFO - 2025-12-18 12:26:56 - Chrom_Data.py:209 - Loading chr22 ...
INFO - 2025-12-18 12:26:56 - genome_bin_data.py:388 - Chromosome chr22 node weights shape (MxN): (20, 500)
INFO - 2025-12-18 12:26:56 - Chrom_Data.py:230 - Freed memory for chr22's index_list
WARNING - 2025-12-18 12:26:56 - genome_bin_data.py:515 - No Hi-C data found in chr22 for window 0 (0-5000000)
WARNING - 2025-12-18 12:26:56 - genome_bin_data.py:515 - No Hi-C data found in chr22 for window 1 (2500000-7500000)
WARNING - 2025-12-18 12:26:56 - genome_bin_data.py:515 - No Hi-C data found in chr22 for window 2 (5000000-10000000)
INFO - 2025-12-18 12:26:56 - genome_bin_data.py:538 - Chromosome chr22 adjacency matrices shape (MxNxN): (20, 500, 500)
INFO - 2025-12-18 12:26:56 - Chrom_Data.py:209 - Loading chr21 ...
INFO - 2025-12-18 12:26:57 - genome_bin_data.py:388 - Chromosome chr21 node weights shape (MxN): (18, 500)
INFO - 2025-12-18 12:26:57 - Chrom_Data.py:230 - Freed memory for chr21's index_list
WARNING - 2025-12-18 12:26:57 - genome_bin_data.py:515 - No Hi-C data found in chr21 for window 0 (0-5000000)
INFO - 2025-12-18 12:26:57 - genome_bin_data.py:538 - Chromosome chr21 adjacency matrices shape (MxNxN): (18, 500, 500)
INFO - 2025-12-18 12:26:57 - chia_rep.py:214 - Compare GM12878_rnapii_chiapet_rep1_GM12878_rnapii_chiapet_rep2
INFO - 2025-12-18 12:26:57 - genome_bin_data.py:663 - Chromosomes to compare: ['chr1', 'chr2', 'chr3', 'chr4', 'chr5', 'chr6', 'chr7', 'chrX', 'chr8', 'chr9', 'chr11', 'chr10', 'chr12', 'chr13', 'chr14', 'chr15', 'chr16', 'chr17', 'chr18', 'chr20', 'chr19', 'chr22', 'chr21']
INFO - 2025-12-18 12:26:57 - genome_bin_data.py:677 - Comparing chr1 ...
INFO - 2025-12-18 12:27:08 - genome_bin_data.py:677 - Comparing chr2 ...
INFO - 2025-12-18 12:27:19 - genome_bin_data.py:677 - Comparing chr3 ...
INFO - 2025-12-18 12:27:30 - genome_bin_data.py:677 - Comparing chr4 ...
INFO - 2025-12-18 12:27:39 - genome_bin_data.py:677 - Comparing chr5 ...
INFO - 2025-12-18 12:27:47 - genome_bin_data.py:677 - Comparing chr6 ...
INFO - 2025-12-18 12:27:56 - genome_bin_data.py:677 - Comparing chr7 ...
INFO - 2025-12-18 12:28:05 - genome_bin_data.py:677 - Comparing chrX ...
INFO - 2025-12-18 12:28:13 - genome_bin_data.py:677 - Comparing chr8 ...
INFO - 2025-12-18 12:28:21 - genome_bin_data.py:677 - Comparing chr9 ...
INFO - 2025-12-18 12:28:26 - genome_bin_data.py:677 - Comparing chr11 ...
INFO - 2025-12-18 12:28:33 - genome_bin_data.py:677 - Comparing chr10 ...
INFO - 2025-12-18 12:28:39 - genome_bin_data.py:677 - Comparing chr12 ...
INFO - 2025-12-18 12:28:45 - genome_bin_data.py:677 - Comparing chr13 ...
INFO - 2025-12-18 12:28:49 - genome_bin_data.py:677 - Comparing chr14 ...
INFO - 2025-12-18 12:28:54 - genome_bin_data.py:677 - Comparing chr15 ...
INFO - 2025-12-18 12:28:58 - genome_bin_data.py:677 - Comparing chr16 ...
INFO - 2025-12-18 12:29:02 - genome_bin_data.py:677 - Comparing chr17 ...
INFO - 2025-12-18 12:29:06 - genome_bin_data.py:677 - Comparing chr18 ...
INFO - 2025-12-18 12:29:09 - genome_bin_data.py:677 - Comparing chr20 ...
INFO - 2025-12-18 12:29:12 - genome_bin_data.py:677 - Comparing chr19 ...
INFO - 2025-12-18 12:29:15 - genome_bin_data.py:677 - Comparing chr22 ...
INFO - 2025-12-18 12:29:17 - genome_bin_data.py:677 - Comparing chr21 ...
INFO - 2025-12-18 12:29:18 - chia_rep.py:246 - GM12878_rnapii_chiapet_rep1_GM12878_rnapii_chiapet_rep2 random_walk: 0.628
INFO - 2025-12-18 12:29:18 - chia_rep.py:214 - Compare GM12878_rnapii_chiapet_rep1_HEK293T_rnapii_chiapet_rep1
INFO - 2025-12-18 12:29:18 - genome_bin_data.py:663 - Chromosomes to compare: ['chr1', 'chr2', 'chr3', 'chr4', 'chr5', 'chr6', 'chr7', 'chrX', 'chr8', 'chr9', 'chr11', 'chr10', 'chr12', 'chr13', 'chr14', 'chr15', 'chr16', 'chr17', 'chr18', 'chr20', 'chr19', 'chr22', 'chr21']
INFO - 2025-12-18 12:29:18 - genome_bin_data.py:677 - Comparing chr1 ...
INFO - 2025-12-18 12:29:29 - genome_bin_data.py:677 - Comparing chr2 ...
INFO - 2025-12-18 12:29:42 - genome_bin_data.py:677 - Comparing chr3 ...
INFO - 2025-12-18 12:29:52 - genome_bin_data.py:677 - Comparing chr4 ...
INFO - 2025-12-18 12:30:01 - genome_bin_data.py:677 - Comparing chr5 ...
INFO - 2025-12-18 12:30:10 - genome_bin_data.py:677 - Comparing chr6 ...
INFO - 2025-12-18 12:30:18 - genome_bin_data.py:677 - Comparing chr7 ...
INFO - 2025-12-18 12:30:26 - genome_bin_data.py:677 - Comparing chrX ...
INFO - 2025-12-18 12:30:34 - genome_bin_data.py:677 - Comparing chr8 ...
INFO - 2025-12-18 12:30:41 - genome_bin_data.py:677 - Comparing chr9 ...
INFO - 2025-12-18 12:30:46 - genome_bin_data.py:677 - Comparing chr11 ...
INFO - 2025-12-18 12:30:52 - genome_bin_data.py:677 - Comparing chr10 ...
INFO - 2025-12-18 12:30:59 - genome_bin_data.py:677 - Comparing chr12 ...
INFO - 2025-12-18 12:31:05 - genome_bin_data.py:677 - Comparing chr13 ...
INFO - 2025-12-18 12:31:10 - genome_bin_data.py:677 - Comparing chr14 ...
INFO - 2025-12-18 12:31:16 - genome_bin_data.py:677 - Comparing chr15 ...
INFO - 2025-12-18 12:31:20 - genome_bin_data.py:677 - Comparing chr16 ...
INFO - 2025-12-18 12:31:24 - genome_bin_data.py:677 - Comparing chr17 ...
INFO - 2025-12-18 12:31:28 - genome_bin_data.py:677 - Comparing chr18 ...
INFO - 2025-12-18 12:31:32 - genome_bin_data.py:677 - Comparing chr20 ...
INFO - 2025-12-18 12:31:35 - genome_bin_data.py:677 - Comparing chr19 ...
INFO - 2025-12-18 12:31:38 - genome_bin_data.py:677 - Comparing chr22 ...
INFO - 2025-12-18 12:31:40 - genome_bin_data.py:677 - Comparing chr21 ...
INFO - 2025-12-18 12:31:41 - chia_rep.py:246 - GM12878_rnapii_chiapet_rep1_HEK293T_rnapii_chiapet_rep1 random_walk: 0.0977
INFO - 2025-12-18 12:31:41 - chia_rep.py:214 - Compare GM12878_rnapii_chiapet_rep2_HEK293T_rnapii_chiapet_rep1
INFO - 2025-12-18 12:31:41 - genome_bin_data.py:663 - Chromosomes to compare: ['chr1', 'chr2', 'chr3', 'chr4', 'chr5', 'chr6', 'chr7', 'chrX', 'chr8', 'chr9', 'chr11', 'chr10', 'chr12', 'chr13', 'chr14', 'chr15', 'chr16', 'chr17', 'chr18', 'chr20', 'chr19', 'chr22', 'chr21']
INFO - 2025-12-18 12:31:41 - genome_bin_data.py:677 - Comparing chr1 ...
INFO - 2025-12-18 12:31:54 - genome_bin_data.py:677 - Comparing chr2 ...
INFO - 2025-12-18 12:32:06 - genome_bin_data.py:677 - Comparing chr3 ...
INFO - 2025-12-18 12:32:15 - genome_bin_data.py:677 - Comparing chr4 ...
INFO - 2025-12-18 12:32:25 - genome_bin_data.py:677 - Comparing chr5 ...
INFO - 2025-12-18 12:32:34 - genome_bin_data.py:677 - Comparing chr6 ...
INFO - 2025-12-18 12:32:42 - genome_bin_data.py:677 - Comparing chr7 ...
INFO - 2025-12-18 12:32:50 - genome_bin_data.py:677 - Comparing chrX ...
INFO - 2025-12-18 12:32:57 - genome_bin_data.py:677 - Comparing chr8 ...
INFO - 2025-12-18 12:33:05 - genome_bin_data.py:677 - Comparing chr9 ...
INFO - 2025-12-18 12:33:10 - genome_bin_data.py:677 - Comparing chr11 ...
INFO - 2025-12-18 12:33:17 - genome_bin_data.py:677 - Comparing chr10 ...
INFO - 2025-12-18 12:33:25 - genome_bin_data.py:677 - Comparing chr12 ...
INFO - 2025-12-18 12:33:31 - genome_bin_data.py:677 - Comparing chr13 ...
INFO - 2025-12-18 12:33:36 - genome_bin_data.py:677 - Comparing chr14 ...
INFO - 2025-12-18 12:33:40 - genome_bin_data.py:677 - Comparing chr15 ...
INFO - 2025-12-18 12:33:44 - genome_bin_data.py:677 - Comparing chr16 ...
INFO - 2025-12-18 12:33:48 - genome_bin_data.py:677 - Comparing chr17 ...
INFO - 2025-12-18 12:33:52 - genome_bin_data.py:677 - Comparing chr18 ...
INFO - 2025-12-18 12:33:56 - genome_bin_data.py:677 - Comparing chr20 ...
INFO - 2025-12-18 12:33:59 - genome_bin_data.py:677 - Comparing chr19 ...
INFO - 2025-12-18 12:34:02 - genome_bin_data.py:677 - Comparing chr22 ...
INFO - 2025-12-18 12:34:04 - genome_bin_data.py:677 - Comparing chr21 ...
INFO - 2025-12-18 12:34:06 - chia_rep.py:246 - GM12878_rnapii_chiapet_rep2_HEK293T_rnapii_chiapet_rep1 random_walk: 0.152
INFO - 2025-12-18 12:34:06 - chia_rep.py:73 - Results have been written to example_output/5000000.10000.NONE.random_walk.5.0.jsd.False.1/scores
