
Job information
#-------------------------------------------------------------------
SLURM_SUBMIT_HOST    gl-login6.arc-ts.umich.edu
SLURM_JOB_ACCOUNT    minjilab99
SLURM_JOB_PARTITION  standard
SLURM_JOB_NAME       example_sbatch_script.sbat
SLURM_JOBID          38629083
SLURM_NODELIST       gl3322
SLURM_JOB_NUM_NODES  1
SLURM_NTASKS         
SLURM_TASKS_PER_NODE 1
SLURM_CPUS_PER_TASK  4
SLURM_NPROCS         
SLURM_MEM_PER_CPU    
SLURM_SUBMIT_DIR     /nfs/turbo/umms-minjilab/sionkim/chia_rep/example

scheduling priority             (-e) 0
pending signals                 (-i) 765367
max memory size         (kbytes, -m) 31457280
open files                      (-n) 131072
pipe size            (512 bytes, -p) 8
POSIX message queues     (bytes, -q) 819200
real-time priority              (-r) 0
max user processes              (-u) 765367

Running on gl3322.arc-ts.umich.edu at Thu Dec 18 18:33:07 EST 2025
Your job output begins below the line
#-------------------------------------------------------------------
Running HiChIA-Rep v0.1.1.dev0+g7963bec55.d20251218
INFO - 2025-12-18 18:33:12 - chia_rep.py:460 - Loading GM12878_rnapii_chiapet_rep1 ...
INFO - 2025-12-18 18:33:12 - BedGraph.py:59 - Assuming bedgraph file
INFO - 2025-12-18 18:33:12 - BedGraph.py:69 - Reading in hg38.chrom.sizes ...
INFO - 2025-12-18 18:33:12 - BedGraph.py:87 - Reading in /nfs/turbo/umms-minjilab/sionkim/chia_rep_simlinks/GM12878_rnapii_chiapet_rep1_cov_ENCFF621IJG.bedgraph ...
INFO - 2025-12-18 18:33:12 - Chrom_Data.py:68 - Reading in chr1 ...
INFO - 2025-12-18 18:33:20 - Chrom_Data.py:68 - Reading in chr10 ...
INFO - 2025-12-18 18:33:24 - Chrom_Data.py:68 - Reading in chr11 ...
INFO - 2025-12-18 18:33:29 - Chrom_Data.py:68 - Reading in chr12 ...
INFO - 2025-12-18 18:33:33 - Chrom_Data.py:68 - Reading in chr13 ...
INFO - 2025-12-18 18:33:36 - Chrom_Data.py:68 - Reading in chr14 ...
INFO - 2025-12-18 18:33:39 - Chrom_Data.py:68 - Reading in chr15 ...
INFO - 2025-12-18 18:33:41 - Chrom_Data.py:68 - Reading in chr16 ...
INFO - 2025-12-18 18:33:44 - Chrom_Data.py:68 - Reading in chr17 ...
INFO - 2025-12-18 18:33:47 - Chrom_Data.py:68 - Reading in chr18 ...
INFO - 2025-12-18 18:33:49 - Chrom_Data.py:68 - Reading in chr19 ...
INFO - 2025-12-18 18:33:52 - Chrom_Data.py:68 - Reading in chr2 ...
INFO - 2025-12-18 18:33:59 - Chrom_Data.py:68 - Reading in chr20 ...
INFO - 2025-12-18 18:34:01 - Chrom_Data.py:68 - Reading in chr21 ...
INFO - 2025-12-18 18:34:02 - Chrom_Data.py:68 - Reading in chr22 ...
INFO - 2025-12-18 18:34:03 - Chrom_Data.py:68 - Reading in chr3 ...
INFO - 2025-12-18 18:34:09 - Chrom_Data.py:68 - Reading in chr4 ...
INFO - 2025-12-18 18:34:14 - Chrom_Data.py:68 - Reading in chr5 ...
INFO - 2025-12-18 18:34:20 - Chrom_Data.py:68 - Reading in chr6 ...
INFO - 2025-12-18 18:34:25 - Chrom_Data.py:68 - Reading in chr7 ...
INFO - 2025-12-18 18:34:30 - Chrom_Data.py:68 - Reading in chr8 ...
INFO - 2025-12-18 18:34:34 - Chrom_Data.py:68 - Reading in chr9 ...
INFO - 2025-12-18 18:34:37 - Chrom_Data.py:68 - Reading in chrM ...
INFO - 2025-12-18 18:34:37 - Chrom_Data.py:68 - Reading in chrX ...
INFO - 2025-12-18 18:34:40 - Chrom_Data.py:68 - Reading in chrY ...
INFO - 2025-12-18 18:34:40 - genome_bin_data.py:340 - Chromosomes detected in /nfs/turbo/umms-minjilab/sionkim/chia_rep_simlinks/GM12878_rnapii_chiapet_rep1_contact_ENCFF791SUY.hic: ['ALL', '1', '2', '3', '4', '5', '6', '7', '8', '9', '10', '11', '12', '13', '14', '15', '16', '17', '18', '19', '20', '21', '22', 'X', 'Y', 'M']
INFO - 2025-12-18 18:34:40 - Chrom_Data.py:209 - Loading chr1 ...
INFO - 2025-12-18 18:34:41 - genome_bin_data.py:390 - Chromosome chr1 node weights shape (MxN): (99, 500)
INFO - 2025-12-18 18:34:41 - Chrom_Data.py:230 - Freed memory for chr1's index_list
WARNING - 2025-12-18 18:34:42 - genome_bin_data.py:517 - No Hi-C data found in chr1 for window 51 (127500000-132500000)
WARNING - 2025-12-18 18:34:42 - genome_bin_data.py:517 - No Hi-C data found in chr1 for window 52 (130000000-135000000)
WARNING - 2025-12-18 18:34:42 - genome_bin_data.py:517 - No Hi-C data found in chr1 for window 53 (132500000-137500000)
WARNING - 2025-12-18 18:34:42 - genome_bin_data.py:517 - No Hi-C data found in chr1 for window 54 (135000000-140000000)
WARNING - 2025-12-18 18:34:42 - genome_bin_data.py:517 - No Hi-C data found in chr1 for window 55 (137500000-142500000)
INFO - 2025-12-18 18:34:44 - genome_bin_data.py:540 - Chromosome chr1 adjacency matrices shape (MxNxN): (99, 500, 500)
INFO - 2025-12-18 18:34:44 - Chrom_Data.py:209 - Loading chr2 ...
INFO - 2025-12-18 18:34:45 - genome_bin_data.py:390 - Chromosome chr2 node weights shape (MxN): (96, 500)
INFO - 2025-12-18 18:34:45 - Chrom_Data.py:230 - Freed memory for chr2's index_list
INFO - 2025-12-18 18:34:47 - genome_bin_data.py:540 - Chromosome chr2 adjacency matrices shape (MxNxN): (96, 500, 500)
INFO - 2025-12-18 18:34:48 - Chrom_Data.py:209 - Loading chr3 ...
INFO - 2025-12-18 18:34:48 - genome_bin_data.py:390 - Chromosome chr3 node weights shape (MxN): (79, 500)
INFO - 2025-12-18 18:34:48 - Chrom_Data.py:230 - Freed memory for chr3's index_list
INFO - 2025-12-18 18:34:50 - genome_bin_data.py:540 - Chromosome chr3 adjacency matrices shape (MxNxN): (79, 500, 500)
INFO - 2025-12-18 18:34:50 - Chrom_Data.py:209 - Loading chr4 ...
INFO - 2025-12-18 18:34:51 - genome_bin_data.py:390 - Chromosome chr4 node weights shape (MxN): (76, 500)
INFO - 2025-12-18 18:34:51 - Chrom_Data.py:230 - Freed memory for chr4's index_list
INFO - 2025-12-18 18:34:53 - genome_bin_data.py:540 - Chromosome chr4 adjacency matrices shape (MxNxN): (76, 500, 500)
INFO - 2025-12-18 18:34:53 - Chrom_Data.py:209 - Loading chr5 ...
INFO - 2025-12-18 18:34:54 - genome_bin_data.py:390 - Chromosome chr5 node weights shape (MxN): (72, 500)
INFO - 2025-12-18 18:34:54 - Chrom_Data.py:230 - Freed memory for chr5's index_list
INFO - 2025-12-18 18:34:55 - genome_bin_data.py:540 - Chromosome chr5 adjacency matrices shape (MxNxN): (72, 500, 500)
INFO - 2025-12-18 18:34:56 - Chrom_Data.py:209 - Loading chr6 ...
INFO - 2025-12-18 18:34:56 - genome_bin_data.py:390 - Chromosome chr6 node weights shape (MxN): (68, 500)
INFO - 2025-12-18 18:34:56 - Chrom_Data.py:230 - Freed memory for chr6's index_list
INFO - 2025-12-18 18:34:58 - genome_bin_data.py:540 - Chromosome chr6 adjacency matrices shape (MxNxN): (68, 500, 500)
INFO - 2025-12-18 18:34:58 - Chrom_Data.py:209 - Loading chr7 ...
INFO - 2025-12-18 18:34:59 - genome_bin_data.py:390 - Chromosome chr7 node weights shape (MxN): (63, 500)
INFO - 2025-12-18 18:34:59 - Chrom_Data.py:230 - Freed memory for chr7's index_list
INFO - 2025-12-18 18:35:00 - genome_bin_data.py:540 - Chromosome chr7 adjacency matrices shape (MxNxN): (63, 500, 500)
INFO - 2025-12-18 18:35:00 - Chrom_Data.py:209 - Loading chrX ...
INFO - 2025-12-18 18:35:01 - genome_bin_data.py:390 - Chromosome chrX node weights shape (MxN): (62, 500)
INFO - 2025-12-18 18:35:01 - Chrom_Data.py:230 - Freed memory for chrX's index_list
INFO - 2025-12-18 18:35:02 - genome_bin_data.py:540 - Chromosome chrX adjacency matrices shape (MxNxN): (62, 500, 500)
INFO - 2025-12-18 18:35:02 - Chrom_Data.py:209 - Loading chr8 ...
INFO - 2025-12-18 18:35:03 - genome_bin_data.py:390 - Chromosome chr8 node weights shape (MxN): (58, 500)
INFO - 2025-12-18 18:35:03 - Chrom_Data.py:230 - Freed memory for chr8's index_list
INFO - 2025-12-18 18:35:04 - genome_bin_data.py:540 - Chromosome chr8 adjacency matrices shape (MxNxN): (58, 500, 500)
INFO - 2025-12-18 18:35:04 - Chrom_Data.py:209 - Loading chr9 ...
INFO - 2025-12-18 18:35:05 - genome_bin_data.py:390 - Chromosome chr9 node weights shape (MxN): (55, 500)
INFO - 2025-12-18 18:35:05 - Chrom_Data.py:230 - Freed memory for chr9's index_list
WARNING - 2025-12-18 18:35:05 - genome_bin_data.py:517 - No Hi-C data found in chr9 for window 18 (45000000-50000000)
WARNING - 2025-12-18 18:35:05 - genome_bin_data.py:517 - No Hi-C data found in chr9 for window 19 (47500000-52500000)
WARNING - 2025-12-18 18:35:05 - genome_bin_data.py:517 - No Hi-C data found in chr9 for window 20 (50000000-55000000)
WARNING - 2025-12-18 18:35:05 - genome_bin_data.py:517 - No Hi-C data found in chr9 for window 21 (52500000-57500000)
WARNING - 2025-12-18 18:35:05 - genome_bin_data.py:517 - No Hi-C data found in chr9 for window 22 (55000000-60000000)
INFO - 2025-12-18 18:35:06 - genome_bin_data.py:540 - Chromosome chr9 adjacency matrices shape (MxNxN): (55, 500, 500)
INFO - 2025-12-18 18:35:06 - Chrom_Data.py:209 - Loading chr11 ...
INFO - 2025-12-18 18:35:07 - genome_bin_data.py:390 - Chromosome chr11 node weights shape (MxN): (54, 500)
INFO - 2025-12-18 18:35:07 - Chrom_Data.py:230 - Freed memory for chr11's index_list
INFO - 2025-12-18 18:35:08 - genome_bin_data.py:540 - Chromosome chr11 adjacency matrices shape (MxNxN): (54, 500, 500)
INFO - 2025-12-18 18:35:08 - Chrom_Data.py:209 - Loading chr10 ...
INFO - 2025-12-18 18:35:09 - genome_bin_data.py:390 - Chromosome chr10 node weights shape (MxN): (53, 500)
INFO - 2025-12-18 18:35:09 - Chrom_Data.py:230 - Freed memory for chr10's index_list
INFO - 2025-12-18 18:35:10 - genome_bin_data.py:540 - Chromosome chr10 adjacency matrices shape (MxNxN): (53, 500, 500)
INFO - 2025-12-18 18:35:10 - Chrom_Data.py:209 - Loading chr12 ...
INFO - 2025-12-18 18:35:11 - genome_bin_data.py:390 - Chromosome chr12 node weights shape (MxN): (53, 500)
INFO - 2025-12-18 18:35:11 - Chrom_Data.py:230 - Freed memory for chr12's index_list
INFO - 2025-12-18 18:35:12 - genome_bin_data.py:540 - Chromosome chr12 adjacency matrices shape (MxNxN): (53, 500, 500)
INFO - 2025-12-18 18:35:12 - Chrom_Data.py:209 - Loading chr13 ...
INFO - 2025-12-18 18:35:12 - genome_bin_data.py:390 - Chromosome chr13 node weights shape (MxN): (45, 500)
INFO - 2025-12-18 18:35:12 - Chrom_Data.py:230 - Freed memory for chr13's index_list
WARNING - 2025-12-18 18:35:12 - genome_bin_data.py:517 - No Hi-C data found in chr13 for window 0 (0-5000000)
WARNING - 2025-12-18 18:35:12 - genome_bin_data.py:517 - No Hi-C data found in chr13 for window 1 (2500000-7500000)
WARNING - 2025-12-18 18:35:12 - genome_bin_data.py:517 - No Hi-C data found in chr13 for window 2 (5000000-10000000)
WARNING - 2025-12-18 18:35:12 - genome_bin_data.py:517 - No Hi-C data found in chr13 for window 3 (7500000-12500000)
WARNING - 2025-12-18 18:35:12 - genome_bin_data.py:517 - No Hi-C data found in chr13 for window 4 (10000000-15000000)
WARNING - 2025-12-18 18:35:12 - genome_bin_data.py:517 - No Hi-C data found in chr13 for window 5 (12500000-17500000)
INFO - 2025-12-18 18:35:13 - genome_bin_data.py:540 - Chromosome chr13 adjacency matrices shape (MxNxN): (45, 500, 500)
INFO - 2025-12-18 18:35:13 - Chrom_Data.py:209 - Loading chr14 ...
INFO - 2025-12-18 18:35:14 - genome_bin_data.py:390 - Chromosome chr14 node weights shape (MxN): (42, 500)
INFO - 2025-12-18 18:35:14 - Chrom_Data.py:230 - Freed memory for chr14's index_list
WARNING - 2025-12-18 18:35:14 - genome_bin_data.py:517 - No Hi-C data found in chr14 for window 0 (0-5000000)
WARNING - 2025-12-18 18:35:14 - genome_bin_data.py:517 - No Hi-C data found in chr14 for window 1 (2500000-7500000)
WARNING - 2025-12-18 18:35:14 - genome_bin_data.py:517 - No Hi-C data found in chr14 for window 2 (5000000-10000000)
WARNING - 2025-12-18 18:35:14 - genome_bin_data.py:517 - No Hi-C data found in chr14 for window 3 (7500000-12500000)
WARNING - 2025-12-18 18:35:14 - genome_bin_data.py:517 - No Hi-C data found in chr14 for window 4 (10000000-15000000)
WARNING - 2025-12-18 18:35:14 - genome_bin_data.py:517 - No Hi-C data found in chr14 for window 5 (12500000-17500000)
INFO - 2025-12-18 18:35:14 - genome_bin_data.py:540 - Chromosome chr14 adjacency matrices shape (MxNxN): (42, 500, 500)
INFO - 2025-12-18 18:35:15 - Chrom_Data.py:209 - Loading chr15 ...
INFO - 2025-12-18 18:35:15 - genome_bin_data.py:390 - Chromosome chr15 node weights shape (MxN): (40, 500)
INFO - 2025-12-18 18:35:15 - Chrom_Data.py:230 - Freed memory for chr15's index_list
WARNING - 2025-12-18 18:35:15 - genome_bin_data.py:517 - No Hi-C data found in chr15 for window 0 (0-5000000)
WARNING - 2025-12-18 18:35:15 - genome_bin_data.py:517 - No Hi-C data found in chr15 for window 1 (2500000-7500000)
WARNING - 2025-12-18 18:35:15 - genome_bin_data.py:517 - No Hi-C data found in chr15 for window 2 (5000000-10000000)
WARNING - 2025-12-18 18:35:15 - genome_bin_data.py:517 - No Hi-C data found in chr15 for window 3 (7500000-12500000)
WARNING - 2025-12-18 18:35:15 - genome_bin_data.py:517 - No Hi-C data found in chr15 for window 4 (10000000-15000000)
INFO - 2025-12-18 18:35:16 - genome_bin_data.py:540 - Chromosome chr15 adjacency matrices shape (MxNxN): (40, 500, 500)
INFO - 2025-12-18 18:35:16 - Chrom_Data.py:209 - Loading chr16 ...
INFO - 2025-12-18 18:35:16 - genome_bin_data.py:390 - Chromosome chr16 node weights shape (MxN): (36, 500)
INFO - 2025-12-18 18:35:16 - Chrom_Data.py:230 - Freed memory for chr16's index_list
WARNING - 2025-12-18 18:35:17 - genome_bin_data.py:517 - No Hi-C data found in chr16 for window 15 (37500000-42500000)
WARNING - 2025-12-18 18:35:17 - genome_bin_data.py:517 - No Hi-C data found in chr16 for window 16 (40000000-45000000)
INFO - 2025-12-18 18:35:17 - genome_bin_data.py:540 - Chromosome chr16 adjacency matrices shape (MxNxN): (36, 500, 500)
INFO - 2025-12-18 18:35:17 - Chrom_Data.py:209 - Loading chr17 ...
INFO - 2025-12-18 18:35:17 - genome_bin_data.py:390 - Chromosome chr17 node weights shape (MxN): (33, 500)
INFO - 2025-12-18 18:35:17 - Chrom_Data.py:230 - Freed memory for chr17's index_list
INFO - 2025-12-18 18:35:18 - genome_bin_data.py:540 - Chromosome chr17 adjacency matrices shape (MxNxN): (33, 500, 500)
INFO - 2025-12-18 18:35:18 - Chrom_Data.py:209 - Loading chr18 ...
INFO - 2025-12-18 18:35:19 - genome_bin_data.py:390 - Chromosome chr18 node weights shape (MxN): (32, 500)
INFO - 2025-12-18 18:35:19 - Chrom_Data.py:230 - Freed memory for chr18's index_list
INFO - 2025-12-18 18:35:19 - genome_bin_data.py:540 - Chromosome chr18 adjacency matrices shape (MxNxN): (32, 500, 500)
INFO - 2025-12-18 18:35:19 - Chrom_Data.py:209 - Loading chr20 ...
INFO - 2025-12-18 18:35:20 - genome_bin_data.py:390 - Chromosome chr20 node weights shape (MxN): (25, 500)
INFO - 2025-12-18 18:35:20 - Chrom_Data.py:230 - Freed memory for chr20's index_list
INFO - 2025-12-18 18:35:20 - genome_bin_data.py:540 - Chromosome chr20 adjacency matrices shape (MxNxN): (25, 500, 500)
INFO - 2025-12-18 18:35:20 - Chrom_Data.py:209 - Loading chr19 ...
INFO - 2025-12-18 18:35:20 - genome_bin_data.py:390 - Chromosome chr19 node weights shape (MxN): (23, 500)
INFO - 2025-12-18 18:35:20 - Chrom_Data.py:230 - Freed memory for chr19's index_list
INFO - 2025-12-18 18:35:21 - genome_bin_data.py:540 - Chromosome chr19 adjacency matrices shape (MxNxN): (23, 500, 500)
INFO - 2025-12-18 18:35:21 - Chrom_Data.py:209 - Loading chr22 ...
INFO - 2025-12-18 18:35:21 - genome_bin_data.py:390 - Chromosome chr22 node weights shape (MxN): (20, 500)
INFO - 2025-12-18 18:35:21 - Chrom_Data.py:230 - Freed memory for chr22's index_list
WARNING - 2025-12-18 18:35:21 - genome_bin_data.py:517 - No Hi-C data found in chr22 for window 0 (0-5000000)
WARNING - 2025-12-18 18:35:21 - genome_bin_data.py:517 - No Hi-C data found in chr22 for window 1 (2500000-7500000)
WARNING - 2025-12-18 18:35:21 - genome_bin_data.py:517 - No Hi-C data found in chr22 for window 2 (5000000-10000000)
INFO - 2025-12-18 18:35:22 - genome_bin_data.py:540 - Chromosome chr22 adjacency matrices shape (MxNxN): (20, 500, 500)
INFO - 2025-12-18 18:35:22 - Chrom_Data.py:209 - Loading chr21 ...
INFO - 2025-12-18 18:35:22 - genome_bin_data.py:390 - Chromosome chr21 node weights shape (MxN): (18, 500)
INFO - 2025-12-18 18:35:22 - Chrom_Data.py:230 - Freed memory for chr21's index_list
WARNING - 2025-12-18 18:35:22 - genome_bin_data.py:517 - No Hi-C data found in chr21 for window 0 (0-5000000)
INFO - 2025-12-18 18:35:22 - genome_bin_data.py:540 - Chromosome chr21 adjacency matrices shape (MxNxN): (18, 500, 500)
INFO - 2025-12-18 18:35:22 - chia_rep.py:460 - Loading GM12878_rnapii_chiapet_rep2 ...
INFO - 2025-12-18 18:35:22 - BedGraph.py:59 - Assuming bedgraph file
INFO - 2025-12-18 18:35:22 - BedGraph.py:69 - Reading in hg38.chrom.sizes ...
INFO - 2025-12-18 18:35:22 - BedGraph.py:87 - Reading in /nfs/turbo/umms-minjilab/sionkim/chia_rep_simlinks/GM12878_rnapii_chiapet_rep2_cov_ENCFF607ACO.bedgraph ...
INFO - 2025-12-18 18:35:22 - Chrom_Data.py:68 - Reading in chr1 ...
INFO - 2025-12-18 18:35:38 - Chrom_Data.py:68 - Reading in chr10 ...
INFO - 2025-12-18 18:35:46 - Chrom_Data.py:68 - Reading in chr11 ...
INFO - 2025-12-18 18:35:55 - Chrom_Data.py:68 - Reading in chr12 ...
INFO - 2025-12-18 18:36:04 - Chrom_Data.py:68 - Reading in chr13 ...
INFO - 2025-12-18 18:36:09 - Chrom_Data.py:68 - Reading in chr14 ...
INFO - 2025-12-18 18:36:15 - Chrom_Data.py:68 - Reading in chr15 ...
INFO - 2025-12-18 18:36:20 - Chrom_Data.py:68 - Reading in chr16 ...
INFO - 2025-12-18 18:36:25 - Chrom_Data.py:68 - Reading in chr17 ...
INFO - 2025-12-18 18:36:32 - Chrom_Data.py:68 - Reading in chr18 ...
INFO - 2025-12-18 18:36:36 - Chrom_Data.py:68 - Reading in chr19 ...
INFO - 2025-12-18 18:36:41 - Chrom_Data.py:68 - Reading in chr2 ...
INFO - 2025-12-18 18:36:56 - Chrom_Data.py:68 - Reading in chr20 ...
INFO - 2025-12-18 18:37:00 - Chrom_Data.py:68 - Reading in chr21 ...
INFO - 2025-12-18 18:37:01 - Chrom_Data.py:68 - Reading in chr22 ...
INFO - 2025-12-18 18:37:04 - Chrom_Data.py:68 - Reading in chr3 ...
INFO - 2025-12-18 18:37:16 - Chrom_Data.py:68 - Reading in chr4 ...
INFO - 2025-12-18 18:37:26 - Chrom_Data.py:68 - Reading in chr5 ...
INFO - 2025-12-18 18:37:36 - Chrom_Data.py:68 - Reading in chr6 ...
INFO - 2025-12-18 18:37:48 - Chrom_Data.py:68 - Reading in chr7 ...
INFO - 2025-12-18 18:37:57 - Chrom_Data.py:68 - Reading in chr8 ...
INFO - 2025-12-18 18:38:05 - Chrom_Data.py:68 - Reading in chr9 ...
INFO - 2025-12-18 18:38:12 - Chrom_Data.py:68 - Reading in chrM ...
INFO - 2025-12-18 18:38:12 - Chrom_Data.py:68 - Reading in chrX ...
INFO - 2025-12-18 18:38:17 - Chrom_Data.py:68 - Reading in chrY ...
INFO - 2025-12-18 18:38:17 - genome_bin_data.py:340 - Chromosomes detected in /nfs/turbo/umms-minjilab/sionkim/chia_rep_simlinks/GM12878_rnapii_chiapet_rep2_contact_ENCFF575CQS.hic: ['ALL', '1', '2', '3', '4', '5', '6', '7', '8', '9', '10', '11', '12', '13', '14', '15', '16', '17', '18', '19', '20', '21', '22', 'X', 'Y', 'M']
INFO - 2025-12-18 18:38:17 - Chrom_Data.py:209 - Loading chr1 ...
INFO - 2025-12-18 18:38:19 - genome_bin_data.py:390 - Chromosome chr1 node weights shape (MxN): (99, 500)
INFO - 2025-12-18 18:38:19 - Chrom_Data.py:230 - Freed memory for chr1's index_list
WARNING - 2025-12-18 18:38:20 - genome_bin_data.py:517 - No Hi-C data found in chr1 for window 51 (127500000-132500000)
WARNING - 2025-12-18 18:38:20 - genome_bin_data.py:517 - No Hi-C data found in chr1 for window 52 (130000000-135000000)
WARNING - 2025-12-18 18:38:20 - genome_bin_data.py:517 - No Hi-C data found in chr1 for window 53 (132500000-137500000)
WARNING - 2025-12-18 18:38:20 - genome_bin_data.py:517 - No Hi-C data found in chr1 for window 54 (135000000-140000000)
WARNING - 2025-12-18 18:38:20 - genome_bin_data.py:517 - No Hi-C data found in chr1 for window 55 (137500000-142500000)
INFO - 2025-12-18 18:38:21 - genome_bin_data.py:540 - Chromosome chr1 adjacency matrices shape (MxNxN): (99, 500, 500)
INFO - 2025-12-18 18:38:21 - Chrom_Data.py:209 - Loading chr2 ...
INFO - 2025-12-18 18:38:22 - genome_bin_data.py:390 - Chromosome chr2 node weights shape (MxN): (96, 500)
INFO - 2025-12-18 18:38:22 - Chrom_Data.py:230 - Freed memory for chr2's index_list
INFO - 2025-12-18 18:38:25 - genome_bin_data.py:540 - Chromosome chr2 adjacency matrices shape (MxNxN): (96, 500, 500)
INFO - 2025-12-18 18:38:25 - Chrom_Data.py:209 - Loading chr3 ...
INFO - 2025-12-18 18:38:26 - genome_bin_data.py:390 - Chromosome chr3 node weights shape (MxN): (79, 500)
INFO - 2025-12-18 18:38:26 - Chrom_Data.py:230 - Freed memory for chr3's index_list
INFO - 2025-12-18 18:38:28 - genome_bin_data.py:540 - Chromosome chr3 adjacency matrices shape (MxNxN): (79, 500, 500)
INFO - 2025-12-18 18:38:28 - Chrom_Data.py:209 - Loading chr4 ...
INFO - 2025-12-18 18:38:29 - genome_bin_data.py:390 - Chromosome chr4 node weights shape (MxN): (76, 500)
INFO - 2025-12-18 18:38:29 - Chrom_Data.py:230 - Freed memory for chr4's index_list
INFO - 2025-12-18 18:38:31 - genome_bin_data.py:540 - Chromosome chr4 adjacency matrices shape (MxNxN): (76, 500, 500)
INFO - 2025-12-18 18:38:31 - Chrom_Data.py:209 - Loading chr5 ...
INFO - 2025-12-18 18:38:32 - genome_bin_data.py:390 - Chromosome chr5 node weights shape (MxN): (72, 500)
INFO - 2025-12-18 18:38:32 - Chrom_Data.py:230 - Freed memory for chr5's index_list
INFO - 2025-12-18 18:38:33 - genome_bin_data.py:540 - Chromosome chr5 adjacency matrices shape (MxNxN): (72, 500, 500)
INFO - 2025-12-18 18:38:33 - Chrom_Data.py:209 - Loading chr6 ...
INFO - 2025-12-18 18:38:34 - genome_bin_data.py:390 - Chromosome chr6 node weights shape (MxN): (68, 500)
INFO - 2025-12-18 18:38:34 - Chrom_Data.py:230 - Freed memory for chr6's index_list
INFO - 2025-12-18 18:38:36 - genome_bin_data.py:540 - Chromosome chr6 adjacency matrices shape (MxNxN): (68, 500, 500)
INFO - 2025-12-18 18:38:36 - Chrom_Data.py:209 - Loading chr7 ...
INFO - 2025-12-18 18:38:37 - genome_bin_data.py:390 - Chromosome chr7 node weights shape (MxN): (63, 500)
INFO - 2025-12-18 18:38:37 - Chrom_Data.py:230 - Freed memory for chr7's index_list
INFO - 2025-12-18 18:38:38 - genome_bin_data.py:540 - Chromosome chr7 adjacency matrices shape (MxNxN): (63, 500, 500)
INFO - 2025-12-18 18:38:38 - Chrom_Data.py:209 - Loading chrX ...
INFO - 2025-12-18 18:38:39 - genome_bin_data.py:390 - Chromosome chrX node weights shape (MxN): (62, 500)
INFO - 2025-12-18 18:38:39 - Chrom_Data.py:230 - Freed memory for chrX's index_list
INFO - 2025-12-18 18:38:41 - genome_bin_data.py:540 - Chromosome chrX adjacency matrices shape (MxNxN): (62, 500, 500)
INFO - 2025-12-18 18:38:41 - Chrom_Data.py:209 - Loading chr8 ...
INFO - 2025-12-18 18:38:41 - genome_bin_data.py:390 - Chromosome chr8 node weights shape (MxN): (58, 500)
INFO - 2025-12-18 18:38:41 - Chrom_Data.py:230 - Freed memory for chr8's index_list
INFO - 2025-12-18 18:38:43 - genome_bin_data.py:540 - Chromosome chr8 adjacency matrices shape (MxNxN): (58, 500, 500)
INFO - 2025-12-18 18:38:43 - Chrom_Data.py:209 - Loading chr9 ...
INFO - 2025-12-18 18:38:43 - genome_bin_data.py:390 - Chromosome chr9 node weights shape (MxN): (55, 500)
INFO - 2025-12-18 18:38:43 - Chrom_Data.py:230 - Freed memory for chr9's index_list
WARNING - 2025-12-18 18:38:44 - genome_bin_data.py:517 - No Hi-C data found in chr9 for window 18 (45000000-50000000)
WARNING - 2025-12-18 18:38:44 - genome_bin_data.py:517 - No Hi-C data found in chr9 for window 19 (47500000-52500000)
WARNING - 2025-12-18 18:38:44 - genome_bin_data.py:517 - No Hi-C data found in chr9 for window 20 (50000000-55000000)
WARNING - 2025-12-18 18:38:44 - genome_bin_data.py:517 - No Hi-C data found in chr9 for window 21 (52500000-57500000)
WARNING - 2025-12-18 18:38:44 - genome_bin_data.py:517 - No Hi-C data found in chr9 for window 22 (55000000-60000000)
INFO - 2025-12-18 18:38:45 - genome_bin_data.py:540 - Chromosome chr9 adjacency matrices shape (MxNxN): (55, 500, 500)
INFO - 2025-12-18 18:38:45 - Chrom_Data.py:209 - Loading chr11 ...
INFO - 2025-12-18 18:38:45 - genome_bin_data.py:390 - Chromosome chr11 node weights shape (MxN): (54, 500)
INFO - 2025-12-18 18:38:46 - Chrom_Data.py:230 - Freed memory for chr11's index_list
INFO - 2025-12-18 18:38:47 - genome_bin_data.py:540 - Chromosome chr11 adjacency matrices shape (MxNxN): (54, 500, 500)
INFO - 2025-12-18 18:38:47 - Chrom_Data.py:209 - Loading chr10 ...
INFO - 2025-12-18 18:38:48 - genome_bin_data.py:390 - Chromosome chr10 node weights shape (MxN): (53, 500)
INFO - 2025-12-18 18:38:48 - Chrom_Data.py:230 - Freed memory for chr10's index_list
INFO - 2025-12-18 18:38:49 - genome_bin_data.py:540 - Chromosome chr10 adjacency matrices shape (MxNxN): (53, 500, 500)
INFO - 2025-12-18 18:38:49 - Chrom_Data.py:209 - Loading chr12 ...
INFO - 2025-12-18 18:38:50 - genome_bin_data.py:390 - Chromosome chr12 node weights shape (MxN): (53, 500)
INFO - 2025-12-18 18:38:50 - Chrom_Data.py:230 - Freed memory for chr12's index_list
INFO - 2025-12-18 18:38:51 - genome_bin_data.py:540 - Chromosome chr12 adjacency matrices shape (MxNxN): (53, 500, 500)
INFO - 2025-12-18 18:38:51 - Chrom_Data.py:209 - Loading chr13 ...
INFO - 2025-12-18 18:38:52 - genome_bin_data.py:390 - Chromosome chr13 node weights shape (MxN): (45, 500)
INFO - 2025-12-18 18:38:52 - Chrom_Data.py:230 - Freed memory for chr13's index_list
WARNING - 2025-12-18 18:38:52 - genome_bin_data.py:517 - No Hi-C data found in chr13 for window 0 (0-5000000)
WARNING - 2025-12-18 18:38:52 - genome_bin_data.py:517 - No Hi-C data found in chr13 for window 1 (2500000-7500000)
WARNING - 2025-12-18 18:38:52 - genome_bin_data.py:517 - No Hi-C data found in chr13 for window 2 (5000000-10000000)
WARNING - 2025-12-18 18:38:52 - genome_bin_data.py:517 - No Hi-C data found in chr13 for window 3 (7500000-12500000)
WARNING - 2025-12-18 18:38:52 - genome_bin_data.py:517 - No Hi-C data found in chr13 for window 4 (10000000-15000000)
WARNING - 2025-12-18 18:38:52 - genome_bin_data.py:517 - No Hi-C data found in chr13 for window 5 (12500000-17500000)
INFO - 2025-12-18 18:38:53 - genome_bin_data.py:540 - Chromosome chr13 adjacency matrices shape (MxNxN): (45, 500, 500)
INFO - 2025-12-18 18:38:53 - Chrom_Data.py:209 - Loading chr14 ...
INFO - 2025-12-18 18:38:53 - genome_bin_data.py:390 - Chromosome chr14 node weights shape (MxN): (42, 500)
INFO - 2025-12-18 18:38:53 - Chrom_Data.py:230 - Freed memory for chr14's index_list
WARNING - 2025-12-18 18:38:53 - genome_bin_data.py:517 - No Hi-C data found in chr14 for window 0 (0-5000000)
WARNING - 2025-12-18 18:38:53 - genome_bin_data.py:517 - No Hi-C data found in chr14 for window 1 (2500000-7500000)
WARNING - 2025-12-18 18:38:53 - genome_bin_data.py:517 - No Hi-C data found in chr14 for window 2 (5000000-10000000)
WARNING - 2025-12-18 18:38:53 - genome_bin_data.py:517 - No Hi-C data found in chr14 for window 3 (7500000-12500000)
WARNING - 2025-12-18 18:38:53 - genome_bin_data.py:517 - No Hi-C data found in chr14 for window 4 (10000000-15000000)
WARNING - 2025-12-18 18:38:53 - genome_bin_data.py:517 - No Hi-C data found in chr14 for window 5 (12500000-17500000)
INFO - 2025-12-18 18:38:54 - genome_bin_data.py:540 - Chromosome chr14 adjacency matrices shape (MxNxN): (42, 500, 500)
INFO - 2025-12-18 18:38:54 - Chrom_Data.py:209 - Loading chr15 ...
INFO - 2025-12-18 18:38:55 - genome_bin_data.py:390 - Chromosome chr15 node weights shape (MxN): (40, 500)
INFO - 2025-12-18 18:38:55 - Chrom_Data.py:230 - Freed memory for chr15's index_list
WARNING - 2025-12-18 18:38:55 - genome_bin_data.py:517 - No Hi-C data found in chr15 for window 0 (0-5000000)
WARNING - 2025-12-18 18:38:55 - genome_bin_data.py:517 - No Hi-C data found in chr15 for window 1 (2500000-7500000)
WARNING - 2025-12-18 18:38:55 - genome_bin_data.py:517 - No Hi-C data found in chr15 for window 2 (5000000-10000000)
WARNING - 2025-12-18 18:38:55 - genome_bin_data.py:517 - No Hi-C data found in chr15 for window 3 (7500000-12500000)
WARNING - 2025-12-18 18:38:55 - genome_bin_data.py:517 - No Hi-C data found in chr15 for window 4 (10000000-15000000)
WARNING - 2025-12-18 18:38:55 - genome_bin_data.py:517 - No Hi-C data found in chr15 for window 5 (12500000-17500000)
INFO - 2025-12-18 18:38:55 - genome_bin_data.py:540 - Chromosome chr15 adjacency matrices shape (MxNxN): (40, 500, 500)
INFO - 2025-12-18 18:38:56 - Chrom_Data.py:209 - Loading chr16 ...
INFO - 2025-12-18 18:38:56 - genome_bin_data.py:390 - Chromosome chr16 node weights shape (MxN): (36, 500)
INFO - 2025-12-18 18:38:56 - Chrom_Data.py:230 - Freed memory for chr16's index_list
WARNING - 2025-12-18 18:38:56 - genome_bin_data.py:517 - No Hi-C data found in chr16 for window 15 (37500000-42500000)
WARNING - 2025-12-18 18:38:56 - genome_bin_data.py:517 - No Hi-C data found in chr16 for window 16 (40000000-45000000)
INFO - 2025-12-18 18:38:57 - genome_bin_data.py:540 - Chromosome chr16 adjacency matrices shape (MxNxN): (36, 500, 500)
INFO - 2025-12-18 18:38:57 - Chrom_Data.py:209 - Loading chr17 ...
INFO - 2025-12-18 18:38:57 - genome_bin_data.py:390 - Chromosome chr17 node weights shape (MxN): (33, 500)
INFO - 2025-12-18 18:38:57 - Chrom_Data.py:230 - Freed memory for chr17's index_list
INFO - 2025-12-18 18:38:58 - genome_bin_data.py:540 - Chromosome chr17 adjacency matrices shape (MxNxN): (33, 500, 500)
INFO - 2025-12-18 18:38:58 - Chrom_Data.py:209 - Loading chr18 ...
INFO - 2025-12-18 18:38:59 - genome_bin_data.py:390 - Chromosome chr18 node weights shape (MxN): (32, 500)
INFO - 2025-12-18 18:38:59 - Chrom_Data.py:230 - Freed memory for chr18's index_list
INFO - 2025-12-18 18:38:59 - genome_bin_data.py:540 - Chromosome chr18 adjacency matrices shape (MxNxN): (32, 500, 500)
INFO - 2025-12-18 18:39:00 - Chrom_Data.py:209 - Loading chr20 ...
INFO - 2025-12-18 18:39:00 - genome_bin_data.py:390 - Chromosome chr20 node weights shape (MxN): (25, 500)
INFO - 2025-12-18 18:39:00 - Chrom_Data.py:230 - Freed memory for chr20's index_list
INFO - 2025-12-18 18:39:00 - genome_bin_data.py:540 - Chromosome chr20 adjacency matrices shape (MxNxN): (25, 500, 500)
INFO - 2025-12-18 18:39:00 - Chrom_Data.py:209 - Loading chr19 ...
INFO - 2025-12-18 18:39:01 - genome_bin_data.py:390 - Chromosome chr19 node weights shape (MxN): (23, 500)
INFO - 2025-12-18 18:39:01 - Chrom_Data.py:230 - Freed memory for chr19's index_list
INFO - 2025-12-18 18:39:01 - genome_bin_data.py:540 - Chromosome chr19 adjacency matrices shape (MxNxN): (23, 500, 500)
INFO - 2025-12-18 18:39:01 - Chrom_Data.py:209 - Loading chr22 ...
INFO - 2025-12-18 18:39:02 - genome_bin_data.py:390 - Chromosome chr22 node weights shape (MxN): (20, 500)
INFO - 2025-12-18 18:39:02 - Chrom_Data.py:230 - Freed memory for chr22's index_list
WARNING - 2025-12-18 18:39:02 - genome_bin_data.py:517 - No Hi-C data found in chr22 for window 0 (0-5000000)
WARNING - 2025-12-18 18:39:02 - genome_bin_data.py:517 - No Hi-C data found in chr22 for window 1 (2500000-7500000)
WARNING - 2025-12-18 18:39:02 - genome_bin_data.py:517 - No Hi-C data found in chr22 for window 2 (5000000-10000000)
INFO - 2025-12-18 18:39:02 - genome_bin_data.py:540 - Chromosome chr22 adjacency matrices shape (MxNxN): (20, 500, 500)
INFO - 2025-12-18 18:39:02 - Chrom_Data.py:209 - Loading chr21 ...
INFO - 2025-12-18 18:39:02 - genome_bin_data.py:390 - Chromosome chr21 node weights shape (MxN): (18, 500)
INFO - 2025-12-18 18:39:02 - Chrom_Data.py:230 - Freed memory for chr21's index_list
WARNING - 2025-12-18 18:39:02 - genome_bin_data.py:517 - No Hi-C data found in chr21 for window 0 (0-5000000)
INFO - 2025-12-18 18:39:03 - genome_bin_data.py:540 - Chromosome chr21 adjacency matrices shape (MxNxN): (18, 500, 500)
INFO - 2025-12-18 18:39:03 - chia_rep.py:460 - Loading HEK293T_rnapii_chiapet_rep1 ...
INFO - 2025-12-18 18:39:03 - BedGraph.py:59 - Assuming bedgraph file
INFO - 2025-12-18 18:39:03 - BedGraph.py:69 - Reading in hg38.chrom.sizes ...
INFO - 2025-12-18 18:39:03 - BedGraph.py:87 - Reading in /nfs/turbo/umms-minjilab/sionkim/chia_rep_simlinks/HEK293T_rnapii_chiapet_rep1_cov_ENCFF463PEJ.bedgraph ...
INFO - 2025-12-18 18:39:03 - Chrom_Data.py:68 - Reading in chr1 ...
INFO - 2025-12-18 18:39:20 - Chrom_Data.py:68 - Reading in chr10 ...
INFO - 2025-12-18 18:39:28 - Chrom_Data.py:68 - Reading in chr11 ...
INFO - 2025-12-18 18:39:37 - Chrom_Data.py:68 - Reading in chr12 ...
INFO - 2025-12-18 18:39:45 - Chrom_Data.py:68 - Reading in chr13 ...
INFO - 2025-12-18 18:39:50 - Chrom_Data.py:68 - Reading in chr14 ...
INFO - 2025-12-18 18:39:56 - Chrom_Data.py:68 - Reading in chr15 ...
INFO - 2025-12-18 18:40:02 - Chrom_Data.py:68 - Reading in chr16 ...
INFO - 2025-12-18 18:40:08 - Chrom_Data.py:68 - Reading in chr17 ...
INFO - 2025-12-18 18:40:17 - Chrom_Data.py:68 - Reading in chr18 ...
INFO - 2025-12-18 18:40:21 - Chrom_Data.py:68 - Reading in chr19 ...
INFO - 2025-12-18 18:40:26 - Chrom_Data.py:68 - Reading in chr2 ...
INFO - 2025-12-18 18:40:38 - Chrom_Data.py:68 - Reading in chr20 ...
INFO - 2025-12-18 18:40:43 - Chrom_Data.py:68 - Reading in chr21 ...
INFO - 2025-12-18 18:40:44 - Chrom_Data.py:68 - Reading in chr22 ...
INFO - 2025-12-18 18:40:48 - Chrom_Data.py:68 - Reading in chr3 ...
INFO - 2025-12-18 18:40:58 - Chrom_Data.py:68 - Reading in chr4 ...
INFO - 2025-12-18 18:41:07 - Chrom_Data.py:68 - Reading in chr5 ...
INFO - 2025-12-18 18:41:18 - Chrom_Data.py:68 - Reading in chr6 ...
INFO - 2025-12-18 18:41:29 - Chrom_Data.py:68 - Reading in chr7 ...
INFO - 2025-12-18 18:41:38 - Chrom_Data.py:68 - Reading in chr8 ...
INFO - 2025-12-18 18:41:45 - Chrom_Data.py:68 - Reading in chr9 ...
INFO - 2025-12-18 18:41:51 - Chrom_Data.py:68 - Reading in chrM ...
INFO - 2025-12-18 18:41:51 - Chrom_Data.py:68 - Reading in chrX ...
INFO - 2025-12-18 18:41:58 - Chrom_Data.py:68 - Reading in chrY ...
INFO - 2025-12-18 18:41:58 - genome_bin_data.py:340 - Chromosomes detected in /nfs/turbo/umms-minjilab/sionkim/chia_rep_simlinks/HEK293T_rnapii_chiapet_rep1_contact_ENCFF750KFK.hic: ['ALL', '1', '2', '3', '4', '5', '6', '7', '8', '9', '10', '11', '12', '13', '14', '15', '16', '17', '18', '19', '20', '21', '22', 'X', 'Y', 'M']
INFO - 2025-12-18 18:41:58 - Chrom_Data.py:209 - Loading chr1 ...
INFO - 2025-12-18 18:41:59 - genome_bin_data.py:390 - Chromosome chr1 node weights shape (MxN): (99, 500)
INFO - 2025-12-18 18:41:59 - Chrom_Data.py:230 - Freed memory for chr1's index_list
WARNING - 2025-12-18 18:42:00 - genome_bin_data.py:517 - No Hi-C data found in chr1 for window 51 (127500000-132500000)
WARNING - 2025-12-18 18:42:00 - genome_bin_data.py:517 - No Hi-C data found in chr1 for window 52 (130000000-135000000)
WARNING - 2025-12-18 18:42:00 - genome_bin_data.py:517 - No Hi-C data found in chr1 for window 53 (132500000-137500000)
WARNING - 2025-12-18 18:42:00 - genome_bin_data.py:517 - No Hi-C data found in chr1 for window 54 (135000000-140000000)
WARNING - 2025-12-18 18:42:00 - genome_bin_data.py:517 - No Hi-C data found in chr1 for window 55 (137500000-142500000)
INFO - 2025-12-18 18:42:01 - genome_bin_data.py:540 - Chromosome chr1 adjacency matrices shape (MxNxN): (99, 500, 500)
INFO - 2025-12-18 18:42:02 - Chrom_Data.py:209 - Loading chr2 ...
INFO - 2025-12-18 18:42:03 - genome_bin_data.py:390 - Chromosome chr2 node weights shape (MxN): (96, 500)
INFO - 2025-12-18 18:42:03 - Chrom_Data.py:230 - Freed memory for chr2's index_list
INFO - 2025-12-18 18:42:05 - genome_bin_data.py:540 - Chromosome chr2 adjacency matrices shape (MxNxN): (96, 500, 500)
INFO - 2025-12-18 18:42:05 - Chrom_Data.py:209 - Loading chr3 ...
INFO - 2025-12-18 18:42:06 - genome_bin_data.py:390 - Chromosome chr3 node weights shape (MxN): (79, 500)
INFO - 2025-12-18 18:42:06 - Chrom_Data.py:230 - Freed memory for chr3's index_list
INFO - 2025-12-18 18:42:08 - genome_bin_data.py:540 - Chromosome chr3 adjacency matrices shape (MxNxN): (79, 500, 500)
INFO - 2025-12-18 18:42:08 - Chrom_Data.py:209 - Loading chr4 ...
INFO - 2025-12-18 18:42:09 - genome_bin_data.py:390 - Chromosome chr4 node weights shape (MxN): (76, 500)
INFO - 2025-12-18 18:42:09 - Chrom_Data.py:230 - Freed memory for chr4's index_list
INFO - 2025-12-18 18:42:11 - genome_bin_data.py:540 - Chromosome chr4 adjacency matrices shape (MxNxN): (76, 500, 500)
INFO - 2025-12-18 18:42:11 - Chrom_Data.py:209 - Loading chr5 ...
INFO - 2025-12-18 18:42:12 - genome_bin_data.py:390 - Chromosome chr5 node weights shape (MxN): (72, 500)
INFO - 2025-12-18 18:42:12 - Chrom_Data.py:230 - Freed memory for chr5's index_list
INFO - 2025-12-18 18:42:14 - genome_bin_data.py:540 - Chromosome chr5 adjacency matrices shape (MxNxN): (72, 500, 500)
INFO - 2025-12-18 18:42:14 - Chrom_Data.py:209 - Loading chr6 ...
INFO - 2025-12-18 18:42:15 - genome_bin_data.py:390 - Chromosome chr6 node weights shape (MxN): (68, 500)
INFO - 2025-12-18 18:42:15 - Chrom_Data.py:230 - Freed memory for chr6's index_list
INFO - 2025-12-18 18:42:16 - genome_bin_data.py:540 - Chromosome chr6 adjacency matrices shape (MxNxN): (68, 500, 500)
INFO - 2025-12-18 18:42:16 - Chrom_Data.py:209 - Loading chr7 ...
INFO - 2025-12-18 18:42:17 - genome_bin_data.py:390 - Chromosome chr7 node weights shape (MxN): (63, 500)
INFO - 2025-12-18 18:42:17 - Chrom_Data.py:230 - Freed memory for chr7's index_list
INFO - 2025-12-18 18:42:19 - genome_bin_data.py:540 - Chromosome chr7 adjacency matrices shape (MxNxN): (63, 500, 500)
INFO - 2025-12-18 18:42:19 - Chrom_Data.py:209 - Loading chrX ...
INFO - 2025-12-18 18:42:19 - genome_bin_data.py:390 - Chromosome chrX node weights shape (MxN): (62, 500)
INFO - 2025-12-18 18:42:19 - Chrom_Data.py:230 - Freed memory for chrX's index_list
INFO - 2025-12-18 18:42:21 - genome_bin_data.py:540 - Chromosome chrX adjacency matrices shape (MxNxN): (62, 500, 500)
INFO - 2025-12-18 18:42:21 - Chrom_Data.py:209 - Loading chr8 ...
INFO - 2025-12-18 18:42:22 - genome_bin_data.py:390 - Chromosome chr8 node weights shape (MxN): (58, 500)
INFO - 2025-12-18 18:42:22 - Chrom_Data.py:230 - Freed memory for chr8's index_list
INFO - 2025-12-18 18:42:23 - genome_bin_data.py:540 - Chromosome chr8 adjacency matrices shape (MxNxN): (58, 500, 500)
INFO - 2025-12-18 18:42:23 - Chrom_Data.py:209 - Loading chr9 ...
INFO - 2025-12-18 18:42:24 - genome_bin_data.py:390 - Chromosome chr9 node weights shape (MxN): (55, 500)
INFO - 2025-12-18 18:42:24 - Chrom_Data.py:230 - Freed memory for chr9's index_list
WARNING - 2025-12-18 18:42:24 - genome_bin_data.py:517 - No Hi-C data found in chr9 for window 18 (45000000-50000000)
WARNING - 2025-12-18 18:42:24 - genome_bin_data.py:517 - No Hi-C data found in chr9 for window 19 (47500000-52500000)
WARNING - 2025-12-18 18:42:24 - genome_bin_data.py:517 - No Hi-C data found in chr9 for window 20 (50000000-55000000)
WARNING - 2025-12-18 18:42:24 - genome_bin_data.py:517 - No Hi-C data found in chr9 for window 21 (52500000-57500000)
WARNING - 2025-12-18 18:42:24 - genome_bin_data.py:517 - No Hi-C data found in chr9 for window 22 (55000000-60000000)
INFO - 2025-12-18 18:42:25 - genome_bin_data.py:540 - Chromosome chr9 adjacency matrices shape (MxNxN): (55, 500, 500)
INFO - 2025-12-18 18:42:25 - Chrom_Data.py:209 - Loading chr11 ...
INFO - 2025-12-18 18:42:26 - genome_bin_data.py:390 - Chromosome chr11 node weights shape (MxN): (54, 500)
INFO - 2025-12-18 18:42:26 - Chrom_Data.py:230 - Freed memory for chr11's index_list
INFO - 2025-12-18 18:42:27 - genome_bin_data.py:540 - Chromosome chr11 adjacency matrices shape (MxNxN): (54, 500, 500)
INFO - 2025-12-18 18:42:27 - Chrom_Data.py:209 - Loading chr10 ...
INFO - 2025-12-18 18:42:28 - genome_bin_data.py:390 - Chromosome chr10 node weights shape (MxN): (53, 500)
INFO - 2025-12-18 18:42:28 - Chrom_Data.py:230 - Freed memory for chr10's index_list
INFO - 2025-12-18 18:42:29 - genome_bin_data.py:540 - Chromosome chr10 adjacency matrices shape (MxNxN): (53, 500, 500)
INFO - 2025-12-18 18:42:29 - Chrom_Data.py:209 - Loading chr12 ...
INFO - 2025-12-18 18:42:30 - genome_bin_data.py:390 - Chromosome chr12 node weights shape (MxN): (53, 500)
INFO - 2025-12-18 18:42:30 - Chrom_Data.py:230 - Freed memory for chr12's index_list
INFO - 2025-12-18 18:42:31 - genome_bin_data.py:540 - Chromosome chr12 adjacency matrices shape (MxNxN): (53, 500, 500)
INFO - 2025-12-18 18:42:31 - Chrom_Data.py:209 - Loading chr13 ...
INFO - 2025-12-18 18:42:32 - genome_bin_data.py:390 - Chromosome chr13 node weights shape (MxN): (45, 500)
INFO - 2025-12-18 18:42:32 - Chrom_Data.py:230 - Freed memory for chr13's index_list
WARNING - 2025-12-18 18:42:32 - genome_bin_data.py:517 - No Hi-C data found in chr13 for window 0 (0-5000000)
WARNING - 2025-12-18 18:42:32 - genome_bin_data.py:517 - No Hi-C data found in chr13 for window 1 (2500000-7500000)
WARNING - 2025-12-18 18:42:32 - genome_bin_data.py:517 - No Hi-C data found in chr13 for window 2 (5000000-10000000)
WARNING - 2025-12-18 18:42:32 - genome_bin_data.py:517 - No Hi-C data found in chr13 for window 3 (7500000-12500000)
WARNING - 2025-12-18 18:42:32 - genome_bin_data.py:517 - No Hi-C data found in chr13 for window 4 (10000000-15000000)
WARNING - 2025-12-18 18:42:32 - genome_bin_data.py:517 - No Hi-C data found in chr13 for window 5 (12500000-17500000)
INFO - 2025-12-18 18:42:33 - genome_bin_data.py:540 - Chromosome chr13 adjacency matrices shape (MxNxN): (45, 500, 500)
INFO - 2025-12-18 18:42:33 - Chrom_Data.py:209 - Loading chr14 ...
INFO - 2025-12-18 18:42:33 - genome_bin_data.py:390 - Chromosome chr14 node weights shape (MxN): (42, 500)
INFO - 2025-12-18 18:42:33 - Chrom_Data.py:230 - Freed memory for chr14's index_list
WARNING - 2025-12-18 18:42:33 - genome_bin_data.py:517 - No Hi-C data found in chr14 for window 0 (0-5000000)
WARNING - 2025-12-18 18:42:33 - genome_bin_data.py:517 - No Hi-C data found in chr14 for window 1 (2500000-7500000)
WARNING - 2025-12-18 18:42:33 - genome_bin_data.py:517 - No Hi-C data found in chr14 for window 2 (5000000-10000000)
WARNING - 2025-12-18 18:42:33 - genome_bin_data.py:517 - No Hi-C data found in chr14 for window 3 (7500000-12500000)
WARNING - 2025-12-18 18:42:33 - genome_bin_data.py:517 - No Hi-C data found in chr14 for window 4 (10000000-15000000)
WARNING - 2025-12-18 18:42:33 - genome_bin_data.py:517 - No Hi-C data found in chr14 for window 5 (12500000-17500000)
INFO - 2025-12-18 18:42:34 - genome_bin_data.py:540 - Chromosome chr14 adjacency matrices shape (MxNxN): (42, 500, 500)
INFO - 2025-12-18 18:42:34 - Chrom_Data.py:209 - Loading chr15 ...
INFO - 2025-12-18 18:42:35 - genome_bin_data.py:390 - Chromosome chr15 node weights shape (MxN): (40, 500)
INFO - 2025-12-18 18:42:35 - Chrom_Data.py:230 - Freed memory for chr15's index_list
WARNING - 2025-12-18 18:42:35 - genome_bin_data.py:517 - No Hi-C data found in chr15 for window 0 (0-5000000)
WARNING - 2025-12-18 18:42:35 - genome_bin_data.py:517 - No Hi-C data found in chr15 for window 1 (2500000-7500000)
WARNING - 2025-12-18 18:42:35 - genome_bin_data.py:517 - No Hi-C data found in chr15 for window 2 (5000000-10000000)
WARNING - 2025-12-18 18:42:35 - genome_bin_data.py:517 - No Hi-C data found in chr15 for window 3 (7500000-12500000)
WARNING - 2025-12-18 18:42:35 - genome_bin_data.py:517 - No Hi-C data found in chr15 for window 4 (10000000-15000000)
INFO - 2025-12-18 18:42:36 - genome_bin_data.py:540 - Chromosome chr15 adjacency matrices shape (MxNxN): (40, 500, 500)
INFO - 2025-12-18 18:42:36 - Chrom_Data.py:209 - Loading chr16 ...
INFO - 2025-12-18 18:42:36 - genome_bin_data.py:390 - Chromosome chr16 node weights shape (MxN): (36, 500)
INFO - 2025-12-18 18:42:36 - Chrom_Data.py:230 - Freed memory for chr16's index_list
WARNING - 2025-12-18 18:42:37 - genome_bin_data.py:517 - No Hi-C data found in chr16 for window 16 (40000000-45000000)
INFO - 2025-12-18 18:42:37 - genome_bin_data.py:540 - Chromosome chr16 adjacency matrices shape (MxNxN): (36, 500, 500)
INFO - 2025-12-18 18:42:37 - Chrom_Data.py:209 - Loading chr17 ...
INFO - 2025-12-18 18:42:38 - genome_bin_data.py:390 - Chromosome chr17 node weights shape (MxN): (33, 500)
INFO - 2025-12-18 18:42:38 - Chrom_Data.py:230 - Freed memory for chr17's index_list
INFO - 2025-12-18 18:42:38 - genome_bin_data.py:540 - Chromosome chr17 adjacency matrices shape (MxNxN): (33, 500, 500)
INFO - 2025-12-18 18:42:38 - Chrom_Data.py:209 - Loading chr18 ...
INFO - 2025-12-18 18:42:39 - genome_bin_data.py:390 - Chromosome chr18 node weights shape (MxN): (32, 500)
INFO - 2025-12-18 18:42:39 - Chrom_Data.py:230 - Freed memory for chr18's index_list
INFO - 2025-12-18 18:42:40 - genome_bin_data.py:540 - Chromosome chr18 adjacency matrices shape (MxNxN): (32, 500, 500)
INFO - 2025-12-18 18:42:40 - Chrom_Data.py:209 - Loading chr20 ...
INFO - 2025-12-18 18:42:40 - genome_bin_data.py:390 - Chromosome chr20 node weights shape (MxN): (25, 500)
INFO - 2025-12-18 18:42:40 - Chrom_Data.py:230 - Freed memory for chr20's index_list
INFO - 2025-12-18 18:42:41 - genome_bin_data.py:540 - Chromosome chr20 adjacency matrices shape (MxNxN): (25, 500, 500)
INFO - 2025-12-18 18:42:41 - Chrom_Data.py:209 - Loading chr19 ...
INFO - 2025-12-18 18:42:41 - genome_bin_data.py:390 - Chromosome chr19 node weights shape (MxN): (23, 500)
INFO - 2025-12-18 18:42:41 - Chrom_Data.py:230 - Freed memory for chr19's index_list
INFO - 2025-12-18 18:42:42 - genome_bin_data.py:540 - Chromosome chr19 adjacency matrices shape (MxNxN): (23, 500, 500)
INFO - 2025-12-18 18:42:42 - Chrom_Data.py:209 - Loading chr22 ...
INFO - 2025-12-18 18:42:42 - genome_bin_data.py:390 - Chromosome chr22 node weights shape (MxN): (20, 500)
INFO - 2025-12-18 18:42:42 - Chrom_Data.py:230 - Freed memory for chr22's index_list
WARNING - 2025-12-18 18:42:42 - genome_bin_data.py:517 - No Hi-C data found in chr22 for window 0 (0-5000000)
WARNING - 2025-12-18 18:42:42 - genome_bin_data.py:517 - No Hi-C data found in chr22 for window 1 (2500000-7500000)
WARNING - 2025-12-18 18:42:42 - genome_bin_data.py:517 - No Hi-C data found in chr22 for window 2 (5000000-10000000)
INFO - 2025-12-18 18:42:42 - genome_bin_data.py:540 - Chromosome chr22 adjacency matrices shape (MxNxN): (20, 500, 500)
INFO - 2025-12-18 18:42:42 - Chrom_Data.py:209 - Loading chr21 ...
INFO - 2025-12-18 18:42:43 - genome_bin_data.py:390 - Chromosome chr21 node weights shape (MxN): (18, 500)
INFO - 2025-12-18 18:42:43 - Chrom_Data.py:230 - Freed memory for chr21's index_list
WARNING - 2025-12-18 18:42:43 - genome_bin_data.py:517 - No Hi-C data found in chr21 for window 0 (0-5000000)
INFO - 2025-12-18 18:42:43 - genome_bin_data.py:540 - Chromosome chr21 adjacency matrices shape (MxNxN): (18, 500, 500)
INFO - 2025-12-18 18:42:43 - chia_rep.py:216 - Compare GM12878_rnapii_chiapet_rep1_GM12878_rnapii_chiapet_rep2
INFO - 2025-12-18 18:42:43 - genome_bin_data.py:665 - Chromosomes to compare: ['chr1', 'chr2', 'chr3', 'chr4', 'chr5', 'chr6', 'chr7', 'chrX', 'chr8', 'chr9', 'chr11', 'chr10', 'chr12', 'chr13', 'chr14', 'chr15', 'chr16', 'chr17', 'chr18', 'chr20', 'chr19', 'chr22', 'chr21']
INFO - 2025-12-18 18:42:43 - genome_bin_data.py:679 - Comparing chr1 ...
INFO - 2025-12-18 18:42:53 - genome_bin_data.py:679 - Comparing chr2 ...
INFO - 2025-12-18 18:43:06 - genome_bin_data.py:679 - Comparing chr3 ...
INFO - 2025-12-18 18:43:15 - genome_bin_data.py:679 - Comparing chr4 ...
INFO - 2025-12-18 18:43:24 - genome_bin_data.py:679 - Comparing chr5 ...
INFO - 2025-12-18 18:43:33 - genome_bin_data.py:679 - Comparing chr6 ...
INFO - 2025-12-18 18:43:41 - genome_bin_data.py:679 - Comparing chr7 ...
INFO - 2025-12-18 18:43:48 - genome_bin_data.py:679 - Comparing chrX ...
INFO - 2025-12-18 18:43:56 - genome_bin_data.py:679 - Comparing chr8 ...
INFO - 2025-12-18 18:44:04 - genome_bin_data.py:679 - Comparing chr9 ...
INFO - 2025-12-18 18:44:09 - genome_bin_data.py:679 - Comparing chr11 ...
INFO - 2025-12-18 18:44:15 - genome_bin_data.py:679 - Comparing chr10 ...
INFO - 2025-12-18 18:44:21 - genome_bin_data.py:679 - Comparing chr12 ...
INFO - 2025-12-18 18:44:27 - genome_bin_data.py:679 - Comparing chr13 ...
INFO - 2025-12-18 18:44:33 - genome_bin_data.py:679 - Comparing chr14 ...
INFO - 2025-12-18 18:44:37 - genome_bin_data.py:679 - Comparing chr15 ...
INFO - 2025-12-18 18:44:41 - genome_bin_data.py:679 - Comparing chr16 ...
INFO - 2025-12-18 18:44:45 - genome_bin_data.py:679 - Comparing chr17 ...
INFO - 2025-12-18 18:44:50 - genome_bin_data.py:679 - Comparing chr18 ...
INFO - 2025-12-18 18:44:53 - genome_bin_data.py:679 - Comparing chr20 ...
INFO - 2025-12-18 18:44:57 - genome_bin_data.py:679 - Comparing chr19 ...
INFO - 2025-12-18 18:45:00 - genome_bin_data.py:679 - Comparing chr22 ...
INFO - 2025-12-18 18:45:02 - genome_bin_data.py:679 - Comparing chr21 ...
INFO - 2025-12-18 18:45:03 - chia_rep.py:248 - GM12878_rnapii_chiapet_rep1_GM12878_rnapii_chiapet_rep2 random_walk: 0.628
INFO - 2025-12-18 18:45:03 - chia_rep.py:216 - Compare GM12878_rnapii_chiapet_rep1_HEK293T_rnapii_chiapet_rep1
INFO - 2025-12-18 18:45:03 - genome_bin_data.py:665 - Chromosomes to compare: ['chr1', 'chr2', 'chr3', 'chr4', 'chr5', 'chr6', 'chr7', 'chrX', 'chr8', 'chr9', 'chr11', 'chr10', 'chr12', 'chr13', 'chr14', 'chr15', 'chr16', 'chr17', 'chr18', 'chr20', 'chr19', 'chr22', 'chr21']
INFO - 2025-12-18 18:45:03 - genome_bin_data.py:679 - Comparing chr1 ...
INFO - 2025-12-18 18:45:15 - genome_bin_data.py:679 - Comparing chr2 ...
INFO - 2025-12-18 18:45:26 - genome_bin_data.py:679 - Comparing chr3 ...
INFO - 2025-12-18 18:45:36 - genome_bin_data.py:679 - Comparing chr4 ...
INFO - 2025-12-18 18:45:44 - genome_bin_data.py:679 - Comparing chr5 ...
INFO - 2025-12-18 18:45:53 - genome_bin_data.py:679 - Comparing chr6 ...
INFO - 2025-12-18 18:46:00 - genome_bin_data.py:679 - Comparing chr7 ...
INFO - 2025-12-18 18:46:08 - genome_bin_data.py:679 - Comparing chrX ...
INFO - 2025-12-18 18:46:15 - genome_bin_data.py:679 - Comparing chr8 ...
INFO - 2025-12-18 18:46:23 - genome_bin_data.py:679 - Comparing chr9 ...
INFO - 2025-12-18 18:46:28 - genome_bin_data.py:679 - Comparing chr11 ...
INFO - 2025-12-18 18:46:35 - genome_bin_data.py:679 - Comparing chr10 ...
INFO - 2025-12-18 18:46:41 - genome_bin_data.py:679 - Comparing chr12 ...
INFO - 2025-12-18 18:46:48 - genome_bin_data.py:679 - Comparing chr13 ...
INFO - 2025-12-18 18:46:52 - genome_bin_data.py:679 - Comparing chr14 ...
INFO - 2025-12-18 18:46:57 - genome_bin_data.py:679 - Comparing chr15 ...
INFO - 2025-12-18 18:47:01 - genome_bin_data.py:679 - Comparing chr16 ...
INFO - 2025-12-18 18:47:04 - genome_bin_data.py:679 - Comparing chr17 ...
INFO - 2025-12-18 18:47:08 - genome_bin_data.py:679 - Comparing chr18 ...
INFO - 2025-12-18 18:47:11 - genome_bin_data.py:679 - Comparing chr20 ...
INFO - 2025-12-18 18:47:15 - genome_bin_data.py:679 - Comparing chr19 ...
INFO - 2025-12-18 18:47:17 - genome_bin_data.py:679 - Comparing chr22 ...
INFO - 2025-12-18 18:47:19 - genome_bin_data.py:679 - Comparing chr21 ...
INFO - 2025-12-18 18:47:20 - chia_rep.py:248 - GM12878_rnapii_chiapet_rep1_HEK293T_rnapii_chiapet_rep1 random_walk: 0.0977
INFO - 2025-12-18 18:47:20 - chia_rep.py:216 - Compare GM12878_rnapii_chiapet_rep2_HEK293T_rnapii_chiapet_rep1
INFO - 2025-12-18 18:47:20 - genome_bin_data.py:665 - Chromosomes to compare: ['chr1', 'chr2', 'chr3', 'chr4', 'chr5', 'chr6', 'chr7', 'chrX', 'chr8', 'chr9', 'chr11', 'chr10', 'chr12', 'chr13', 'chr14', 'chr15', 'chr16', 'chr17', 'chr18', 'chr20', 'chr19', 'chr22', 'chr21']
INFO - 2025-12-18 18:47:20 - genome_bin_data.py:679 - Comparing chr1 ...
INFO - 2025-12-18 18:47:32 - genome_bin_data.py:679 - Comparing chr2 ...
INFO - 2025-12-18 18:47:43 - genome_bin_data.py:679 - Comparing chr3 ...
INFO - 2025-12-18 18:47:54 - genome_bin_data.py:679 - Comparing chr4 ...
INFO - 2025-12-18 18:48:03 - genome_bin_data.py:679 - Comparing chr5 ...
INFO - 2025-12-18 18:48:12 - genome_bin_data.py:679 - Comparing chr6 ...
INFO - 2025-12-18 18:48:20 - genome_bin_data.py:679 - Comparing chr7 ...
INFO - 2025-12-18 18:48:28 - genome_bin_data.py:679 - Comparing chrX ...
INFO - 2025-12-18 18:48:35 - genome_bin_data.py:679 - Comparing chr8 ...
INFO - 2025-12-18 18:48:43 - genome_bin_data.py:679 - Comparing chr9 ...
INFO - 2025-12-18 18:48:49 - genome_bin_data.py:679 - Comparing chr11 ...
INFO - 2025-12-18 18:48:56 - genome_bin_data.py:679 - Comparing chr10 ...
INFO - 2025-12-18 18:49:02 - genome_bin_data.py:679 - Comparing chr12 ...
INFO - 2025-12-18 18:49:08 - genome_bin_data.py:679 - Comparing chr13 ...
INFO - 2025-12-18 18:49:12 - genome_bin_data.py:679 - Comparing chr14 ...
INFO - 2025-12-18 18:49:17 - genome_bin_data.py:679 - Comparing chr15 ...
INFO - 2025-12-18 18:49:20 - genome_bin_data.py:679 - Comparing chr16 ...
INFO - 2025-12-18 18:49:24 - genome_bin_data.py:679 - Comparing chr17 ...
INFO - 2025-12-18 18:49:28 - genome_bin_data.py:679 - Comparing chr18 ...
INFO - 2025-12-18 18:49:32 - genome_bin_data.py:679 - Comparing chr20 ...
INFO - 2025-12-18 18:49:36 - genome_bin_data.py:679 - Comparing chr19 ...
INFO - 2025-12-18 18:49:39 - genome_bin_data.py:679 - Comparing chr22 ...
INFO - 2025-12-18 18:49:40 - genome_bin_data.py:679 - Comparing chr21 ...
INFO - 2025-12-18 18:49:42 - chia_rep.py:248 - GM12878_rnapii_chiapet_rep2_HEK293T_rnapii_chiapet_rep1 random_walk: 0.152
INFO - 2025-12-18 18:49:42 - chia_rep.py:73 - Results have been written to example_output/5000000.10000.NONE.random_walk.5.0.jsd.False.1/scores
